#
# A fatal error has been detected by the Java Runtime Environment:
#
#  SIGSEGV (0xb) at pc=0xb5c42120, pid=3139, tid=2933734256
#
# JRE version: 6.0_20-b20
# Java VM: OpenJDK Client VM (19.0-b09 mixed mode, sharing linux-x86 )
# Derivative: IcedTea6 1.9.5
# Distribution: Ubuntu 10.10, package 6b20-1.9.5-0ubuntu1
# Problematic frame:
# J  org.netbeans.editor.ext.html.dtd.DTDParser$AttributeImpl.equals(Ljava/lang/Object;)Z
#
# If you would like to submit a bug report, please include
# instructions how to reproduce the bug and visit:
#   https://bugs.launchpad.net/ubuntu/+source/openjdk-6/
#

---------------  T H R E A D  ---------------

Current thread (0x09c61400):  JavaThread "Parsing & Indexing Loop (100825-unknown-revn)" daemon [_thread_in_Java, id=3247, stack(0xaebd3000,0xaedd4000)]

siginfo:si_signo=SIGSEGV: si_errno=0, si_code=128 (), si_addr=0x00000000

Registers:
EAX=0x891f8718, EBX=0x891f86c8, ECX=0x6f889d30, EDX=0x6e053608
ESP=0xaedd263c, EBP=0xaedd2894, ESI=0xaedd2640, EDI=0xb5c083cc
EIP=0xb5c42120, CR2=0xb777c100, EFLAGS=0x00010206

Register to memory mapping:

EAX=0x891f8718
{instance class} 
 - klass: {other class}

EBX=0x891f86c8
{method} 
 - klass: {other class}

ECX=0x6f889d30
org.netbeans.editor.ext.html.dtd.DTDParser$AttributeImpl 
 - klass: 'org/netbeans/editor/ext/html/dtd/DTDParser$AttributeImpl'

EDX=0x6e053608

[error occurred during error reporting (printing registers, top of stack, instructions near pc), id 0xb]

Stack: [0xaebd3000,0xaedd4000],  sp=0xaedd263c,  free space=2045k
Native frames: (J=compiled Java code, j=interpreted, Vv=VM code, C=native code)
J  org.netbeans.editor.ext.html.dtd.DTDParser$AttributeImpl.equals(Ljava/lang/Object;)Z
j  org.netbeans.editor.ext.html.dtd.DTDParser.createDTD(Lorg/netbeans/editor/ext/html/dtd/spi/ReaderProvider;Ljava/lang/String;Ljava/lang/String;)Lorg/netbeans/editor/ext/html/dtd/DTD;+68
j  org.netbeans.editor.ext.html.dtd.Registry.parseDTD(Ljava/lang/String;Ljava/lang/String;)Lorg/netbeans/editor/ext/html/dtd/DTD;+22
j  org.netbeans.editor.ext.html.dtd.Registry.getDTD(Ljava/lang/String;Ljava/lang/String;)Lorg/netbeans/editor/ext/html/dtd/DTD;+11
j  org.netbeans.modules.html.editor.api.gsf.HtmlParserResult.getFallbackDTD(Lorg/netbeans/modules/html/editor/HtmlVersion;)Lorg/netbeans/editor/ext/html/dtd/DTD;+23
j  org.netbeans.modules.html.editor.api.gsf.HtmlParserResult.root(Ljava/lang/String;)Lorg/netbeans/editor/ext/html/parser/AstNode;+29
j  org.netbeans.modules.html.editor.api.gsf.HtmlParserResult.root()Lorg/netbeans/editor/ext/html/parser/AstNode;+8
j  org.netbeans.modules.html.editor.gsf.HtmlStructureScanner.scan(Lorg/netbeans/modules/csl/spi/ParserResult;)Ljava/util/List;+6
j  org.netbeans.modules.csl.navigation.ElementScanningTask$1.run(Lorg/netbeans/modules/parsing/api/ResultIterator;)V+52
j  org.netbeans.modules.csl.navigation.ElementScanningTask$1.run(Lorg/netbeans/modules/parsing/api/ResultIterator;)V+209
j  org.netbeans.modules.parsing.api.ParserManager$UserTaskAction.run()Ljava/lang/Void;+29
j  org.netbeans.modules.parsing.api.ParserManager$UserTaskAction.run()Ljava/lang/Object;+1
j  org.netbeans.modules.parsing.impl.TaskProcessor$1.call()Ljava/lang/Void;+4
j  org.netbeans.modules.parsing.impl.TaskProcessor$1.call()Ljava/lang/Object;+1
j  org.netbeans.modules.masterfs.filebasedfs.utils.FileChangedManager.priorityIO(Ljava/util/concurrent/Callable;)Ljava/lang/Object;+8
j  org.netbeans.modules.masterfs.providers.ProvidedExtensions.priorityIO(Ljava/util/concurrent/Callable;)Ljava/lang/Object;+1
j  org.netbeans.modules.parsing.impl.Utilities.runPriorityIO(Ljava/util/concurrent/Callable;)Ljava/lang/Object;+19
j  org.netbeans.modules.parsing.impl.TaskProcessor.runUserTask(Lorg/openide/util/Mutex$ExceptionAction;Ljava/util/Collection;)V+234
j  org.netbeans.modules.parsing.api.ParserManager.parse(Ljava/util/Collection;Lorg/netbeans/modules/parsing/api/UserTask;)V+45
j  org.netbeans.modules.csl.navigation.ElementScanningTask.run(Lorg/netbeans/modules/csl/spi/ParserResult;Lorg/netbeans/modules/parsing/spi/SchedulerEvent;)V+61
j  org.netbeans.modules.csl.navigation.ClassMemberNavigatorSourceFactory$ProxyElementScanningTask.run(Lorg/netbeans/modules/csl/spi/ParserResult;Lorg/netbeans/modules/parsing/spi/SchedulerEvent;)V+12
j  org.netbeans.modules.csl.navigation.ClassMemberNavigatorSourceFactory$ProxyElementScanningTask.run(Lorg/netbeans/modules/parsing/spi/Parser$Result;Lorg/netbeans/modules/parsing/spi/SchedulerEvent;)V+6
j  org.netbeans.modules.parsing.impl.TaskProcessor$CompilationJob.run()V+967
j  java.util.concurrent.Executors$RunnableAdapter.call()Ljava/lang/Object;+4
j  java.util.concurrent.FutureTask$Sync.innerRun()V+29
j  java.util.concurrent.FutureTask.run()V+4
j  java.util.concurrent.ThreadPoolExecutor.runWorker(Ljava/util/concurrent/ThreadPoolExecutor$Worker;)V+46
j  java.util.concurrent.ThreadPoolExecutor$Worker.run()V+5
j  java.lang.Thread.run()V+11
v  ~StubRoutines::call_stub
V  [libjvm.so+0x203db2]
V  [libjvm.so+0x302879]
V  [libjvm.so+0x202d4f]
V  [libjvm.so+0x2031aa]
V  [libjvm.so+0x203308]
V  [libjvm.so+0x255670]
V  [libjvm.so+0x3b15ec]
V  [libjvm.so+0x3b16b2]
V  [libjvm.so+0x3092a1]
C  [libpthread.so.0+0x5cc9]


---------------  P R O C E S S  ---------------

Java Threads: ( => current thread )
  0x0a285800 JavaThread "Inactive RequestProcessor thread [Was:Folder recognizer/org.openide.loaders.FolderList$ListTask]" daemon [_thread_blocked, id=3332, stack(0xaf5d8000,0xaf7d9000)]
  0x09d75400 JavaThread "Inactive RequestProcessor thread [Was:JavaSourceTaskFactory/org.netbeans.api.java.source.JavaSourceTaskFactory$1]" daemon [_thread_blocked, id=3331, stack(0xae9d2000,0xaebd3000)]
  0x09b1c800 JavaThread "Inactive RequestProcessor thread [Was:AnnotationHolder/org.netbeans.modules.editor.hints.AnnotationHolder$2$2]" daemon [_thread_blocked, id=3330, stack(0xaf7d9000,0xaf9da000)]
  0x09c19400 JavaThread "Inactive RequestProcessor thread [Was:OpenIDE-request-processor-4/org.netbeans.modules.parsing.spi.Scheduler$1]" daemon [_thread_blocked, id=3329, stack(0xb0595000,0xb0796000)]
=>0x09c61400 JavaThread "Parsing & Indexing Loop (100825-unknown-revn)" daemon [_thread_in_Java, id=3247, stack(0xaebd3000,0xaedd4000)]
  0xb4d63400 JavaThread "DestroyJavaVM" [_thread_blocked, id=3142, stack(0xb756a000,0xb776b000)]
  0xb0f5a800 JavaThread "AWT-EventQueue-1" [_thread_blocked, id=3223, stack(0xb0193000,0xb0394000)]
  0xb0f59400 JavaThread "TimerQueue" daemon [_thread_blocked, id=3222, stack(0xb14ed000,0xb16ee000)]
  0xb0f53800 JavaThread "Thread-3" daemon [_thread_blocked, id=3219, stack(0xb0796000,0xb0997000)]
  0x09bb0400 JavaThread "AWT-Shutdown" [_thread_blocked, id=3216, stack(0xb12eb000,0xb14ec000)]
  0x09b3b000 JavaThread "AWT-XAWT" daemon [_thread_blocked, id=3209, stack(0xb16ee000,0xb18ef000)]
  0x09af1800 JavaThread "Java2D Disposer" daemon [_thread_blocked, id=3204, stack(0xb193b000,0xb1b3c000)]
  0xb4d55800 JavaThread "CLI Requests Server" daemon [_thread_in_native, id=3196, stack(0xb1f3e000,0xb213f000)]
  0xb4d29800 JavaThread "Active Reference Queue Daemon" daemon [_thread_blocked, id=3172, stack(0xb3fe8000,0xb41e9000)]
  0xb4d15400 JavaThread "Timer-0" daemon [_thread_blocked, id=3171, stack(0xb41e9000,0xb43ea000)]
  0x09a3c400 JavaThread "Low Memory Detector" daemon [_thread_blocked, id=3163, stack(0xb446b000,0xb466c000)]
  0x09a3a400 JavaThread "CompilerThread0" daemon [_thread_blocked, id=3162, stack(0xb4c7f000,0xb4d00000)]
  0x09a38c00 JavaThread "Signal Dispatcher" daemon [_thread_blocked, id=3161, stack(0xb466c000,0xb486d000)]
  0x09a34400 JavaThread "Finalizer" daemon [_thread_blocked, id=3158, stack(0xb4a6d000,0xb4c6e000)]
  0x09a32c00 JavaThread "Reference Handler" daemon [_thread_blocked, id=3157, stack(0xb4e6e000,0xb506f000)]

Other Threads:
  0x09a31400 VMThread [stack: 0xb506f000,0xb50f0000] [id=3154]
  0x09a3f400 WatcherThread [stack: 0xb43ea000,0xb446b000] [id=3164]

VM state:synchronizing (normal execution)

VM Mutex/Monitor currently owned by a thread:  ([mutex/lock_event])
[0x09a01ff8] Safepoint_lock - owner thread: 0x09a31400
[0x09a02060] Threads_lock - owner thread: 0x09a31400

Heap
 def new generation   total 24384K, used 2586K [0x6dfc0000, 0x6fa30000, 0x765c0000)
  eden space 21696K,   3% used [0x6dfc0000, 0x6e093ff0, 0x6f4f0000)
  from space 2688K,  64% used [0x6f790000, 0x6f942838, 0x6fa30000)
  to   space 2688K,   0% used [0x6f4f0000, 0x6f4f0000, 0x6f790000)
 tenured generation   total 54020K, used 40860K [0x765c0000, 0x79a81000, 0x871c0000)
   the space 54020K,  75% used [0x765c0000, 0x78da70d0, 0x78da7200, 0x79a81000)
 compacting perm gen  total 33792K, used 33606K [0x871c0000, 0x892c0000, 0x939c0000)
   the space 33792K,  99% used [0x871c0000, 0x89291978, 0x89291a00, 0x892c0000)
    ro space 10240K,  73% used [0x939c0000, 0x94116e28, 0x94117000, 0x943c0000)
    rw space 12288K,  60% used [0x943c0000, 0x94aff9f8, 0x94affa00, 0x94fc0000)

Dynamic libraries:
00110000-00134000 r-xp 00000000 08:01 407769     /lib/libm-2.12.1.so
00134000-00135000 r--p 00023000 08:01 407769     /lib/libm-2.12.1.so
00135000-00136000 rw-p 00024000 08:01 407769     /lib/libm-2.12.1.so
00136000-0013d000 r-xp 00000000 08:01 407786     /lib/librt-2.12.1.so
0013d000-0013e000 r--p 00006000 08:01 407786     /lib/librt-2.12.1.so
0013e000-0013f000 rw-p 00007000 08:01 407786     /lib/librt-2.12.1.so
0013f000-00161000 r-xp 00000000 08:01 171560     /usr/lib/jvm/java-6-openjdk/jre/lib/i386/libjava.so
00161000-00162000 r--p 00021000 08:01 171560     /usr/lib/jvm/java-6-openjdk/jre/lib/i386/libjava.so
00162000-00164000 rw-p 00022000 08:01 171560     /usr/lib/jvm/java-6-openjdk/jre/lib/i386/libjava.so
00167000-00183000 r-xp 00000000 08:01 407759     /lib/ld-2.12.1.so
00183000-00184000 r--p 0001b000 08:01 407759     /lib/ld-2.12.1.so
00184000-00185000 rw-p 0001c000 08:01 407759     /lib/ld-2.12.1.so
00185000-0018b000 r-xp 00000000 08:01 171579     /usr/lib/jvm/java-6-openjdk/jre/lib/i386/native_threads/libhpi.so
0018b000-0018c000 r--p 00005000 08:01 171579     /usr/lib/jvm/java-6-openjdk/jre/lib/i386/native_threads/libhpi.so
0018c000-0018d000 rw-p 00006000 08:01 171579     /usr/lib/jvm/java-6-openjdk/jre/lib/i386/native_threads/libhpi.so
0018d000-00193000 r-xp 00000000 08:01 407773     /lib/libnss_compat-2.12.1.so
00193000-00194000 r--p 00006000 08:01 407773     /lib/libnss_compat-2.12.1.so
00194000-00195000 rw-p 00007000 08:01 407773     /lib/libnss_compat-2.12.1.so
00195000-0019e000 r-xp 00000000 08:01 407778     /lib/libnss_nis-2.12.1.so
0019e000-0019f000 r--p 00008000 08:01 407778     /lib/libnss_nis-2.12.1.so
0019f000-001a0000 rw-p 00009000 08:01 407778     /lib/libnss_nis-2.12.1.so
001a0000-00222000 r-xp 00000000 08:01 171551     /usr/lib/jvm/java-6-openjdk/jre/lib/i386/libawt.so
00222000-00223000 r--p 00081000 08:01 171551     /usr/lib/jvm/java-6-openjdk/jre/lib/i386/libawt.so
00223000-00229000 rw-p 00082000 08:01 171551     /usr/lib/jvm/java-6-openjdk/jre/lib/i386/libawt.so
00229000-0024e000 rw-p 00000000 00:00 0 
0024e000-0025c000 r-xp 00000000 08:01 132800     /usr/lib/libXext.so.6.4.0
0025c000-0025d000 r--p 0000d000 08:01 132800     /usr/lib/libXext.so.6.4.0
0025d000-0025e000 rw-p 0000e000 08:01 132800     /usr/lib/libXext.so.6.4.0
0025e000-00266000 r-xp 00000000 08:01 132822     /usr/lib/libXrender.so.1.3.0
00266000-00267000 r--p 00007000 08:01 132822     /usr/lib/libXrender.so.1.3.0
00267000-00268000 rw-p 00008000 08:01 132822     /usr/lib/libXrender.so.1.3.0
00268000-0026f000 r-xp 00000000 08:01 171571     /usr/lib/jvm/java-6-openjdk/jre/lib/i386/libnio.so
0026f000-00270000 r--p 00006000 08:01 171571     /usr/lib/jvm/java-6-openjdk/jre/lib/i386/libnio.so
00270000-00271000 rw-p 00007000 08:01 171571     /usr/lib/jvm/java-6-openjdk/jre/lib/i386/libnio.so
00271000-002b4000 r-xp 00000000 08:01 171868     /usr/lib/jvm/java-6-openjdk/jre/lib/i386/xawt/libmawt.so
002b4000-002b5000 r--p 00042000 08:01 171868     /usr/lib/jvm/java-6-openjdk/jre/lib/i386/xawt/libmawt.so
002b5000-002b7000 rw-p 00043000 08:01 171868     /usr/lib/jvm/java-6-openjdk/jre/lib/i386/xawt/libmawt.so
002b7000-002b8000 rw-p 00000000 00:00 0 
002b8000-002bc000 r-xp 00000000 08:01 132828     /usr/lib/libXtst.so.6.1.0
002bc000-002bd000 r--p 00003000 08:01 132828     /usr/lib/libXtst.so.6.1.0
002bd000-002be000 rw-p 00004000 08:01 132828     /usr/lib/libXtst.so.6.1.0
002be000-002d6000 r-xp 00000000 08:01 133749     /usr/lib/libxcb.so.1.1.0
002d6000-002d7000 r--p 00017000 08:01 133749     /usr/lib/libxcb.so.1.1.0
002d7000-002d8000 rw-p 00018000 08:01 133749     /usr/lib/libxcb.so.1.1.0
002d8000-0031c000 r-xp 00000000 08:01 171553     /usr/lib/jvm/java-6-openjdk/jre/lib/i386/libfontmanager.so
0031c000-0031e000 r--p 00043000 08:01 171553     /usr/lib/jvm/java-6-openjdk/jre/lib/i386/libfontmanager.so
0031e000-0031f000 rw-p 00045000 08:01 171553     /usr/lib/jvm/java-6-openjdk/jre/lib/i386/libfontmanager.so
0031f000-00324000 rw-p 00000000 00:00 0 
00324000-00396000 r-xp 00000000 08:01 129893     /usr/lib/libfreetype.so.6.6.0
00396000-0039a000 r--p 00071000 08:01 129893     /usr/lib/libfreetype.so.6.6.0
0039a000-0039b000 rw-p 00075000 08:01 129893     /usr/lib/libfreetype.so.6.6.0
0039b000-003a1000 r-xp 00000000 08:01 132820     /usr/lib/libXrandr.so.2.2.0
003a1000-003a2000 r--p 00005000 08:01 132820     /usr/lib/libXrandr.so.2.2.0
003a2000-003a3000 rw-p 00006000 08:01 132820     /usr/lib/libXrandr.so.2.2.0
003a3000-003b8000 r-xp 00000000 08:01 407784     /lib/libpthread-2.12.1.so
003b8000-003b9000 ---p 00015000 08:01 407784     /lib/libpthread-2.12.1.so
003b9000-003ba000 r--p 00015000 08:01 407784     /lib/libpthread-2.12.1.so
003ba000-003bb000 rw-p 00016000 08:01 407784     /lib/libpthread-2.12.1.so
003bb000-003bd000 rw-p 00000000 00:00 0 
003bd000-003bf000 r-xp 00000000 08:01 133747     /usr/lib/libxcb-shm.so.0.0.0
003bf000-003c0000 r--p 00001000 08:01 133747     /usr/lib/libxcb-shm.so.0.0.0
003c0000-003c1000 rw-p 00002000 08:01 133747     /usr/lib/libxcb-shm.so.0.0.0
003c2000-003c8000 r-xp 00000000 08:01 171577     /usr/lib/jvm/java-6-openjdk/jre/lib/i386/libzip.so
003c8000-003c9000 r--p 00005000 08:01 171577     /usr/lib/jvm/java-6-openjdk/jre/lib/i386/libzip.so
003c9000-003ca000 rw-p 00006000 08:01 171577     /usr/lib/jvm/java-6-openjdk/jre/lib/i386/libzip.so
003ca000-003e4000 r-xp 00000000 08:01 392082     /lib/libgcc_s.so.1
003e4000-003e5000 r--p 00019000 08:01 392082     /lib/libgcc_s.so.1
003e5000-003e6000 rw-p 0001a000 08:01 392082     /lib/libgcc_s.so.1
003e6000-00409000 r-xp 00000000 08:01 392152     /lib/libpng12.so.0.44.0
00409000-0040a000 r--p 00022000 08:01 392152     /lib/libpng12.so.0.44.0
0040a000-0040b000 rw-p 00023000 08:01 392152     /lib/libpng12.so.0.44.0
0040b000-0042a000 r-xp 00000000 08:01 133363     /usr/lib/libjpeg.so.62.0.0
0042a000-0042b000 r--p 0001e000 08:01 133363     /usr/lib/libjpeg.so.62.0.0
0042b000-0042c000 rw-p 0001f000 08:01 133363     /usr/lib/libjpeg.so.62.0.0
0042c000-00433000 r-xp 00000000 08:01 154371     /usr/lib/libgif.so.4.1.6
00433000-00434000 r--p 00006000 08:01 154371     /usr/lib/libgif.so.4.1.6
00434000-00435000 rw-p 00007000 08:01 154371     /usr/lib/libgif.so.4.1.6
00435000-0043d000 r-xp 00000000 08:01 132794     /usr/lib/libXcursor.so.1.0.2
0043d000-0043e000 r--p 00007000 08:01 132794     /usr/lib/libXcursor.so.1.0.2
0043e000-0043f000 rw-p 00008000 08:01 132794     /usr/lib/libXcursor.so.1.0.2
0043f000-00449000 r-xp 00000000 08:01 130127     /usr/lib/libpangocairo-1.0.so.0.2800.2
00449000-0044a000 r--p 00009000 08:01 130127     /usr/lib/libpangocairo-1.0.so.0.2800.2
0044a000-0044b000 rw-p 0000a000 08:01 130127     /usr/lib/libpangocairo-1.0.so.0.2800.2
0044b000-00463000 r-xp 00000000 08:01 132863     /usr/lib/libatk-1.0.so.0.3209.1
00463000-00464000 ---p 00018000 08:01 132863     /usr/lib/libatk-1.0.so.0.3209.1
00464000-00465000 r--p 00018000 08:01 132863     /usr/lib/libatk-1.0.so.0.3209.1
00465000-00466000 rw-p 00019000 08:01 132863     /usr/lib/libatk-1.0.so.0.3209.1
00466000-0047d000 r-xp 00000000 08:01 133105     /usr/lib/libgdk_pixbuf-2.0.so.0.2200.0
0047d000-0047e000 r--p 00017000 08:01 133105     /usr/lib/libgdk_pixbuf-2.0.so.0.2200.0
0047e000-0047f000 rw-p 00018000 08:01 133105     /usr/lib/libgdk_pixbuf-2.0.so.0.2200.0
0047f000-004a3000 r-xp 00000000 08:01 130178     /usr/lib/libpangoft2-1.0.so.0.2800.2
004a3000-004a4000 r--p 00023000 08:01 130178     /usr/lib/libpangoft2-1.0.so.0.2800.2
004a4000-004a5000 rw-p 00024000 08:01 130178     /usr/lib/libpangoft2-1.0.so.0.2800.2
004a5000-004aa000 r-xp 00000000 08:01 136941     /usr/lib/gtk-2.0/modules/libcanberra-gtk-module.so
004aa000-004ab000 r--p 00004000 08:01 136941     /usr/lib/gtk-2.0/modules/libcanberra-gtk-module.so
004ab000-004ac000 rw-p 00005000 08:01 136941     /usr/lib/gtk-2.0/modules/libcanberra-gtk-module.so
004ac000-004b0000 r-xp 00000000 08:01 132916     /usr/lib/libcanberra-gtk.so.0.1.6
004b0000-004b1000 r--p 00003000 08:01 132916     /usr/lib/libcanberra-gtk.so.0.1.6
004b1000-004b2000 rw-p 00004000 08:01 132916     /usr/lib/libcanberra-gtk.so.0.1.6
004b2000-004b4000 r-xp 00000000 08:01 130369     /usr/lib/pango/1.6.0/modules/pango-basic-fc.so
004b4000-004b5000 r--p 00001000 08:01 130369     /usr/lib/pango/1.6.0/modules/pango-basic-fc.so
004b5000-004b6000 rw-p 00002000 08:01 130369     /usr/lib/pango/1.6.0/modules/pango-basic-fc.so
004b9000-004cc000 r-xp 00000000 08:01 407771     /lib/libnsl-2.12.1.so
004cc000-004cd000 r--p 00012000 08:01 407771     /lib/libnsl-2.12.1.so
004cd000-004ce000 rw-p 00013000 08:01 407771     /lib/libnsl-2.12.1.so
004ce000-004d0000 rw-p 00000000 00:00 0 
004d0000-004fe000 r-xp 00000000 08:01 133062     /usr/lib/libfontconfig.so.1.4.4
004fe000-004ff000 r--p 0002d000 08:01 133062     /usr/lib/libfontconfig.so.1.4.4
004ff000-00500000 rw-p 0002e000 08:01 133062     /usr/lib/libfontconfig.so.1.4.4
00503000-00506000 r-xp 00000000 08:01 171548     /usr/lib/jvm/java-6-openjdk/jre/lib/i386/jli/libjli.so
00506000-00507000 r--p 00002000 08:01 171548     /usr/lib/jvm/java-6-openjdk/jre/lib/i386/jli/libjli.so
00507000-00508000 rw-p 00003000 08:01 171548     /usr/lib/jvm/java-6-openjdk/jre/lib/i386/jli/libjli.so
00508000-0050f000 r-xp 00000000 08:01 133710     /usr/lib/libvorbisfile.so.3.3.2
0050f000-00510000 r--p 00006000 08:01 133710     /usr/lib/libvorbisfile.so.3.3.2
00510000-00511000 rw-p 00007000 08:01 133710     /usr/lib/libvorbisfile.so.3.3.2
00511000-00513000 r-xp 00000000 08:01 407794     /lib/libutil-2.12.1.so
00513000-00514000 r--p 00001000 08:01 407794     /lib/libutil-2.12.1.so
00514000-00515000 rw-p 00002000 08:01 407794     /lib/libutil-2.12.1.so
00515000-00517000 r-xp 00000000 08:01 133137     /usr/lib/libgmodule-2.0.so.0.2600.0
00517000-00518000 r--p 00002000 08:01 133137     /usr/lib/libgmodule-2.0.so.0.2600.0
00518000-00519000 rw-p 00003000 08:01 133137     /usr/lib/libgmodule-2.0.so.0.2600.0
00519000-00520000 r-xp 00000000 08:01 133393     /usr/lib/libltdl.so.7.2.1
00520000-00521000 r--p 00006000 08:01 133393     /usr/lib/libltdl.so.7.2.1
00521000-00522000 rw-p 00007000 08:01 133393     /usr/lib/libltdl.so.7.2.1
00522000-0052e000 r-xp 00000000 08:01 132808     /usr/lib/libXi.so.6.1.0
0052e000-0052f000 r--p 0000b000 08:01 132808     /usr/lib/libXi.so.6.1.0
0052f000-00530000 rw-p 0000c000 08:01 132808     /usr/lib/libXi.so.6.1.0
00530000-0053e000 r-xp 00000000 08:01 132918     /usr/lib/libcanberra.so.0.2.4
0053e000-0053f000 r--p 0000d000 08:01 132918     /usr/lib/libcanberra.so.0.2.4
0053f000-00540000 rw-p 0000e000 08:01 132918     /usr/lib/libcanberra.so.0.2.4
00540000-00550000 r-xp 00000000 08:01 407785     /lib/libresolv-2.12.1.so
00550000-00551000 r--p 00010000 08:01 407785     /lib/libresolv-2.12.1.so
00551000-00552000 rw-p 00011000 08:01 407785     /lib/libresolv-2.12.1.so
00552000-00554000 rw-p 00000000 00:00 0 
00554000-00558000 r-xp 00000000 08:01 130525     /usr/lib/gtk-2.0/2.10.0/immodules/im-ibus.so
00558000-00559000 r--p 00003000 08:01 130525     /usr/lib/gtk-2.0/2.10.0/immodules/im-ibus.so
00559000-0055a000 rw-p 00004000 08:01 130525     /usr/lib/gtk-2.0/2.10.0/immodules/im-ibus.so
0055b000-00565000 r-xp 00000000 08:01 407775     /lib/libnss_files-2.12.1.so
00565000-00566000 r--p 00009000 08:01 407775     /lib/libnss_files-2.12.1.so
00566000-00567000 rw-p 0000a000 08:01 407775     /lib/libnss_files-2.12.1.so
0056d000-0056f000 r-xp 00000000 08:01 407768     /lib/libdl-2.12.1.so
0056f000-00570000 r--p 00001000 08:01 407768     /lib/libdl-2.12.1.so
00570000-00571000 rw-p 00002000 08:01 407768     /lib/libdl-2.12.1.so
00571000-0068a000 r-xp 00000000 08:01 132783     /usr/lib/libX11.so.6.3.0
0068a000-0068b000 r--p 00118000 08:01 132783     /usr/lib/libX11.so.6.3.0
0068b000-0068d000 rw-p 00119000 08:01 132783     /usr/lib/libX11.so.6.3.0
0068d000-0068e000 rw-p 00000000 00:00 0 
0068e000-0069b000 r-xp 00000000 08:01 133655     /usr/lib/libtdb.so.1.2.1
0069b000-0069c000 r--p 0000c000 08:01 133655     /usr/lib/libtdb.so.1.2.1
0069c000-0069d000 rw-p 0000d000 08:01 133655     /usr/lib/libtdb.so.1.2.1
0069d000-0069f000 r-xp 00000000 08:01 132792     /usr/lib/libXcomposite.so.1.0.0
0069f000-006a0000 r--p 00001000 08:01 132792     /usr/lib/libXcomposite.so.1.0.0
006a0000-006a1000 rw-p 00002000 08:01 132792     /usr/lib/libXcomposite.so.1.0.0
006a1000-006bb000 r-xp 00000000 08:01 392164     /lib/libselinux.so.1
006bb000-006bc000 r--p 00019000 08:01 392164     /lib/libselinux.so.1
006bc000-006bd000 rw-p 0001a000 08:01 392164     /lib/libselinux.so.1
006bd000-006c3000 r-xp 00000000 08:01 171568     /usr/lib/jvm/java-6-openjdk/jre/lib/i386/libmanagement.so
006c3000-006c4000 r--p 00005000 08:01 171568     /usr/lib/jvm/java-6-openjdk/jre/lib/i386/libmanagement.so
006c4000-006c5000 rw-p 00006000 08:01 171568     /usr/lib/jvm/java-6-openjdk/jre/lib/i386/libmanagement.so
006c6000-006da000 r-xp 00000000 08:01 171570     /usr/lib/jvm/java-6-openjdk/jre/lib/i386/libnet.so
006da000-006db000 r--p 00013000 08:01 171570     /usr/lib/jvm/java-6-openjdk/jre/lib/i386/libnet.so
006db000-006dc000 rw-p 00014000 08:01 171570     /usr/lib/jvm/java-6-openjdk/jre/lib/i386/libnet.so
006dc000-006ef000 r-xp 00000000 08:01 130958     /usr/lib/libgvfscommon.so.0.0.0
006ef000-006f0000 r--p 00012000 08:01 130958     /usr/lib/libgvfscommon.so.0.0.0
006f0000-006f1000 rw-p 00013000 08:01 130958     /usr/lib/libgvfscommon.so.0.0.0
006f5000-006fe000 r-xp 00000000 08:01 171564     /usr/lib/jvm/java-6-openjdk/jre/lib/i386/libjpeg.so
006fe000-006ff000 r--p 00008000 08:01 171564     /usr/lib/jvm/java-6-openjdk/jre/lib/i386/libjpeg.so
006ff000-00700000 rw-p 00009000 08:01 171564     /usr/lib/jvm/java-6-openjdk/jre/lib/i386/libjpeg.so
00700000-0073f000 r-xp 00000000 08:01 130126     /usr/lib/libpango-1.0.so.0.2800.2
0073f000-00740000 ---p 0003f000 08:01 130126     /usr/lib/libpango-1.0.so.0.2800.2
00740000-00741000 r--p 0003f000 08:01 130126     /usr/lib/libpango-1.0.so.0.2800.2
00741000-00742000 rw-p 00040000 08:01 130126     /usr/lib/libpango-1.0.so.0.2800.2
00742000-00765000 r-xp 00000000 08:01 132151     /usr/lib/gio/modules/libgvfsdbus.so
00765000-00766000 r--p 00022000 08:01 132151     /usr/lib/gio/modules/libgvfsdbus.so
00766000-00767000 rw-p 00023000 08:01 132151     /usr/lib/gio/modules/libgvfsdbus.so
00768000-00769000 r-xp 00000000 00:00 0          [vdso]
00769000-007a9000 r-xp 00000000 08:01 133173     /usr/lib/libgobject-2.0.so.0.2600.0
007a9000-007aa000 r--p 00040000 08:01 133173     /usr/lib/libgobject-2.0.so.0.2600.0
007aa000-007ab000 rw-p 00041000 08:01 133173     /usr/lib/libgobject-2.0.so.0.2600.0
007ab000-007b0000 r-xp 00000000 08:01 133056     /usr/lib/libffi.so.5.0.10
007b0000-007b1000 r--p 00004000 08:01 133056     /usr/lib/libffi.so.5.0.10
007b1000-007b2000 rw-p 00005000 08:01 133056     /usr/lib/libffi.so.5.0.10
007b2000-007bd000 r-xp 00000000 08:01 171576     /usr/lib/jvm/java-6-openjdk/jre/lib/i386/libverify.so
007bd000-007be000 ---p 0000b000 08:01 171576     /usr/lib/jvm/java-6-openjdk/jre/lib/i386/libverify.so
007be000-007bf000 r--p 0000b000 08:01 171576     /usr/lib/jvm/java-6-openjdk/jre/lib/i386/libverify.so
007bf000-007c0000 rw-p 0000c000 08:01 171576     /usr/lib/jvm/java-6-openjdk/jre/lib/i386/libverify.so
007c0000-00854000 r-xp 00000000 08:01 133103     /usr/lib/libgdk-x11-2.0.so.0.2200.0
00854000-00856000 r--p 00094000 08:01 133103     /usr/lib/libgdk-x11-2.0.so.0.2200.0
00856000-00857000 rw-p 00096000 08:01 133103     /usr/lib/libgdk-x11-2.0.so.0.2200.0
00857000-0087b000 r-xp 00000000 08:01 392075     /lib/libexpat.so.1.5.2
0087b000-0087d000 r--p 00024000 08:01 392075     /lib/libexpat.so.1.5.2
0087d000-0087e000 rw-p 00026000 08:01 392075     /lib/libexpat.so.1.5.2
00889000-0088b000 r-xp 00000000 08:01 132796     /usr/lib/libXdamage.so.1.1.0
0088b000-0088c000 r--p 00001000 08:01 132796     /usr/lib/libXdamage.so.1.1.0
0088c000-0088d000 rw-p 00002000 08:01 132796     /usr/lib/libXdamage.so.1.1.0
0088d000-008c0000 r-xp 00000000 08:01 392140     /lib/libpcre.so.3.12.1
008c0000-008c1000 r--p 00032000 08:01 392140     /lib/libpcre.so.3.12.1
008c1000-008c2000 rw-p 00033000 08:01 392140     /lib/libpcre.so.3.12.1
008c2000-008e8000 r-xp 00000000 08:01 133706     /usr/lib/libvorbis.so.0.4.4
008e8000-008e9000 r--p 00025000 08:01 133706     /usr/lib/libvorbis.so.0.4.4
008e9000-008ea000 rw-p 00026000 08:01 133706     /usr/lib/libvorbis.so.0.4.4
008ea000-008f4000 r-xp 00000000 08:01 405012     /lib/libudev.so.0.9.1
008f4000-008f5000 r--p 00009000 08:01 405012     /lib/libudev.so.0.9.1
008f5000-008f6000 rw-p 0000a000 08:01 405012     /lib/libudev.so.0.9.1
008f6000-00906000 r-xp 00000000 08:01 173070     /usr/lib/jni/libjnidispatch.so
00906000-00907000 r--p 0000f000 08:01 173070     /usr/lib/jni/libjnidispatch.so
00907000-00908000 rw-p 00010000 08:01 173070     /usr/lib/jni/libjnidispatch.so
0090e000-0093b000 r-xp 00000000 08:01 171567     /usr/lib/jvm/java-6-openjdk/jre/lib/i386/liblcms.so
0093b000-0093c000 r--p 0002c000 08:01 171567     /usr/lib/jvm/java-6-openjdk/jre/lib/i386/liblcms.so
0093c000-0093d000 rw-p 0002d000 08:01 171567     /usr/lib/jvm/java-6-openjdk/jre/lib/i386/liblcms.so
0093d000-0093f000 rw-p 00000000 00:00 0 
0093f000-00969000 r-xp 00000000 08:01 136912     /usr/lib/gtk-2.0/2.10.0/engines/libclearlooks.so
00969000-0096a000 r--p 00029000 08:01 136912     /usr/lib/gtk-2.0/2.10.0/engines/libclearlooks.so
0096a000-0096b000 rw-p 0002a000 08:01 136912     /usr/lib/gtk-2.0/2.10.0/engines/libclearlooks.so
0096b000-009a5000 r-xp 00000000 08:01 403775     /lib/libdbus-1.so.3.5.2
009a5000-009a6000 r--p 00039000 08:01 403775     /lib/libdbus-1.so.3.5.2
009a6000-009a7000 rw-p 0003a000 08:01 403775     /lib/libdbus-1.so.3.5.2
009bd000-009bf000 r-xp 00000000 08:01 132787     /usr/lib/libXau.so.6.0.0
009bf000-009c0000 r--p 00001000 08:01 132787     /usr/lib/libXau.so.6.0.0
009c0000-009c1000 rw-p 00002000 08:01 132787     /usr/lib/libXau.so.6.0.0
009c1000-009fb000 r-xp 00000000 08:01 133304     /usr/lib/libibus.so.2.0.0
009fb000-009fc000 r--p 00039000 08:01 133304     /usr/lib/libibus.so.2.0.0
009fc000-009fd000 rw-p 0003a000 08:01 133304     /usr/lib/libibus.so.2.0.0
009fd000-009ff000 r-xp 00000000 08:01 132810     /usr/lib/libXinerama.so.1.0.0
009ff000-00a00000 r--p 00001000 08:01 132810     /usr/lib/libXinerama.so.1.0.0
00a00000-00a01000 rw-p 00002000 08:01 132810     /usr/lib/libXinerama.so.1.0.0
00a0a000-00a12000 r-xp 00000000 08:01 171866     /usr/lib/jvm/java-6-openjdk/jre/lib/i386/libsplashscreen.so
00a12000-00a13000 r--p 00007000 08:01 171866     /usr/lib/jvm/java-6-openjdk/jre/lib/i386/libsplashscreen.so
00a13000-00a14000 rw-p 00008000 08:01 171866     /usr/lib/jvm/java-6-openjdk/jre/lib/i386/libsplashscreen.so
00a14000-00a16000 rw-p 00000000 00:00 0 
00a39000-00a3e000 r-xp 00000000 08:01 133470     /usr/lib/libogg.so.0.7.0
00a3e000-00a3f000 r--p 00004000 08:01 133470     /usr/lib/libogg.so.0.7.0
00a3f000-00a40000 rw-p 00005000 08:01 133470     /usr/lib/libogg.so.0.7.0
00a48000-00aa4000 r-xp 00000000 08:01 133513     /usr/lib/libpixman-1.so.0.18.4
00aa4000-00aa7000 r--p 0005c000 08:01 133513     /usr/lib/libpixman-1.so.0.18.4
00aa7000-00aa8000 rw-p 0005f000 08:01 133513     /usr/lib/libpixman-1.so.0.18.4
00aa9000-00aad000 r-xp 00000000 08:01 132802     /usr/lib/libXfixes.so.3.1.0
00aad000-00aae000 r--p 00003000 08:01 132802     /usr/lib/libXfixes.so.3.1.0
00aae000-00aaf000 rw-p 00004000 08:01 132802     /usr/lib/libXfixes.so.3.1.0
00adc000-00ae2000 r-xp 00000000 08:01 133745     /usr/lib/libxcb-render.so.0.0.0
00ae2000-00ae3000 r--p 00005000 08:01 133745     /usr/lib/libxcb-render.so.0.0.0
00ae3000-00ae4000 rw-p 00006000 08:01 133745     /usr/lib/libxcb-render.so.0.0.0
00b15000-00c6c000 r-xp 00000000 08:01 407764     /lib/libc-2.12.1.so
00c6c000-00c6e000 r--p 00157000 08:01 407764     /lib/libc-2.12.1.so
00c6e000-00c6f000 rw-p 00159000 08:01 407764     /lib/libc-2.12.1.so
00c6f000-00c72000 rw-p 00000000 00:00 0 
00c9c000-00ca0000 r-xp 00000000 08:01 132798     /usr/lib/libXdmcp.so.6.0.0
00ca0000-00ca1000 r--p 00003000 08:01 132798     /usr/lib/libXdmcp.so.6.0.0
00ca1000-00ca2000 rw-p 00004000 08:01 132798     /usr/lib/libXdmcp.so.6.0.0
00cd1000-00cd4000 r-xp 00000000 08:01 133247     /usr/lib/libgthread-2.0.so.0.2600.0
00cd4000-00cd5000 r--p 00003000 08:01 133247     /usr/lib/libgthread-2.0.so.0.2600.0
00cd5000-00cd6000 rw-p 00004000 08:01 133247     /usr/lib/libgthread-2.0.so.0.2600.0
00d2f000-00d42000 r-xp 00000000 08:01 392197     /lib/libz.so.1.2.3.4
00d42000-00d43000 r--p 00012000 08:01 392197     /lib/libz.so.1.2.3.4
00d43000-00d44000 rw-p 00013000 08:01 392197     /lib/libz.so.1.2.3.4
00d44000-0118b000 r-xp 00000000 08:01 171543     /usr/lib/jvm/java-6-openjdk/jre/lib/i386/client/libjvm.so
0118b000-011a2000 r--p 00447000 08:01 171543     /usr/lib/jvm/java-6-openjdk/jre/lib/i386/client/libjvm.so
011a2000-011af000 rw-p 0045e000 08:01 171543     /usr/lib/jvm/java-6-openjdk/jre/lib/i386/client/libjvm.so
011af000-015cb000 rw-p 00000000 00:00 0 
03f25000-042ed000 r-xp 00000000 08:01 133251     /usr/lib/libgtk-x11-2.0.so.0.2200.0
042ed000-042f1000 r--p 003c8000 08:01 133251     /usr/lib/libgtk-x11-2.0.so.0.2200.0
042f1000-042f3000 rw-p 003cc000 08:01 133251     /usr/lib/libgtk-x11-2.0.so.0.2200.0
042f3000-042f5000 rw-p 00000000 00:00 0 
05861000-0590f000 r-xp 00000000 08:01 129923     /usr/lib/libcairo.so.2.11000.0
0590f000-05910000 ---p 000ae000 08:01 129923     /usr/lib/libcairo.so.2.11000.0
05910000-05911000 r--p 000ae000 08:01 129923     /usr/lib/libcairo.so.2.11000.0
05911000-05912000 rw-p 000af000 08:01 129923     /usr/lib/libcairo.so.2.11000.0
05912000-05914000 rw-p 00000000 00:00 0 
06fa2000-07075000 r-xp 00000000 08:01 171569     /usr/lib/jvm/java-6-openjdk/jre/lib/i386/libmlib_image.so
07075000-07076000 r--p 000d3000 08:01 171569     /usr/lib/jvm/java-6-openjdk/jre/lib/i386/libmlib_image.so
07076000-07077000 rw-p 000d4000 08:01 171569     /usr/lib/jvm/java-6-openjdk/jre/lib/i386/libmlib_image.so
073d0000-0749d000 r-xp 00000000 08:01 392086     /lib/libglib-2.0.so.0.2600.0
0749d000-0749e000 r--p 000cc000 08:01 392086     /lib/libglib-2.0.so.0.2600.0
0749e000-0749f000 rw-p 000cd000 08:01 392086     /lib/libglib-2.0.so.0.2600.0
08048000-08051000 r-xp 00000000 08:01 171609     /usr/lib/jvm/java-6-openjdk/jre/bin/java
08051000-08052000 r--p 00008000 08:01 171609     /usr/lib/jvm/java-6-openjdk/jre/bin/java
08052000-08053000 rw-p 00009000 08:01 171609     /usr/lib/jvm/java-6-openjdk/jre/bin/java
088d0000-089b8000 r-xp 00000000 08:01 133119     /usr/lib/libgio-2.0.so.0.2600.0
089b8000-089ba000 r--p 000e7000 08:01 133119     /usr/lib/libgio-2.0.so.0.2600.0
089ba000-089bb000 rw-p 000e9000 08:01 133119     /usr/lib/libgio-2.0.so.0.2600.0
089bb000-089bc000 rw-p 00000000 00:00 0 
099fc000-0a319000 rw-p 00000000 00:00 0          [heap]
6dfc0000-6fa30000 rw-p 00000000 00:00 0 
6fa30000-765c0000 rw-p 00000000 00:00 0 
765c0000-79a81000 rw-p 00000000 00:00 0 
79a81000-871c0000 rw-p 00000000 00:00 0 
871c0000-892c0000 rw-p 00000000 00:00 0 
892c0000-939c0000 rw-p 00000000 00:00 0 
939c0000-94117000 r--s 00001000 08:01 175415     /usr/lib/jvm/java-6-openjdk/jre/lib/i386/client/classes.jsa
94117000-943c0000 rw-p 00000000 00:00 0 
943c0000-94b00000 rw-p 00758000 08:01 175415     /usr/lib/jvm/java-6-openjdk/jre/lib/i386/client/classes.jsa
94b00000-94fc0000 rw-p 00000000 00:00 0 
94fc0000-950bb000 rw-p 00e98000 08:01 175415     /usr/lib/jvm/java-6-openjdk/jre/lib/i386/client/classes.jsa
950bb000-953c0000 rw-p 00000000 00:00 0 
953c0000-953c8000 r-xs 00f93000 08:01 175415     /usr/lib/jvm/java-6-openjdk/jre/lib/i386/client/classes.jsa
953c8000-957c0000 rw-p 00000000 00:00 0 
add6a000-ae400000 rw-s 00000000 00:04 589836     /SYSV00000000 (deleted)
ae400000-ae4ff000 rw-p 00000000 00:00 0 
ae4ff000-ae500000 ---p 00000000 00:00 0 
ae9d2000-ae9d5000 ---p 00000000 00:00 0 
ae9d5000-aebd3000 rw-p 00000000 00:00 0 
aebd3000-aebd6000 ---p 00000000 00:00 0 
aebd6000-aedd4000 rw-p 00000000 00:00 0 
aedd4000-aedd7000 ---p 00000000 00:00 0 
aedd7000-aefd5000 rw-p 00000000 00:00 0 
aefd5000-aefd8000 ---p 00000000 00:00 0 
aefd8000-af1d6000 rw-p 00000000 00:00 0 
af1d6000-af1d9000 ---p 00000000 00:00 0 
af1d9000-af3d7000 rw-p 00000000 00:00 0 
af3d7000-af3da000 ---p 00000000 00:00 0 
af3da000-af5d8000 rw-p 00000000 00:00 0 
af5d8000-af5db000 ---p 00000000 00:00 0 
af5db000-af7d9000 rw-p 00000000 00:00 0 
af7d9000-af7dc000 ---p 00000000 00:00 0 
af7dc000-af9da000 rw-p 00000000 00:00 0 
afc00000-afc96000 rw-p 00000000 00:00 0 
afc96000-afd00000 ---p 00000000 00:00 0 
afd91000-afd94000 ---p 00000000 00:00 0 
afd94000-aff92000 rw-p 00000000 00:00 0 
aff92000-aff95000 ---p 00000000 00:00 0 
aff95000-b0193000 rw-p 00000000 00:00 0 
b0193000-b0196000 ---p 00000000 00:00 0 
b0196000-b0394000 rw-p 00000000 00:00 0 
b0394000-b0397000 ---p 00000000 00:00 0 
b0397000-b0595000 rw-p 00000000 00:00 0 
b0595000-b0598000 ---p 00000000 00:00 0 
b0598000-b0796000 rw-p 00000000 00:00 0 
b0796000-b0799000 ---p 00000000 00:00 0 
b0799000-b0997000 rw-p 00000000 00:00 0 
b0997000-b099a000 ---p 00000000 00:00 0 
b099a000-b0b98000 rw-p 00000000 00:00 0 
b0b9e000-b0bed000 r--p 00000000 08:01 273449     /usr/share/fonts/truetype/ttf-dejavu/DejaVuSansMono.ttf
b0bed000-b0c43000 r--p 00000000 08:01 260312     /usr/share/fonts/truetype/ubuntu-font-family/Ubuntu-R.ttf
b0c43000-b0c44000 r--s 00000000 08:01 158402     /var/cache/fontconfig/c05880de57d1f5e948fdfacc138775d9-le32d4.cache-3
b0c44000-b0c4a000 r--s 00000000 08:01 158399     /var/cache/fontconfig/945677eb7aeaf62f1d50efc3fb3ec7d8-le32d4.cache-3
b0c4a000-b0c4c000 r--s 00000000 08:01 158400     /var/cache/fontconfig/99e8ed0e538f840c565b6ed5dad60d56-le32d4.cache-3
b0c4c000-b0c4f000 r--s 00000000 08:01 158409     /var/cache/fontconfig/e383d7ea5fbe662a33d9b44caf393297-le32d4.cache-3
b0c4f000-b0c52000 r--s 00000000 08:01 137787     /var/cache/fontconfig/2cd17615ca594fa2959ae173292e504c-le32d4.cache-3
b0c52000-b0c53000 r--s 00000000 08:01 158410     /var/cache/fontconfig/e7071f4a29fa870f4323321c154eba04-le32d4.cache-3
b0c53000-b0c56000 r--s 00000000 08:01 158396     /var/cache/fontconfig/6eb3985aa4124903f6ff08ba781cd364-le32d4.cache-3
b0c56000-b0c57000 r--s 00000000 08:01 158392     /var/cache/fontconfig/4c73fe0c47614734b17d736dbde7580a-le32d4.cache-3
b0c57000-b0c58000 r--s 00000000 08:01 158385     /var/cache/fontconfig/0d8c3b2ac0904cb8a57a757ad11a4a08-le32d4.cache-3
b0c58000-b0c59000 r--s 00000000 08:01 158394     /var/cache/fontconfig/6a53c69dea097a2d716e069445527da8-le32d4.cache-3
b0c59000-b0c5d000 r--s 00000000 08:01 158401     /var/cache/fontconfig/a755afe4a08bf5b97852ceb7400b47bc-le32d4.cache-3
b0c5d000-b0c64000 r--s 00000000 08:01 175402     /var/cache/fontconfig/6d41288fd70b0be22e8c3a91e032eec0-le32d4.cache-3
b0c64000-b0c6f000 r--s 00000000 08:01 158386     /var/cache/fontconfig/0f34bcd4b6ee430af32735b75db7f02b-le32d4.cache-3
b0c6f000-b0c72000 r--s 00000000 08:01 158406     /var/cache/fontconfig/d60319d88cac85ba9e1a07bd06cfbb8c-le32d4.cache-3
b0c72000-b0c73000 r--s 00000000 08:01 137786     /var/cache/fontconfig/4794a0821666d79190d59a36cb4f44b5-le32d4.cache-3
b0c73000-b0c7b000 r--s 00000000 08:01 158405     /var/cache/fontconfig/d52a8644073d54c13679302ca1180695-le32d4.cache-3
b0c7b000-b0c7d000 r--s 00000000 08:01 137784     /var/cache/fontconfig/e13b20fdb08344e0e664864cc2ede53d-le32d4.cache-3
b0c7d000-b0c80000 r--s 00000000 08:01 158398     /var/cache/fontconfig/7ef2298fde41cc6eeb7af42e48b7d293-le32d4.cache-3
b0d00000-b0dd3000 rw-p 00000000 00:00 0 
b0dd3000-b0e00000 ---p 00000000 00:00 0 
b0e00000-b0f00000 rw-p 00000000 00:00 0 
b0f00000-b0ffd000 rw-p 00000000 00:00 0 
b0ffd000-b1000000 ---p 00000000 00:00 0 
b1134000-b113b000 r--s 00126000 08:01 175883     /home/gxx/.netbeans/6.9/modules/org-netbeans-modules-ruby.jar
b113b000-b1142000 r--s 000b4000 08:01 173846     /usr/share/netbeans/ide13/modules/org-netbeans-modules-css-editor.jar
b1142000-b1144000 r--s 00017000 08:01 173820     /usr/share/netbeans/ide13/modules/org-netbeans-modules-editor-util.jar
b1144000-b1145000 r--s 00008000 08:01 173844     /usr/share/netbeans/ide13/modules/org-netbeans-modules-html-lexer.jar
b1145000-b1149000 r--s 00061000 08:01 173821     /usr/share/netbeans/ide13/modules/org-netbeans-modules-lexer.jar
b1149000-b1151000 r--s 000b4000 08:01 173837     /usr/share/netbeans/ide13/modules/org-netbeans-modules-parsing-api.jar
b1151000-b1158000 r--s 00079000 08:01 173899     /usr/share/netbeans/ide13/modules/org-netbeans-modules-versioning-util.jar
b1158000-b1165000 r--s 000df000 08:01 173842     /usr/share/netbeans/ide13/modules/org-netbeans-modules-csl-api.jar
b1165000-b1167000 r--s 00023000 08:01 173867     /usr/share/netbeans/ide13/modules/org-netbeans-modules-html-editor-lib.jar
b1167000-b1170000 r--s 000ef000 08:01 175979     /home/gxx/.netbeans/6.9/modules/org-netbeans-modules-ruby-railsprojects.jar
b1170000-b1173000 r--s 00041000 08:01 173829     /usr/share/netbeans/ide13/modules/org-netbeans-modules-editor-settings-storage.jar
b1173000-b1178000 r--s 00060000 08:01 173205     /usr/share/netbeans/platform12/modules/org-openide-nodes.jar
b1178000-b1180000 r--s 0012a000 08:01 173872     /usr/share/netbeans/ide13/modules/org-netbeans-modules-html-editor.jar
b1180000-b1183000 r--s 00024000 08:01 176026     /home/gxx/.netbeans/6.9/modules/org-netbeans-modules-ruby-rhtml.jar
b1183000-b118d000 r--s 000c0000 08:01 173911     /usr/share/netbeans/ide13/modules/org-netbeans-modules-projectui.jar
b118d000-b1199000 r--s 0015b000 08:01 173235     /usr/share/netbeans/platform12/modules/org-netbeans-core-windows.jar
b1199000-b11a6000 r--s 000b0000 08:01 173207     /usr/share/netbeans/platform12/modules/org-netbeans-swing-tabcontrol.jar
b11a6000-b11aa000 r--s 00058000 08:01 176016     /home/gxx/.netbeans/6.9/modules/org-netbeans-modules-ruby-hints.jar
b11aa000-b120a000 rw-s 00000000 00:04 524301     /SYSV00000000 (deleted)
b120a000-b12eb000 r--s 00000000 08:01 175635     /home/gxx/.netbeans/6.9/var/cache/all-layers.dat
b12eb000-b12ee000 ---p 00000000 00:00 0 
b12ee000-b14ec000 rw-p 00000000 00:00 0 
b14ec000-b14ed000 r--p 00000000 00:00 0 
b14ed000-b14f0000 ---p 00000000 00:00 0 
b14f0000-b16ee000 rw-p 00000000 00:00 0 
b16ee000-b16f1000 ---p 00000000 00:00 0 
b16f1000-b18ef000 rw-p 00000000 00:00 0 
b18ef000-b18f5000 r--s 000fc000 08:01 171066     /usr/lib/jvm/java-6-openjdk/jre/lib/resources.jar
b18f5000-b18f6000 r--s 00000000 08:01 158402     /var/cache/fontconfig/c05880de57d1f5e948fdfacc138775d9-le32d4.cache-3
b18f6000-b18fc000 r--s 00000000 08:01 158399     /var/cache/fontconfig/945677eb7aeaf62f1d50efc3fb3ec7d8-le32d4.cache-3
b18fc000-b18fe000 r--s 00000000 08:01 158400     /var/cache/fontconfig/99e8ed0e538f840c565b6ed5dad60d56-le32d4.cache-3
b18fe000-b1901000 r--s 00000000 08:01 158409     /var/cache/fontconfig/e383d7ea5fbe662a33d9b44caf393297-le32d4.cache-3
b1901000-b1904000 r--s 00000000 08:01 137787     /var/cache/fontconfig/2cd17615ca594fa2959ae173292e504c-le32d4.cache-3
b1904000-b1905000 r--s 00000000 08:01 158410     /var/cache/fontconfig/e7071f4a29fa870f4323321c154eba04-le32d4.cache-3
b1905000-b1908000 r--s 00000000 08:01 158396     /var/cache/fontconfig/6eb3985aa4124903f6ff08ba781cd364-le32d4.cache-3
b1908000-b1909000 r--s 00000000 08:01 158392     /var/cache/fontconfig/4c73fe0c47614734b17d736dbde7580a-le32d4.cache-3
b1909000-b190a000 r--s 00000000 08:01 158385     /var/cache/fontconfig/0d8c3b2ac0904cb8a57a757ad11a4a08-le32d4.cache-3
b190a000-b190b000 r--s 00000000 08:01 158394     /var/cache/fontconfig/6a53c69dea097a2d716e069445527da8-le32d4.cache-3
b190b000-b190f000 r--s 00000000 08:01 158401     /var/cache/fontconfig/a755afe4a08bf5b97852ceb7400b47bc-le32d4.cache-3
b190f000-b1916000 r--s 00000000 08:01 175402     /var/cache/fontconfig/6d41288fd70b0be22e8c3a91e032eec0-le32d4.cache-3
b1916000-b1921000 r--s 00000000 08:01 158386     /var/cache/fontconfig/0f34bcd4b6ee430af32735b75db7f02b-le32d4.cache-3
b1921000-b1924000 r--s 00000000 08:01 158406     /var/cache/fontconfig/d60319d88cac85ba9e1a07bd06cfbb8c-le32d4.cache-3
b1924000-b1925000 r--s 00000000 08:01 137786     /var/cache/fontconfig/4794a0821666d79190d59a36cb4f44b5-le32d4.cache-3
b1925000-b192d000 r--s 00000000 08:01 158405     /var/cache/fontconfig/d52a8644073d54c13679302ca1180695-le32d4.cache-3
b192d000-b192f000 r--s 00000000 08:01 137784     /var/cache/fontconfig/e13b20fdb08344e0e664864cc2ede53d-le32d4.cache-3
b192f000-b1932000 r--s 00000000 08:01 158398     /var/cache/fontconfig/7ef2298fde41cc6eeb7af42e48b7d293-le32d4.cache-3
b1932000-b1933000 r--s 00000000 08:01 158402     /var/cache/fontconfig/c05880de57d1f5e948fdfacc138775d9-le32d4.cache-3
b1933000-b1939000 r--s 00000000 08:01 158399     /var/cache/fontconfig/945677eb7aeaf62f1d50efc3fb3ec7d8-le32d4.cache-3
b1939000-b193b000 r--s 00000000 08:01 158400     /var/cache/fontconfig/99e8ed0e538f840c565b6ed5dad60d56-le32d4.cache-3
b193b000-b193e000 ---p 00000000 00:00 0 
b193e000-b1b3c000 rw-p 00000000 00:00 0 
b1b3c000-b1b3f000 ---p 00000000 00:00 0 
b1b3f000-b1d3d000 rw-p 00000000 00:00 0 
b1d3d000-b1d40000 ---p 00000000 00:00 0 
b1d40000-b1f3e000 rw-p 00000000 00:00 0 
b1f3e000-b1f41000 ---p 00000000 00:00 0 
b1f41000-b3f89000 rw-p 00000000 00:00 0 
b3f89000-b3fe8000 r--s 00d86000 08:01 171891     /usr/lib/jvm/java-6-openjdk/lib/tools.jar
b3fe8000-b3feb000 ---p 00000000 00:00 0 
b3feb000-b41e9000 rw-p 00000000 00:00 0 
b41e9000-b41ec000 ---p 00000000 00:00 0 
b41ec000-b43ea000 rw-p 00000000 00:00 0 
b43ea000-b43eb000 ---p 00000000 00:00 0 
b43eb000-b446b000 rw-p 00000000 00:00 0 
b446b000-b446e000 ---p 00000000 00:00 0 
b446e000-b466c000 rw-p 00000000 00:00 0 
b466c000-b466f000 ---p 00000000 00:00 0 
b466f000-b486d000 rw-p 00000000 00:00 0 
b486d000-b4a6d000 r--p 00000000 08:01 132369     /usr/lib/locale/locale-archive
b4a6d000-b4a70000 ---p 00000000 00:00 0 
b4a70000-b4c6e000 rw-p 00000000 00:00 0 
b4c6e000-b4c71000 r--s 00000000 08:01 158409     /var/cache/fontconfig/e383d7ea5fbe662a33d9b44caf393297-le32d4.cache-3
b4c71000-b4c74000 r--s 00000000 08:01 137787     /var/cache/fontconfig/2cd17615ca594fa2959ae173292e504c-le32d4.cache-3
b4c74000-b4c75000 r--s 00000000 08:01 158410     /var/cache/fontconfig/e7071f4a29fa870f4323321c154eba04-le32d4.cache-3
b4c75000-b4c78000 r--s 00000000 08:01 158396     /var/cache/fontconfig/6eb3985aa4124903f6ff08ba781cd364-le32d4.cache-3
b4c78000-b4c79000 r--s 00000000 08:01 158392     /var/cache/fontconfig/4c73fe0c47614734b17d736dbde7580a-le32d4.cache-3
b4c79000-b4c7a000 r--s 00000000 08:01 158385     /var/cache/fontconfig/0d8c3b2ac0904cb8a57a757ad11a4a08-le32d4.cache-3
b4c7a000-b4c7b000 r--s 00000000 08:01 158394     /var/cache/fontconfig/6a53c69dea097a2d716e069445527da8-le32d4.cache-3
b4c7b000-b4c7f000 r--s 00000000 08:01 158401     /var/cache/fontconfig/a755afe4a08bf5b97852ceb7400b47bc-le32d4.cache-3
b4c7f000-b4c82000 ---p 00000000 00:00 0 
b4c82000-b4d00000 rw-p 00000000 00:00 0 
b4d00000-b4dfb000 rw-p 00000000 00:00 0 
b4dfb000-b4e00000 ---p 00000000 00:00 0 
b4e00000-b4e07000 r--s 00000000 08:01 175402     /var/cache/fontconfig/6d41288fd70b0be22e8c3a91e032eec0-le32d4.cache-3
b4e07000-b4e12000 r--s 00000000 08:01 158386     /var/cache/fontconfig/0f34bcd4b6ee430af32735b75db7f02b-le32d4.cache-3
b4e12000-b4e15000 r--s 00000000 08:01 158406     /var/cache/fontconfig/d60319d88cac85ba9e1a07bd06cfbb8c-le32d4.cache-3
b4e15000-b4e16000 r--s 00000000 08:01 137786     /var/cache/fontconfig/4794a0821666d79190d59a36cb4f44b5-le32d4.cache-3
b4e16000-b4e1e000 r--s 00000000 08:01 158405     /var/cache/fontconfig/d52a8644073d54c13679302ca1180695-le32d4.cache-3
b4e1e000-b4e20000 r--s 00000000 08:01 137784     /var/cache/fontconfig/e13b20fdb08344e0e664864cc2ede53d-le32d4.cache-3
b4e20000-b4e23000 r--s 00000000 08:01 158398     /var/cache/fontconfig/7ef2298fde41cc6eeb7af42e48b7d293-le32d4.cache-3
b4e23000-b4e29000 r--s 0001f000 08:01 171895     /usr/lib/jvm/java-6-openjdk/lib/dt.jar
b4e29000-b4e2a000 r--s 00001000 08:01 173191     /usr/share/netbeans/platform12/lib/locale/org-openide-util_zh_CN.jar
b4e2a000-b4e2b000 r--s 00001000 08:01 173195     /usr/share/netbeans/platform12/lib/locale/org-openide-util_pt_BR.jar
b4e2b000-b4e2c000 r--s 00000000 08:01 173190     /usr/share/netbeans/platform12/lib/locale/org-openide-util-lookup_zh_CN.jar
b4e2c000-b4e2d000 r--s 00000000 08:01 173194     /usr/share/netbeans/platform12/lib/locale/org-openide-util-lookup_pt_BR.jar
b4e2d000-b4e2e000 r--s 00000000 08:01 173186     /usr/share/netbeans/platform12/lib/locale/org-openide-util-lookup_ja.jar
b4e2e000-b4e2f000 r--s 00001000 08:01 173187     /usr/share/netbeans/platform12/lib/locale/org-openide-util_ja.jar
b4e2f000-b4e30000 r--s 00000000 08:01 173189     /usr/share/netbeans/platform12/lib/locale/org-openide-modules_zh_CN.jar
b4e30000-b4e31000 r--s 00000000 08:01 173193     /usr/share/netbeans/platform12/lib/locale/org-openide-modules_pt_BR.jar
b4e31000-b4e32000 r--s 00000000 08:01 173185     /usr/share/netbeans/platform12/lib/locale/org-openide-modules_ja.jar
b4e32000-b4e33000 r--s 00000000 08:01 173188     /usr/share/netbeans/platform12/lib/locale/boot_zh_CN.jar
b4e33000-b4e34000 r--s 00000000 08:01 173192     /usr/share/netbeans/platform12/lib/locale/boot_pt_BR.jar
b4e34000-b4e35000 r--s 00000000 08:01 175285     /usr/share/netbeans/6.9/nb/core/locale/core_nb_pt_BR.jar
b4e35000-b4e36000 r--s 00000000 08:01 175281     /usr/share/netbeans/6.9/nb/core/locale/core_nb_ja.jar
b4e36000-b4e37000 r--s 00000000 08:01 175282     /usr/share/netbeans/6.9/nb/core/locale/org-netbeans-upgrader_ja.jar
b4e37000-b4e38000 r--s 00000000 08:01 175284     /usr/share/netbeans/6.9/nb/core/locale/org-netbeans-upgrader_zh_CN.jar
b4e38000-b4e39000 r--s 00000000 08:01 175283     /usr/share/netbeans/6.9/nb/core/locale/core_nb_zh_CN.jar
b4e39000-b4e3a000 r--s 00045000 08:01 175280     /usr/share/netbeans/6.9/nb/core/locale/core_nb.jar
b4e3a000-b4e3b000 r--s 00000000 08:01 175286     /usr/share/netbeans/6.9/nb/core/locale/org-netbeans-upgrader_pt_BR.jar
b4e3b000-b4e3e000 r--s 0003b000 08:01 175287     /usr/share/netbeans/6.9/nb/core/org-netbeans-upgrader.jar
b4e3e000-b4e3f000 r--s 00001000 08:01 173175     /usr/share/netbeans/platform12/core/locale/core_pt_BR.jar
b4e3f000-b4e40000 r--s 00001000 08:01 173171     /usr/share/netbeans/platform12/core/locale/core_ja.jar
b4e40000-b4e41000 r--s 00001000 08:01 173173     /usr/share/netbeans/platform12/core/locale/core_zh_CN.jar
b4e41000-b4e42000 r--s 00001000 08:01 173174     /usr/share/netbeans/platform12/core/locale/org-openide-filesystems_zh_CN.jar
b4e42000-b4e43000 r--s 00001000 08:01 173176     /usr/share/netbeans/platform12/core/locale/org-openide-filesystems_pt_BR.jar
b4e43000-b4e44000 r--s 00001000 08:01 173172     /usr/share/netbeans/platform12/core/locale/org-openide-filesystems_ja.jar
b4e44000-b4e49000 r--s 00093000 08:01 173169     /usr/share/netbeans/platform12/core/core.jar
b4e49000-b4e50000 r--s 00099000 08:01 173168     /usr/share/netbeans/platform12/core/org-openide-filesystems.jar
b4e50000-b4e53000 r--s 00033000 08:01 173178     /usr/share/netbeans/platform12/lib/org-openide-util-lookup.jar
b4e53000-b4e59000 r--s 00074000 08:01 173179     /usr/share/netbeans/platform12/lib/org-openide-util.jar
b4e59000-b4e5b000 r--s 00006000 08:01 173180     /usr/share/netbeans/platform12/lib/org-openide-modules.jar
b4e5b000-b4e5e000 r--s 0003f000 08:01 173181     /usr/share/netbeans/platform12/lib/boot.jar
b4e5e000-b4e66000 r--s 00053000 08:01 308686     /usr/share/java/log4j-1.2-1.2.15.jar
b4e66000-b4e6e000 r--s 00066000 08:01 304357     /usr/share/java/gnome-java-bridge.jar
b4e6e000-b4e71000 ---p 00000000 00:00 0 
b4e71000-b506f000 rw-p 00000000 00:00 0 
b506f000-b5070000 ---p 00000000 00:00 0 
b5070000-b50f0000 rw-p 00000000 00:00 0 
b50f0000-b50f2000 r--s 0001d000 08:01 171065     /usr/lib/jvm/java-6-openjdk/jre/lib/plugin.jar
b50f2000-b50f7000 r--s 00044000 08:01 171064     /usr/lib/jvm/java-6-openjdk/jre/lib/netx.jar
b50f7000-b5129000 rw-p 00000000 00:00 0 
b5129000-b52b8000 r--s 038bb000 08:01 171540     /usr/lib/jvm/java-6-openjdk/jre/lib/rt.jar
b52b8000-b52d6000 rw-p 00000000 00:00 0 
b52d6000-b532a000 rw-p 00000000 00:00 0 
b532a000-b5345000 rw-p 00000000 00:00 0 
b5345000-b53b1000 rw-p 00000000 00:00 0 
b53b1000-b53bf000 rw-p 00000000 00:00 0 
b53bf000-b53f4000 rw-p 00000000 00:00 0 
b53f4000-b540f000 rw-p 00000000 00:00 0 
b540f000-b547a000 rw-p 00000000 00:00 0 
b547a000-b548b000 rw-p 00000000 00:00 0 
b548b000-b54de000 rw-p 00000000 00:00 0 
b54de000-b5506000 rw-p 00000000 00:00 0 
b5506000-b556a000 rw-p 00000000 00:00 0 
b556a000-b5c4a000 rwxp 00000000 00:00 0 
b5c4a000-b756a000 rw-p 00000000 00:00 0 
b756a000-b756d000 ---p 00000000 00:00 0 
b756d000-b776e000 rw-p 00000000 00:00 0 
b776e000-b776f000 r--s 00000000 08:01 173184     /usr/share/netbeans/platform12/lib/locale/boot_ja.jar
b776f000-b7772000 r--s 0000f000 08:01 171046     /usr/lib/jvm/java-6-openjdk/jre/lib/ext/pulse-java.jar
b7772000-b7773000 r--p 002a1000 08:01 132369     /usr/lib/locale/locale-archive
b7773000-b777b000 rw-s 00000000 08:01 10124      /tmp/hsperfdata_gxx/3139
b777b000-b777c000 rw-p 00000000 00:00 0 
b777c000-b777d000 ---p 00000000 00:00 0 
b777d000-b777f000 rw-p 00000000 00:00 0 
bff75000-bff97000 rw-p 00000000 00:00 0          [stack]

VM Arguments:
jvm_args: -Djdk.home=/usr/lib/jvm/java-6-openjdk -Djava.library.path=/usr/lib/jni -Dnetbeans.system_http_proxy=DIRECT -Dnetbeans.system_http_non_proxy_hosts= -Dnetbeans.dirs=/usr/share/netbeans/6.9/nb:/usr/share/netbeans/6.9/bin/../ergonomics:/usr/share/netbeans/6.9/ide:/usr/share/netbeans/6.9/java:/usr/share/netbeans/6.9/bin/../xml:/usr/share/netbeans/6.9/apisupport:/usr/share/netbeans/6.9/bin/../webcommon:/usr/share/netbeans/6.9/bin/../websvccommon:/usr/share/netbeans/6.9/bin/../enterprise:/usr/share/netbeans/6.9/bin/../mobility:/usr/share/netbeans/6.9/bin/../profiler:/usr/share/netbeans/6.9/bin/../ruby:/usr/share/netbeans/6.9/bin/../python:/usr/share/netbeans/6.9/bin/../php:/usr/share/netbeans/6.9/bin/../visualweb:/usr/share/netbeans/6.9/bin/../soa:/usr/share/netbeans/6.9/bin/../identity:/usr/share/netbeans/6.9/bin/../uml:/usr/share/netbeans/6.9/harness:/usr/share/netbeans/6.9/bin/../cnd:/usr/share/netbeans/6.9/bin/../dlight:/usr/share/netbeans/6.9/bin/../groovy:/usr/share/netbeans/6.9/bin/../extra:/usr/share/netbeans/6.9/bin/../javafx:/usr/share/netbeans/6.9/bin/../javacard: -Dnetbeans.home=/usr/share/netbeans/6.9/platform -Dnetbeans.importclass=org.netbeans.upgrade.AutoUpgrade -Xmx402m -Xss2m -Xms32m -XX:PermSize=32m -XX:MaxPermSize=200m -Dapple.laf.useScreenMenuBar=true -Dsun.java2d.noddraw=true -Dsun.java2d.pmoffscreen=false -XX:+HeapDumpOnOutOfMemoryError -XX:HeapDumpPath=/home/gxx/.netbeans/6.9/var/log/heapdump.hprof 
java_command: org.netbeans.Main --userdir /home/gxx/.netbeans/6.9 --branding nb
Launcher Type: SUN_STANDARD

Environment Variables:
PATH=/usr/local/sbin:/usr/local/bin:/usr/sbin:/usr/bin:/sbin:/bin:/usr/games:/var/lib/gems/1.8/bin
USERNAME=gxx
LD_LIBRARY_PATH=/usr/lib/jvm/java-6-openjdk/jre/lib/i386/client:/usr/lib/jvm/java-6-openjdk/jre/lib/i386:/usr/lib/jvm/java-6-openjdk/jre/../lib/i386
SHELL=/bin/bash
DISPLAY=:0.0

Signal Handlers:
SIGSEGV: [libjvm.so+0x3df4f0], sa_mask[0]=0x7ffbfeff, sa_flags=0x10000004
SIGBUS: [libjvm.so+0x3df4f0], sa_mask[0]=0x7ffbfeff, sa_flags=0x10000004
SIGFPE: [libjvm.so+0x3055c0], sa_mask[0]=0x7ffbfeff, sa_flags=0x10000004
SIGPIPE: SIG_IGN, sa_mask[0]=0x00001000, sa_flags=0x10000000
SIGXFSZ: [libjvm.so+0x3055c0], sa_mask[0]=0x7ffbfeff, sa_flags=0x10000004
SIGILL: [libjvm.so+0x3055c0], sa_mask[0]=0x7ffbfeff, sa_flags=0x10000004
SIGUSR1: SIG_DFL, sa_mask[0]=0x00000000, sa_flags=0x00000000
SIGUSR2: [libjvm.so+0x304c70], sa_mask[0]=0x00000000, sa_flags=0x10000004
SIGHUP: [libjvm.so+0x3077e0], sa_mask[0]=0x7ffbfeff, sa_flags=0x10000004
SIGINT: SIG_IGN, sa_mask[0]=0x00000000, sa_flags=0x00000000
SIGTERM: [libjvm.so+0x3077e0], sa_mask[0]=0x7ffbfeff, sa_flags=0x10000004
SIGQUIT: [libjvm.so+0x3077e0], sa_mask[0]=0x7ffbfeff, sa_flags=0x10000004


---------------  S Y S T E M  ---------------

OS:Ubuntu 10.10 (maverick)
uname:Linux 2.6.35-25-generic #44-Ubuntu SMP Fri Jan 21 17:40:48 UTC 2011 i686
libc:glibc 2.12.1 NPTL 2.12.1 
rlimit: STACK 8192k, CORE 0k, NPROC infinity, NOFILE 1024, AS infinity
load average:1.31 1.00 0.45

/proc/meminfo:
MemTotal:        2060872 kB
MemFree:          886432 kB
Buffers:          113092 kB
Cached:           335744 kB
SwapCached:            0 kB
Active:           784744 kB
Inactive:         333056 kB
Active(anon):     670164 kB
Inactive(anon):     9640 kB
Active(file):     114580 kB
Inactive(file):   323416 kB
Unevictable:           0 kB
Mlocked:               0 kB
HighTotal:       1187784 kB
HighFree:         174828 kB
LowTotal:         873088 kB
LowFree:          711604 kB
SwapTotal:        492540 kB
SwapFree:         492540 kB
Dirty:               632 kB
Writeback:             0 kB
AnonPages:        669052 kB
Mapped:            92116 kB
Shmem:             10772 kB
Slab:              39868 kB
SReclaimable:      29944 kB
SUnreclaim:         9924 kB
KernelStack:        2848 kB
PageTables:         6712 kB
NFS_Unstable:          0 kB
Bounce:                0 kB
WritebackTmp:          0 kB
CommitLimit:     1522976 kB
Committed_AS:    1912548 kB
VmallocTotal:     122880 kB
VmallocUsed:        6120 kB
VmallocChunk:     111296 kB
HardwareCorrupted:     0 kB
HugePages_Total:       0
HugePages_Free:        0
HugePages_Rsvd:        0
HugePages_Surp:        0
Hugepagesize:       4096 kB
DirectMap4k:       16376 kB
DirectMap4M:      892928 kB


CPU:total 2 (2 cores per cpu, 1 threads per core) family 6 model 23 stepping 6, cmov, cx8, fxsr, mmx, sse, sse2, sse3, ssse3, sse4.1

Memory: 4k page, physical 2060872k(886432k free), swap 492540k(492540k free)

vm_info: OpenJDK Client VM (19.0-b09) for linux-x86 JRE (1.6.0_20-b20), built on Jan 27 2011 22:47:50 by "buildd" with gcc 4.4.5

time: Fri Nov 16 09:32:16 2012
elapsed time: 159 seconds

