#
# A fatal error has been detected by the Java Runtime Environment:
#
#  SIGSEGV (0xb) at pc=0xb566dc03, pid=3175, tid=2983402352
#
# JRE version: 6.0_20-b20
# Java VM: OpenJDK Client VM (19.0-b09 mixed mode, sharing linux-x86 )
# Derivative: IcedTea6 1.9.5
# Distribution: Ubuntu 10.10, package 6b20-1.9.5-0ubuntu1
# Problematic frame:
# J  java.io.ObjectInputStream.readObject0(Z)Ljava/lang/Object;
#
# If you would like to submit a bug report, please include
# instructions how to reproduce the bug and visit:
#   https://bugs.launchpad.net/ubuntu/+source/openjdk-6/
#

---------------  T H R E A D  ---------------

Current thread (0xb4b89800):  JavaThread "main" [_thread_in_Java, id=3189, stack(0xb1b31000,0xb1d32000)]

siginfo:si_signo=SIGSEGV: si_errno=0, si_code=128 (), si_addr=0x00000000

Registers:
EAX=0x00000071, EBX=0x6e1fb3d8, ECX=0x6e1fb578, EDX=0x00000000
ESP=0xb1d306d0, EBP=0xb1d307c0, ESI=0x6e1fb578, EDI=0x00000005
EIP=0xb566dc03, CR2=0xb778f300, EFLAGS=0x00010246

Register to memory mapping:

EAX=0x00000071
0x00000071 is pointing to unknown location

EBX=0x6e1fb3d8

[error occurred during error reporting (printing registers, top of stack, instructions near pc), id 0xb]

Stack: [0xb1b31000,0xb1d32000],  sp=0xb1d306d0,  free space=2045k
Native frames: (J=compiled Java code, j=interpreted, Vv=VM code, C=native code)
J  java.io.ObjectInputStream.readObject0(Z)Ljava/lang/Object;
j  java.io.ObjectInputStream.readSerialData(Ljava/lang/Object;Ljava/io/ObjectStreamClass;)V+173
j  java.io.ObjectInputStream.readOrdinaryObject(Z)Ljava/lang/Object;+144
J  java.io.ObjectInputStream.readObject0(Z)Ljava/lang/Object;
j  java.util.HashSet.readObject(Ljava/io/ObjectInputStream;)V+63
j  sun.reflect.GeneratedMethodAccessor1.invoke(Ljava/lang/Object;[Ljava/lang/Object;)Ljava/lang/Object;+40
j  sun.reflect.DelegatingMethodAccessorImpl.invoke(Ljava/lang/Object;[Ljava/lang/Object;)Ljava/lang/Object;+6
j  java.lang.reflect.Method.invoke(Ljava/lang/Object;[Ljava/lang/Object;)Ljava/lang/Object;+161
j  java.io.ObjectStreamClass.invokeReadObject(Ljava/lang/Object;Ljava/io/ObjectInputStream;)V+20
j  java.io.ObjectInputStream.readSerialData(Ljava/lang/Object;Ljava/io/ObjectStreamClass;)V+93
j  java.io.ObjectInputStream.readOrdinaryObject(Z)Ljava/lang/Object;+144
j  java.io.ObjectInputStream.readObject0(Z)Ljava/lang/Object;+389
j  java.io.ObjectInputStream.readObject()Ljava/lang/Object;+19
j  org.netbeans.core.startup.ModuleList.readCache()Ljava/util/Map;+84
j  org.netbeans.core.startup.ModuleList$ReadInitial.run()V+4
j  org.openide.filesystems.EventControl.runAtomicAction(Lorg/openide/filesystems/FileSystem$AtomicAction;)V+7
j  org.openide.filesystems.FileSystem.runAtomicAction(Lorg/openide/filesystems/FileSystem$AtomicAction;)V+5
j  org.netbeans.core.startup.ModuleList.readInitial()Ljava/util/Set;+37
j  org.netbeans.core.startup.ModuleSystem.readList()V+32
j  org.netbeans.core.startup.Main.getModuleSystem()Lorg/netbeans/core/startup/ModuleSystem;+90
j  org.netbeans.core.startup.Main.start([Ljava/lang/String;)V+355
j  org.netbeans.core.startup.TopThreadGroup.run()V+4
j  java.lang.Thread.run()V+11
v  ~StubRoutines::call_stub
V  [libjvm.so+0x203db2]
V  [libjvm.so+0x302879]
V  [libjvm.so+0x202d4f]
V  [libjvm.so+0x2031aa]
V  [libjvm.so+0x203308]
V  [libjvm.so+0x255670]
V  [libjvm.so+0x3b15ec]
V  [libjvm.so+0x3b16b2]
V  [libjvm.so+0x3092a1]
C  [libpthread.so.0+0x5cc9]


---------------  P R O C E S S  ---------------

Java Threads: ( => current thread )
  0x09672000 JavaThread "AWT-EventQueue-0" [_thread_blocked, id=3198, stack(0xb12ac000,0xb14ad000)]
  0x09671800 JavaThread "AWT-Shutdown" [_thread_blocked, id=3197, stack(0xb14ae000,0xb16af000)]
  0x095fd800 JavaThread "AWT-XAWT" daemon [_thread_in_native, id=3191, stack(0xb16af000,0xb18b0000)]
  0x095ac000 JavaThread "Java2D Disposer" daemon [_thread_blocked, id=3190, stack(0xb1930000,0xb1b31000)]
=>0xb4b89800 JavaThread "main" [_thread_in_Java, id=3189, stack(0xb1b31000,0xb1d32000)]
  0xb4b88800 JavaThread "Inactive RequestProcessor thread [Was:OpenIDE-request-processor-0/org.openide.util.lookup.AbstractLookup$NotifyListeners]" daemon [_thread_blocked, id=3188, stack(0xb1d32000,0xb1f33000)]
  0xb4b7d400 JavaThread "CLI Requests Server" daemon [_thread_in_native, id=3187, stack(0xb1f33000,0xb2134000)]
  0xb4b51000 JavaThread "Active Reference Queue Daemon" daemon [_thread_blocked, id=3186, stack(0xb4041000,0xb4242000)]
  0xb4b38c00 JavaThread "Timer-0" daemon [_thread_blocked, id=3185, stack(0xb4242000,0xb4443000)]
  0xb4b06c00 JavaThread "Low Memory Detector" daemon [_thread_blocked, id=3182, stack(0xb44fe000,0xb46ff000)]
  0xb4b05000 JavaThread "CompilerThread0" daemon [_thread_blocked, id=3181, stack(0xb4c00000,0xb4c81000)]
  0xb4b03400 JavaThread "Signal Dispatcher" daemon [_thread_blocked, id=3180, stack(0xb46ff000,0xb4900000)]
  0x0951d400 JavaThread "Finalizer" daemon [_thread_blocked, id=3179, stack(0xb4c81000,0xb4e82000)]
  0x0951bc00 JavaThread "Reference Handler" daemon [_thread_blocked, id=3178, stack(0xb4e82000,0xb5083000)]
  0x094ed400 JavaThread "main" [_thread_blocked, id=3176, stack(0xb757e000,0xb777f000)]

Other Threads:
  0x0951a400 VMThread [stack: 0xb5083000,0xb5104000] [id=3177]
  0xb4b09400 WatcherThread [stack: 0xb447d000,0xb44fe000] [id=3183]

VM state:not at safepoint (normal execution)

VM Mutex/Monitor currently owned by a thread: None

Heap
 def new generation   total 9792K, used 3672K [0x6dfc0000, 0x6ea60000, 0x765c0000)
  eden space 8704K,  34% used [0x6dfc0000, 0x6e2acae0, 0x6e840000)
  from space 1088K,  62% used [0x6e840000, 0x6e8e9710, 0x6e950000)
  to   space 1088K,   0% used [0x6e950000, 0x6e950000, 0x6ea60000)
 tenured generation   total 21888K, used 2147K [0x765c0000, 0x77b20000, 0x871c0000)
   the space 21888K,   9% used [0x765c0000, 0x767d8da0, 0x767d8e00, 0x77b20000)
 compacting perm gen  total 32768K, used 3913K [0x871c0000, 0x891c0000, 0x939c0000)
   the space 32768K,  11% used [0x871c0000, 0x875925a0, 0x87592600, 0x891c0000)
    ro space 10240K,  73% used [0x939c0000, 0x94116e28, 0x94117000, 0x943c0000)
    rw space 12288K,  60% used [0x943c0000, 0x94aff9f8, 0x94affa00, 0x94fc0000)

Dynamic libraries:
00110000-00125000 r-xp 00000000 08:01 407784     /lib/libpthread-2.12.1.so
00125000-00126000 ---p 00015000 08:01 407784     /lib/libpthread-2.12.1.so
00126000-00127000 r--p 00015000 08:01 407784     /lib/libpthread-2.12.1.so
00127000-00128000 rw-p 00016000 08:01 407784     /lib/libpthread-2.12.1.so
00128000-0012a000 rw-p 00000000 00:00 0 
0012a000-0014e000 r-xp 00000000 08:01 407769     /lib/libm-2.12.1.so
0014e000-0014f000 r--p 00023000 08:01 407769     /lib/libm-2.12.1.so
0014f000-00150000 rw-p 00024000 08:01 407769     /lib/libm-2.12.1.so
00150000-0015b000 r-xp 00000000 08:01 171576     /usr/lib/jvm/java-6-openjdk/jre/lib/i386/libverify.so
0015b000-0015c000 ---p 0000b000 08:01 171576     /usr/lib/jvm/java-6-openjdk/jre/lib/i386/libverify.so
0015c000-0015d000 r--p 0000b000 08:01 171576     /usr/lib/jvm/java-6-openjdk/jre/lib/i386/libverify.so
0015d000-0015e000 rw-p 0000c000 08:01 171576     /usr/lib/jvm/java-6-openjdk/jre/lib/i386/libverify.so
0015e000-00180000 r-xp 00000000 08:01 171560     /usr/lib/jvm/java-6-openjdk/jre/lib/i386/libjava.so
00180000-00181000 r--p 00021000 08:01 171560     /usr/lib/jvm/java-6-openjdk/jre/lib/i386/libjava.so
00181000-00183000 rw-p 00022000 08:01 171560     /usr/lib/jvm/java-6-openjdk/jre/lib/i386/libjava.so
00183000-00189000 r-xp 00000000 08:01 171579     /usr/lib/jvm/java-6-openjdk/jre/lib/i386/native_threads/libhpi.so
00189000-0018a000 r--p 00005000 08:01 171579     /usr/lib/jvm/java-6-openjdk/jre/lib/i386/native_threads/libhpi.so
0018a000-0018b000 rw-p 00006000 08:01 171579     /usr/lib/jvm/java-6-openjdk/jre/lib/i386/native_threads/libhpi.so
0018b000-00191000 r-xp 00000000 08:01 171577     /usr/lib/jvm/java-6-openjdk/jre/lib/i386/libzip.so
00191000-00192000 r--p 00005000 08:01 171577     /usr/lib/jvm/java-6-openjdk/jre/lib/i386/libzip.so
00192000-00193000 rw-p 00006000 08:01 171577     /usr/lib/jvm/java-6-openjdk/jre/lib/i386/libzip.so
00193000-0019a000 r-xp 00000000 08:01 171571     /usr/lib/jvm/java-6-openjdk/jre/lib/i386/libnio.so
0019a000-0019b000 r--p 00006000 08:01 171571     /usr/lib/jvm/java-6-openjdk/jre/lib/i386/libnio.so
0019b000-0019c000 rw-p 00007000 08:01 171571     /usr/lib/jvm/java-6-openjdk/jre/lib/i386/libnio.so
0019c000-0021e000 r-xp 00000000 08:01 171551     /usr/lib/jvm/java-6-openjdk/jre/lib/i386/libawt.so
0021e000-0021f000 r--p 00081000 08:01 171551     /usr/lib/jvm/java-6-openjdk/jre/lib/i386/libawt.so
0021f000-00225000 rw-p 00082000 08:01 171551     /usr/lib/jvm/java-6-openjdk/jre/lib/i386/libawt.so
00225000-0024a000 rw-p 00000000 00:00 0 
0024a000-0028d000 r-xp 00000000 08:01 171868     /usr/lib/jvm/java-6-openjdk/jre/lib/i386/xawt/libmawt.so
0028d000-0028e000 r--p 00042000 08:01 171868     /usr/lib/jvm/java-6-openjdk/jre/lib/i386/xawt/libmawt.so
0028e000-00290000 rw-p 00043000 08:01 171868     /usr/lib/jvm/java-6-openjdk/jre/lib/i386/xawt/libmawt.so
00290000-00291000 rw-p 00000000 00:00 0 
00291000-00293000 r-xp 00000000 08:01 132787     /usr/lib/libXau.so.6.0.0
00293000-00294000 r--p 00001000 08:01 132787     /usr/lib/libXau.so.6.0.0
00294000-00295000 rw-p 00002000 08:01 132787     /usr/lib/libXau.so.6.0.0
00295000-00299000 r-xp 00000000 08:01 132798     /usr/lib/libXdmcp.so.6.0.0
00299000-0029a000 r--p 00003000 08:01 132798     /usr/lib/libXdmcp.so.6.0.0
0029a000-0029b000 rw-p 00004000 08:01 132798     /usr/lib/libXdmcp.so.6.0.0
0029b000-0029f000 r-xp 00000000 08:01 132802     /usr/lib/libXfixes.so.3.1.0
0029f000-002a0000 r--p 00003000 08:01 132802     /usr/lib/libXfixes.so.3.1.0
002a0000-002a1000 rw-p 00004000 08:01 132802     /usr/lib/libXfixes.so.3.1.0
002a3000-002bf000 r-xp 00000000 08:01 407759     /lib/ld-2.12.1.so
002bf000-002c0000 r--p 0001b000 08:01 407759     /lib/ld-2.12.1.so
002c0000-002c1000 rw-p 0001c000 08:01 407759     /lib/ld-2.12.1.so
002c1000-003da000 r-xp 00000000 08:01 132783     /usr/lib/libX11.so.6.3.0
003da000-003db000 r--p 00118000 08:01 132783     /usr/lib/libX11.so.6.3.0
003db000-003dd000 rw-p 00119000 08:01 132783     /usr/lib/libX11.so.6.3.0
003dd000-003de000 rw-p 00000000 00:00 0 
003f5000-0040d000 r-xp 00000000 08:01 133749     /usr/lib/libxcb.so.1.1.0
0040d000-0040e000 r--p 00017000 08:01 133749     /usr/lib/libxcb.so.1.1.0
0040e000-0040f000 rw-p 00018000 08:01 133749     /usr/lib/libxcb.so.1.1.0
0040f000-00429000 r-xp 00000000 08:01 392082     /lib/libgcc_s.so.1
00429000-0042a000 r--p 00019000 08:01 392082     /lib/libgcc_s.so.1
0042a000-0042b000 rw-p 0001a000 08:01 392082     /lib/libgcc_s.so.1
0042b000-0044e000 r-xp 00000000 08:01 392152     /lib/libpng12.so.0.44.0
0044e000-0044f000 r--p 00022000 08:01 392152     /lib/libpng12.so.0.44.0
0044f000-00450000 rw-p 00023000 08:01 392152     /lib/libpng12.so.0.44.0
00466000-00479000 r-xp 00000000 08:01 407771     /lib/libnsl-2.12.1.so
00479000-0047a000 r--p 00012000 08:01 407771     /lib/libnsl-2.12.1.so
0047a000-0047b000 rw-p 00013000 08:01 407771     /lib/libnsl-2.12.1.so
0047b000-0047d000 rw-p 00000000 00:00 0 
0047d000-0049c000 r-xp 00000000 08:01 133363     /usr/lib/libjpeg.so.62.0.0
0049c000-0049d000 r--p 0001e000 08:01 133363     /usr/lib/libjpeg.so.62.0.0
0049d000-0049e000 rw-p 0001f000 08:01 133363     /usr/lib/libjpeg.so.62.0.0
004ad000-004b6000 r-xp 00000000 08:01 407778     /lib/libnss_nis-2.12.1.so
004b6000-004b7000 r--p 00008000 08:01 407778     /lib/libnss_nis-2.12.1.so
004b7000-004b8000 rw-p 00009000 08:01 407778     /lib/libnss_nis-2.12.1.so
004be000-004c0000 r-xp 00000000 08:01 407768     /lib/libdl-2.12.1.so
004c0000-004c1000 r--p 00001000 08:01 407768     /lib/libdl-2.12.1.so
004c1000-004c2000 rw-p 00002000 08:01 407768     /lib/libdl-2.12.1.so
004c2000-004ef000 r-xp 00000000 08:01 171567     /usr/lib/jvm/java-6-openjdk/jre/lib/i386/liblcms.so
004ef000-004f0000 r--p 0002c000 08:01 171567     /usr/lib/jvm/java-6-openjdk/jre/lib/i386/liblcms.so
004f0000-004f1000 rw-p 0002d000 08:01 171567     /usr/lib/jvm/java-6-openjdk/jre/lib/i386/liblcms.so
004f1000-004f3000 rw-p 00000000 00:00 0 
00508000-00509000 r-xp 00000000 00:00 0          [vdso]
00608000-00610000 r-xp 00000000 08:01 132794     /usr/lib/libXcursor.so.1.0.2
00610000-00611000 r--p 00007000 08:01 132794     /usr/lib/libXcursor.so.1.0.2
00611000-00612000 rw-p 00008000 08:01 132794     /usr/lib/libXcursor.so.1.0.2
0061c000-00625000 r-xp 00000000 08:01 171564     /usr/lib/jvm/java-6-openjdk/jre/lib/i386/libjpeg.so
00625000-00626000 r--p 00008000 08:01 171564     /usr/lib/jvm/java-6-openjdk/jre/lib/i386/libjpeg.so
00626000-00627000 rw-p 00009000 08:01 171564     /usr/lib/jvm/java-6-openjdk/jre/lib/i386/libjpeg.so
0067e000-0068c000 r-xp 00000000 08:01 132800     /usr/lib/libXext.so.6.4.0
0068c000-0068d000 r--p 0000d000 08:01 132800     /usr/lib/libXext.so.6.4.0
0068d000-0068e000 rw-p 0000e000 08:01 132800     /usr/lib/libXext.so.6.4.0
006bb000-006c2000 r-xp 00000000 08:01 407786     /lib/librt-2.12.1.so
006c2000-006c3000 r--p 00006000 08:01 407786     /lib/librt-2.12.1.so
006c3000-006c4000 rw-p 00007000 08:01 407786     /lib/librt-2.12.1.so
0075f000-00766000 r-xp 00000000 08:01 154371     /usr/lib/libgif.so.4.1.6
00766000-00767000 r--p 00006000 08:01 154371     /usr/lib/libgif.so.4.1.6
00767000-00768000 rw-p 00007000 08:01 154371     /usr/lib/libgif.so.4.1.6
007ac000-0081e000 r-xp 00000000 08:01 129893     /usr/lib/libfreetype.so.6.6.0
0081e000-00822000 r--p 00071000 08:01 129893     /usr/lib/libfreetype.so.6.6.0
00822000-00823000 rw-p 00075000 08:01 129893     /usr/lib/libfreetype.so.6.6.0
00825000-00869000 r-xp 00000000 08:01 171553     /usr/lib/jvm/java-6-openjdk/jre/lib/i386/libfontmanager.so
00869000-0086b000 r--p 00043000 08:01 171553     /usr/lib/jvm/java-6-openjdk/jre/lib/i386/libfontmanager.so
0086b000-0086c000 rw-p 00045000 08:01 171553     /usr/lib/jvm/java-6-openjdk/jre/lib/i386/libfontmanager.so
0086c000-00871000 rw-p 00000000 00:00 0 
008d5000-008dd000 r-xp 00000000 08:01 171866     /usr/lib/jvm/java-6-openjdk/jre/lib/i386/libsplashscreen.so
008dd000-008de000 r--p 00007000 08:01 171866     /usr/lib/jvm/java-6-openjdk/jre/lib/i386/libsplashscreen.so
008de000-008df000 rw-p 00008000 08:01 171866     /usr/lib/jvm/java-6-openjdk/jre/lib/i386/libsplashscreen.so
008df000-008e1000 rw-p 00000000 00:00 0 
00903000-00917000 r-xp 00000000 08:01 171570     /usr/lib/jvm/java-6-openjdk/jre/lib/i386/libnet.so
00917000-00918000 r--p 00013000 08:01 171570     /usr/lib/jvm/java-6-openjdk/jre/lib/i386/libnet.so
00918000-00919000 rw-p 00014000 08:01 171570     /usr/lib/jvm/java-6-openjdk/jre/lib/i386/libnet.so
009b1000-009bd000 r-xp 00000000 08:01 132808     /usr/lib/libXi.so.6.1.0
009bd000-009be000 r--p 0000b000 08:01 132808     /usr/lib/libXi.so.6.1.0
009be000-009bf000 rw-p 0000c000 08:01 132808     /usr/lib/libXi.so.6.1.0
00a7b000-00a85000 r-xp 00000000 08:01 407775     /lib/libnss_files-2.12.1.so
00a85000-00a86000 r--p 00009000 08:01 407775     /lib/libnss_files-2.12.1.so
00a86000-00a87000 rw-p 0000a000 08:01 407775     /lib/libnss_files-2.12.1.so
00abf000-00ac3000 r-xp 00000000 08:01 132828     /usr/lib/libXtst.so.6.1.0
00ac3000-00ac4000 r--p 00003000 08:01 132828     /usr/lib/libXtst.so.6.1.0
00ac4000-00ac5000 rw-p 00004000 08:01 132828     /usr/lib/libXtst.so.6.1.0
00b02000-00b08000 r-xp 00000000 08:01 407773     /lib/libnss_compat-2.12.1.so
00b08000-00b09000 r--p 00006000 08:01 407773     /lib/libnss_compat-2.12.1.so
00b09000-00b0a000 rw-p 00007000 08:01 407773     /lib/libnss_compat-2.12.1.so
00b51000-00b54000 r-xp 00000000 08:01 171548     /usr/lib/jvm/java-6-openjdk/jre/lib/i386/jli/libjli.so
00b54000-00b55000 r--p 00002000 08:01 171548     /usr/lib/jvm/java-6-openjdk/jre/lib/i386/jli/libjli.so
00b55000-00b56000 rw-p 00003000 08:01 171548     /usr/lib/jvm/java-6-openjdk/jre/lib/i386/jli/libjli.so
00b66000-00b79000 r-xp 00000000 08:01 392197     /lib/libz.so.1.2.3.4
00b79000-00b7a000 r--p 00012000 08:01 392197     /lib/libz.so.1.2.3.4
00b7a000-00b7b000 rw-p 00013000 08:01 392197     /lib/libz.so.1.2.3.4
00ba2000-00baa000 r-xp 00000000 08:01 132822     /usr/lib/libXrender.so.1.3.0
00baa000-00bab000 r--p 00007000 08:01 132822     /usr/lib/libXrender.so.1.3.0
00bab000-00bac000 rw-p 00008000 08:01 132822     /usr/lib/libXrender.so.1.3.0
00bc5000-00d1c000 r-xp 00000000 08:01 407764     /lib/libc-2.12.1.so
00d1c000-00d1e000 r--p 00157000 08:01 407764     /lib/libc-2.12.1.so
00d1e000-00d1f000 rw-p 00159000 08:01 407764     /lib/libc-2.12.1.so
00d1f000-00d22000 rw-p 00000000 00:00 0 
00d22000-01169000 r-xp 00000000 08:01 171543     /usr/lib/jvm/java-6-openjdk/jre/lib/i386/client/libjvm.so
01169000-01180000 r--p 00447000 08:01 171543     /usr/lib/jvm/java-6-openjdk/jre/lib/i386/client/libjvm.so
01180000-0118d000 rw-p 0045e000 08:01 171543     /usr/lib/jvm/java-6-openjdk/jre/lib/i386/client/libjvm.so
0118d000-015a9000 rw-p 00000000 00:00 0 
08048000-08051000 r-xp 00000000 08:01 171609     /usr/lib/jvm/java-6-openjdk/jre/bin/java
08051000-08052000 r--p 00008000 08:01 171609     /usr/lib/jvm/java-6-openjdk/jre/bin/java
08052000-08053000 rw-p 00009000 08:01 171609     /usr/lib/jvm/java-6-openjdk/jre/bin/java
094e5000-09739000 rw-p 00000000 00:00 0          [heap]
6dfc0000-6ea60000 rw-p 00000000 00:00 0 
6ea60000-765c0000 rw-p 00000000 00:00 0 
765c0000-77b20000 rw-p 00000000 00:00 0 
77b20000-871c0000 rw-p 00000000 00:00 0 
871c0000-891c0000 rw-p 00000000 00:00 0 
891c0000-939c0000 rw-p 00000000 00:00 0 
939c0000-94117000 r--s 00001000 08:01 175415     /usr/lib/jvm/java-6-openjdk/jre/lib/i386/client/classes.jsa
94117000-943c0000 rw-p 00000000 00:00 0 
943c0000-94b00000 rw-p 00758000 08:01 175415     /usr/lib/jvm/java-6-openjdk/jre/lib/i386/client/classes.jsa
94b00000-94fc0000 rw-p 00000000 00:00 0 
94fc0000-950bb000 rw-p 00e98000 08:01 175415     /usr/lib/jvm/java-6-openjdk/jre/lib/i386/client/classes.jsa
950bb000-953c0000 rw-p 00000000 00:00 0 
953c0000-953c8000 r-xs 00f93000 08:01 175415     /usr/lib/jvm/java-6-openjdk/jre/lib/i386/client/classes.jsa
953c8000-957c0000 rw-p 00000000 00:00 0 
b1116000-b11a1000 rw-s 00000000 00:04 458763     /SYSV00000000 (deleted)
b11cb000-b12ac000 r--s 00000000 08:01 175635     /home/gxx/.netbeans/6.9/var/cache/all-layers.dat
b12ac000-b12af000 ---p 00000000 00:00 0 
b12af000-b14ad000 rw-p 00000000 00:00 0 
b14ad000-b14ae000 r--p 00000000 00:00 0 
b14ae000-b14b1000 ---p 00000000 00:00 0 
b14b1000-b16af000 rw-p 00000000 00:00 0 
b16af000-b16b2000 ---p 00000000 00:00 0 
b16b2000-b18b0000 rw-p 00000000 00:00 0 
b18b0000-b18b6000 r--s 000fc000 08:01 171066     /usr/lib/jvm/java-6-openjdk/jre/lib/resources.jar
b18b6000-b18b7000 r--s 00000000 08:01 158402     /var/cache/fontconfig/c05880de57d1f5e948fdfacc138775d9-le32d4.cache-3
b18b7000-b18bd000 r--s 00000000 08:01 158399     /var/cache/fontconfig/945677eb7aeaf62f1d50efc3fb3ec7d8-le32d4.cache-3
b18bd000-b18bf000 r--s 00000000 08:01 158400     /var/cache/fontconfig/99e8ed0e538f840c565b6ed5dad60d56-le32d4.cache-3
b18bf000-b18c2000 r--s 00000000 08:01 158409     /var/cache/fontconfig/e383d7ea5fbe662a33d9b44caf393297-le32d4.cache-3
b18c2000-b18c5000 r--s 00000000 08:01 137787     /var/cache/fontconfig/2cd17615ca594fa2959ae173292e504c-le32d4.cache-3
b18c5000-b18c6000 r--s 00000000 08:01 158410     /var/cache/fontconfig/e7071f4a29fa870f4323321c154eba04-le32d4.cache-3
b18c6000-b18c9000 r--s 00000000 08:01 158396     /var/cache/fontconfig/6eb3985aa4124903f6ff08ba781cd364-le32d4.cache-3
b18c9000-b18ca000 r--s 00000000 08:01 158392     /var/cache/fontconfig/4c73fe0c47614734b17d736dbde7580a-le32d4.cache-3
b18ca000-b18cb000 r--s 00000000 08:01 158385     /var/cache/fontconfig/0d8c3b2ac0904cb8a57a757ad11a4a08-le32d4.cache-3
b18cb000-b18cc000 r--s 00000000 08:01 158394     /var/cache/fontconfig/6a53c69dea097a2d716e069445527da8-le32d4.cache-3
b18cc000-b18d0000 r--s 00000000 08:01 158401     /var/cache/fontconfig/a755afe4a08bf5b97852ceb7400b47bc-le32d4.cache-3
b18d0000-b18d7000 r--s 00000000 08:01 175402     /var/cache/fontconfig/6d41288fd70b0be22e8c3a91e032eec0-le32d4.cache-3
b18d7000-b18e2000 r--s 00000000 08:01 158386     /var/cache/fontconfig/0f34bcd4b6ee430af32735b75db7f02b-le32d4.cache-3
b18e2000-b18e5000 r--s 00000000 08:01 158406     /var/cache/fontconfig/d60319d88cac85ba9e1a07bd06cfbb8c-le32d4.cache-3
b18e5000-b18e6000 r--s 00000000 08:01 137786     /var/cache/fontconfig/4794a0821666d79190d59a36cb4f44b5-le32d4.cache-3
b18e6000-b18ee000 r--s 00000000 08:01 158405     /var/cache/fontconfig/d52a8644073d54c13679302ca1180695-le32d4.cache-3
b18ee000-b18f0000 r--s 00000000 08:01 137784     /var/cache/fontconfig/e13b20fdb08344e0e664864cc2ede53d-le32d4.cache-3
b18f0000-b18f3000 r--s 00000000 08:01 158398     /var/cache/fontconfig/7ef2298fde41cc6eeb7af42e48b7d293-le32d4.cache-3
b18f3000-b18f4000 r--s 00000000 08:01 158402     /var/cache/fontconfig/c05880de57d1f5e948fdfacc138775d9-le32d4.cache-3
b18f4000-b18fa000 r--s 00000000 08:01 158399     /var/cache/fontconfig/945677eb7aeaf62f1d50efc3fb3ec7d8-le32d4.cache-3
b18fa000-b18fc000 r--s 00000000 08:01 158400     /var/cache/fontconfig/99e8ed0e538f840c565b6ed5dad60d56-le32d4.cache-3
b18fc000-b18ff000 r--s 00000000 08:01 158409     /var/cache/fontconfig/e383d7ea5fbe662a33d9b44caf393297-le32d4.cache-3
b18ff000-b1902000 r--s 00000000 08:01 137787     /var/cache/fontconfig/2cd17615ca594fa2959ae173292e504c-le32d4.cache-3
b1902000-b1903000 r--s 00000000 08:01 158410     /var/cache/fontconfig/e7071f4a29fa870f4323321c154eba04-le32d4.cache-3
b1903000-b1906000 r--s 00000000 08:01 158396     /var/cache/fontconfig/6eb3985aa4124903f6ff08ba781cd364-le32d4.cache-3
b1906000-b1907000 r--s 00000000 08:01 158392     /var/cache/fontconfig/4c73fe0c47614734b17d736dbde7580a-le32d4.cache-3
b1907000-b1908000 r--s 00000000 08:01 158385     /var/cache/fontconfig/0d8c3b2ac0904cb8a57a757ad11a4a08-le32d4.cache-3
b1908000-b1909000 r--s 00000000 08:01 158394     /var/cache/fontconfig/6a53c69dea097a2d716e069445527da8-le32d4.cache-3
b1909000-b190d000 r--s 00000000 08:01 158401     /var/cache/fontconfig/a755afe4a08bf5b97852ceb7400b47bc-le32d4.cache-3
b190d000-b1914000 r--s 00000000 08:01 175402     /var/cache/fontconfig/6d41288fd70b0be22e8c3a91e032eec0-le32d4.cache-3
b1914000-b191f000 r--s 00000000 08:01 158386     /var/cache/fontconfig/0f34bcd4b6ee430af32735b75db7f02b-le32d4.cache-3
b191f000-b1922000 r--s 00000000 08:01 158406     /var/cache/fontconfig/d60319d88cac85ba9e1a07bd06cfbb8c-le32d4.cache-3
b1922000-b1923000 r--s 00000000 08:01 137786     /var/cache/fontconfig/4794a0821666d79190d59a36cb4f44b5-le32d4.cache-3
b1923000-b192b000 r--s 00000000 08:01 158405     /var/cache/fontconfig/d52a8644073d54c13679302ca1180695-le32d4.cache-3
b192b000-b192d000 r--s 00000000 08:01 137784     /var/cache/fontconfig/e13b20fdb08344e0e664864cc2ede53d-le32d4.cache-3
b192d000-b1930000 r--s 00000000 08:01 158398     /var/cache/fontconfig/7ef2298fde41cc6eeb7af42e48b7d293-le32d4.cache-3
b1930000-b1933000 ---p 00000000 00:00 0 
b1933000-b1b31000 rw-p 00000000 00:00 0 
b1b31000-b1b34000 ---p 00000000 00:00 0 
b1b34000-b1d32000 rw-p 00000000 00:00 0 
b1d32000-b1d35000 ---p 00000000 00:00 0 
b1d35000-b1f33000 rw-p 00000000 00:00 0 
b1f33000-b1f36000 ---p 00000000 00:00 0 
b1f36000-b3fd1000 rw-p 00000000 00:00 0 
b3fd1000-b4030000 r--s 00d86000 08:01 171891     /usr/lib/jvm/java-6-openjdk/lib/tools.jar
b4030000-b4036000 r--s 0001f000 08:01 171895     /usr/lib/jvm/java-6-openjdk/lib/dt.jar
b4036000-b4037000 r--s 00001000 08:01 173191     /usr/share/netbeans/platform12/lib/locale/org-openide-util_zh_CN.jar
b4037000-b4038000 r--s 00001000 08:01 173195     /usr/share/netbeans/platform12/lib/locale/org-openide-util_pt_BR.jar
b4038000-b4039000 r--s 00000000 08:01 173190     /usr/share/netbeans/platform12/lib/locale/org-openide-util-lookup_zh_CN.jar
b4039000-b403a000 r--s 00000000 08:01 173194     /usr/share/netbeans/platform12/lib/locale/org-openide-util-lookup_pt_BR.jar
b403a000-b403b000 r--s 00000000 08:01 173186     /usr/share/netbeans/platform12/lib/locale/org-openide-util-lookup_ja.jar
b403b000-b403c000 r--s 00001000 08:01 173187     /usr/share/netbeans/platform12/lib/locale/org-openide-util_ja.jar
b403c000-b403d000 r--s 00000000 08:01 173189     /usr/share/netbeans/platform12/lib/locale/org-openide-modules_zh_CN.jar
b403d000-b403e000 r--s 00000000 08:01 173193     /usr/share/netbeans/platform12/lib/locale/org-openide-modules_pt_BR.jar
b403e000-b403f000 r--s 00000000 08:01 173185     /usr/share/netbeans/platform12/lib/locale/org-openide-modules_ja.jar
b403f000-b4040000 r--s 00000000 08:01 173188     /usr/share/netbeans/platform12/lib/locale/boot_zh_CN.jar
b4040000-b4041000 r--s 00000000 08:01 173192     /usr/share/netbeans/platform12/lib/locale/boot_pt_BR.jar
b4041000-b4044000 ---p 00000000 00:00 0 
b4044000-b4242000 rw-p 00000000 00:00 0 
b4242000-b4245000 ---p 00000000 00:00 0 
b4245000-b4443000 rw-p 00000000 00:00 0 
b4443000-b4444000 r--s 00000000 08:01 175285     /usr/share/netbeans/6.9/nb/core/locale/core_nb_pt_BR.jar
b4444000-b4445000 r--s 00000000 08:01 175281     /usr/share/netbeans/6.9/nb/core/locale/core_nb_ja.jar
b4445000-b4446000 r--s 00000000 08:01 175282     /usr/share/netbeans/6.9/nb/core/locale/org-netbeans-upgrader_ja.jar
b4446000-b4447000 r--s 00000000 08:01 175284     /usr/share/netbeans/6.9/nb/core/locale/org-netbeans-upgrader_zh_CN.jar
b4447000-b4448000 r--s 00000000 08:01 175283     /usr/share/netbeans/6.9/nb/core/locale/core_nb_zh_CN.jar
b4448000-b4449000 r--s 00045000 08:01 175280     /usr/share/netbeans/6.9/nb/core/locale/core_nb.jar
b4449000-b444a000 r--s 00000000 08:01 175286     /usr/share/netbeans/6.9/nb/core/locale/org-netbeans-upgrader_pt_BR.jar
b444a000-b444d000 r--s 0003b000 08:01 175287     /usr/share/netbeans/6.9/nb/core/org-netbeans-upgrader.jar
b444d000-b444e000 r--s 00001000 08:01 173175     /usr/share/netbeans/platform12/core/locale/core_pt_BR.jar
b444e000-b444f000 r--s 00001000 08:01 173171     /usr/share/netbeans/platform12/core/locale/core_ja.jar
b444f000-b4450000 r--s 00001000 08:01 173173     /usr/share/netbeans/platform12/core/locale/core_zh_CN.jar
b4450000-b4451000 r--s 00001000 08:01 173174     /usr/share/netbeans/platform12/core/locale/org-openide-filesystems_zh_CN.jar
b4451000-b4452000 r--s 00001000 08:01 173176     /usr/share/netbeans/platform12/core/locale/org-openide-filesystems_pt_BR.jar
b4452000-b4453000 r--s 00001000 08:01 173172     /usr/share/netbeans/platform12/core/locale/org-openide-filesystems_ja.jar
b4453000-b4458000 r--s 00093000 08:01 173169     /usr/share/netbeans/platform12/core/core.jar
b4458000-b445f000 r--s 00099000 08:01 173168     /usr/share/netbeans/platform12/core/org-openide-filesystems.jar
b445f000-b4462000 r--s 00033000 08:01 173178     /usr/share/netbeans/platform12/lib/org-openide-util-lookup.jar
b4462000-b4468000 r--s 00074000 08:01 173179     /usr/share/netbeans/platform12/lib/org-openide-util.jar
b4468000-b446a000 r--s 00006000 08:01 173180     /usr/share/netbeans/platform12/lib/org-openide-modules.jar
b446a000-b446d000 r--s 0003f000 08:01 173181     /usr/share/netbeans/platform12/lib/boot.jar
b446d000-b4475000 r--s 00053000 08:01 308686     /usr/share/java/log4j-1.2-1.2.15.jar
b4475000-b447d000 r--s 00066000 08:01 304357     /usr/share/java/gnome-java-bridge.jar
b447d000-b447e000 ---p 00000000 00:00 0 
b447e000-b44fe000 rw-p 00000000 00:00 0 
b44fe000-b4501000 ---p 00000000 00:00 0 
b4501000-b46ff000 rw-p 00000000 00:00 0 
b46ff000-b4702000 ---p 00000000 00:00 0 
b4702000-b4900000 rw-p 00000000 00:00 0 
b4900000-b4b00000 r--p 00000000 08:01 132369     /usr/lib/locale/locale-archive
b4b00000-b4bff000 rw-p 00000000 00:00 0 
b4bff000-b4c00000 ---p 00000000 00:00 0 
b4c00000-b4c03000 ---p 00000000 00:00 0 
b4c03000-b4c81000 rw-p 00000000 00:00 0 
b4c81000-b4c84000 ---p 00000000 00:00 0 
b4c84000-b4e82000 rw-p 00000000 00:00 0 
b4e82000-b4e85000 ---p 00000000 00:00 0 
b4e85000-b5083000 rw-p 00000000 00:00 0 
b5083000-b5084000 ---p 00000000 00:00 0 
b5084000-b5104000 rw-p 00000000 00:00 0 
b5104000-b5106000 r--s 0001d000 08:01 171065     /usr/lib/jvm/java-6-openjdk/jre/lib/plugin.jar
b5106000-b510b000 r--s 00044000 08:01 171064     /usr/lib/jvm/java-6-openjdk/jre/lib/netx.jar
b510b000-b513d000 rw-p 00000000 00:00 0 
b513d000-b52cc000 r--s 038bb000 08:01 171540     /usr/lib/jvm/java-6-openjdk/jre/lib/rt.jar
b52cc000-b52ea000 rw-p 00000000 00:00 0 
b52ea000-b533e000 rw-p 00000000 00:00 0 
b533e000-b5349000 rw-p 00000000 00:00 0 
b5349000-b53c5000 rw-p 00000000 00:00 0 
b53c5000-b53cb000 rw-p 00000000 00:00 0 
b53cb000-b5408000 rw-p 00000000 00:00 0 
b5408000-b5413000 rw-p 00000000 00:00 0 
b5413000-b548e000 rw-p 00000000 00:00 0 
b548e000-b549e000 rw-p 00000000 00:00 0 
b549e000-b54f2000 rw-p 00000000 00:00 0 
b54f2000-b5502000 rw-p 00000000 00:00 0 
b5502000-b557e000 rw-p 00000000 00:00 0 
b557e000-b5676000 rwxp 00000000 00:00 0 
b5676000-b757e000 rw-p 00000000 00:00 0 
b757e000-b7581000 ---p 00000000 00:00 0 
b7581000-b7782000 rw-p 00000000 00:00 0 
b7782000-b7783000 r--s 00000000 08:01 173184     /usr/share/netbeans/platform12/lib/locale/boot_ja.jar
b7783000-b7786000 r--s 0000f000 08:01 171046     /usr/lib/jvm/java-6-openjdk/jre/lib/ext/pulse-java.jar
b7786000-b7787000 r--p 002a1000 08:01 132369     /usr/lib/locale/locale-archive
b7787000-b778f000 rw-s 00000000 08:01 130        /tmp/hsperfdata_gxx/3175
b778f000-b7790000 rw-p 00000000 00:00 0 
b7790000-b7791000 r--p 00000000 00:00 0 
b7791000-b7793000 rw-p 00000000 00:00 0 
bfa4a000-bfa6c000 rw-p 00000000 00:00 0          [stack]

VM Arguments:
jvm_args: -Djdk.home=/usr/lib/jvm/java-6-openjdk -Djava.library.path=/usr/lib/jni -Dnetbeans.system_http_proxy=DIRECT -Dnetbeans.system_http_non_proxy_hosts= -Dnetbeans.dirs=/usr/share/netbeans/6.9/nb:/usr/share/netbeans/6.9/bin/../ergonomics:/usr/share/netbeans/6.9/ide:/usr/share/netbeans/6.9/java:/usr/share/netbeans/6.9/bin/../xml:/usr/share/netbeans/6.9/apisupport:/usr/share/netbeans/6.9/bin/../webcommon:/usr/share/netbeans/6.9/bin/../websvccommon:/usr/share/netbeans/6.9/bin/../enterprise:/usr/share/netbeans/6.9/bin/../mobility:/usr/share/netbeans/6.9/bin/../profiler:/usr/share/netbeans/6.9/bin/../ruby:/usr/share/netbeans/6.9/bin/../python:/usr/share/netbeans/6.9/bin/../php:/usr/share/netbeans/6.9/bin/../visualweb:/usr/share/netbeans/6.9/bin/../soa:/usr/share/netbeans/6.9/bin/../identity:/usr/share/netbeans/6.9/bin/../uml:/usr/share/netbeans/6.9/harness:/usr/share/netbeans/6.9/bin/../cnd:/usr/share/netbeans/6.9/bin/../dlight:/usr/share/netbeans/6.9/bin/../groovy:/usr/share/netbeans/6.9/bin/../extra:/usr/share/netbeans/6.9/bin/../javafx:/usr/share/netbeans/6.9/bin/../javacard: -Dnetbeans.home=/usr/share/netbeans/6.9/platform -Dnetbeans.importclass=org.netbeans.upgrade.AutoUpgrade -Xmx402m -Xss2m -Xms32m -XX:PermSize=32m -XX:MaxPermSize=200m -Dapple.laf.useScreenMenuBar=true -Dsun.java2d.noddraw=true -Dsun.java2d.pmoffscreen=false -XX:+HeapDumpOnOutOfMemoryError -XX:HeapDumpPath=/home/gxx/.netbeans/6.9/var/log/heapdump.hprof 
java_command: org.netbeans.Main --userdir /home/gxx/.netbeans/6.9 --branding nb
Launcher Type: SUN_STANDARD

Environment Variables:
PATH=/usr/local/sbin:/usr/local/bin:/usr/sbin:/usr/bin:/sbin:/bin:/usr/games:/var/lib/gems/1.8/bin
USERNAME=gxx
LD_LIBRARY_PATH=/usr/lib/jvm/java-6-openjdk/jre/lib/i386/client:/usr/lib/jvm/java-6-openjdk/jre/lib/i386:/usr/lib/jvm/java-6-openjdk/jre/../lib/i386
SHELL=/bin/bash
DISPLAY=:0.0

Signal Handlers:
SIGSEGV: [libjvm.so+0x3df4f0], sa_mask[0]=0x7ffbfeff, sa_flags=0x10000004
SIGBUS: [libjvm.so+0x3df4f0], sa_mask[0]=0x7ffbfeff, sa_flags=0x10000004
SIGFPE: [libjvm.so+0x3055c0], sa_mask[0]=0x7ffbfeff, sa_flags=0x10000004
SIGPIPE: [libjvm.so+0x3055c0], sa_mask[0]=0x7ffbfeff, sa_flags=0x10000004
SIGXFSZ: [libjvm.so+0x3055c0], sa_mask[0]=0x7ffbfeff, sa_flags=0x10000004
SIGILL: [libjvm.so+0x3055c0], sa_mask[0]=0x7ffbfeff, sa_flags=0x10000004
SIGUSR1: SIG_DFL, sa_mask[0]=0x00000000, sa_flags=0x00000000
SIGUSR2: [libjvm.so+0x304c70], sa_mask[0]=0x00000000, sa_flags=0x10000004
SIGHUP: [libjvm.so+0x3077e0], sa_mask[0]=0x7ffbfeff, sa_flags=0x10000004
SIGINT: SIG_IGN, sa_mask[0]=0x00000000, sa_flags=0x00000000
SIGTERM: [libjvm.so+0x3077e0], sa_mask[0]=0x7ffbfeff, sa_flags=0x10000004
SIGQUIT: [libjvm.so+0x3077e0], sa_mask[0]=0x7ffbfeff, sa_flags=0x10000004


---------------  S Y S T E M  ---------------

OS:Ubuntu 10.10 (maverick)
uname:Linux 2.6.35-25-generic #44-Ubuntu SMP Fri Jan 21 17:40:48 UTC 2011 i686
libc:glibc 2.12.1 NPTL 2.12.1 
rlimit: STACK 8192k, CORE 0k, NPROC infinity, NOFILE 1024, AS infinity
load average:1.93 0.68 0.24

/proc/meminfo:
MemTotal:        2060872 kB
MemFree:         1448152 kB
Buffers:          103332 kB
Cached:           277260 kB
SwapCached:            0 kB
Active:           276344 kB
Inactive:         295740 kB
Active(anon):     192684 kB
Inactive(anon):     2820 kB
Active(file):      83660 kB
Inactive(file):   292920 kB
Unevictable:           0 kB
Mlocked:               0 kB
HighTotal:       1187784 kB
HighFree:         711872 kB
LowTotal:         873088 kB
LowFree:          736280 kB
SwapTotal:        492540 kB
SwapFree:         492540 kB
Dirty:               208 kB
Writeback:             0 kB
AnonPages:        191636 kB
Mapped:            80784 kB
Shmem:              3976 kB
Slab:              25208 kB
SReclaimable:      16144 kB
SUnreclaim:         9064 kB
KernelStack:        2576 kB
PageTables:         5132 kB
NFS_Unstable:          0 kB
Bounce:                0 kB
WritebackTmp:          0 kB
CommitLimit:     1522976 kB
Committed_AS:    1028104 kB
VmallocTotal:     122880 kB
VmallocUsed:        6120 kB
VmallocChunk:     111416 kB
HardwareCorrupted:     0 kB
HugePages_Total:       0
HugePages_Free:        0
HugePages_Rsvd:        0
HugePages_Surp:        0
Hugepagesize:       4096 kB
DirectMap4k:       16376 kB
DirectMap4M:      892928 kB


CPU:total 2 (2 cores per cpu, 1 threads per core) family 6 model 23 stepping 6, cmov, cx8, fxsr, mmx, sse, sse2, sse3, ssse3, sse4.1

Memory: 4k page, physical 2060872k(1448152k free), swap 492540k(492540k free)

vm_info: OpenJDK Client VM (19.0-b09) for linux-x86 JRE (1.6.0_20-b20), built on Jan 27 2011 22:47:50 by "buildd" with gcc 4.4.5

time: Wed Dec  5 10:11:50 2012
elapsed time: 6 seconds

