#
# A fatal error has been detected by the Java Runtime Environment:
#
#  SIGSEGV (0xb) at pc=0xb5653740, pid=3152, tid=2984409968
#
# JRE version: 6.0_20-b20
# Java VM: OpenJDK Client VM (19.0-b09 mixed mode, sharing linux-x86 )
# Derivative: IcedTea6 1.9.5
# Distribution: Ubuntu 10.10, package 6b20-1.9.5-0ubuntu1
# Problematic frame:
# J  com.sun.org.apache.xerces.internal.util.XMLChar.isContent(I)Z
#
# If you would like to submit a bug report, please include
# instructions how to reproduce the bug and visit:
#   https://bugs.launchpad.net/ubuntu/+source/openjdk-6/
#

---------------  T H R E A D  ---------------

Current thread (0xb4b89400):  JavaThread "main" [_thread_in_Java, id=3165, stack(0xb1c27000,0xb1e28000)]

siginfo:si_signo=SIGSEGV: si_errno=0, si_code=128 (), si_addr=0x00000000

Registers:
EAX=0x874f2c78, EBX=0x874f2c78, ECX=0x00000068, EDX=0xb559504d
ESP=0xb1e2620c, EBP=0xb1e26244, ESI=0xb1e26220, EDI=0xb5653740
EIP=0xb5653740, CR2=0x00000000, EFLAGS=0x00010202

Register to memory mapping:

EAX=0x874f2c78
{method} 
 - klass: {other class}

EBX=0x874f2c78
{method} 
 - klass: {other class}

ECX=0x00000068
0x00000068 is pointing to unknown location

EDX=0xb559504d
return entry points  [0xb5594700, 0xb5595cb0]  5552 bytes

ESP=0xb1e2620c
0xb1e2620c is pointing into the stack for thread: 0xb4b89400
"main" prio=10 tid=0xb4b89400 nid=0xc5d runnable [0x00000000]
   java.lang.Thread.State: RUNNABLE

EBP=0xb1e26244
0xb1e26244 is pointing into the stack for thread: 0xb4b89400
"main" prio=10 tid=0xb4b89400 nid=0xc5d runnable [0x00000000]
   java.lang.Thread.State: RUNNABLE

ESI=0xb1e26220
0xb1e26220 is pointing into the stack for thread: 0xb4b89400
"main" prio=10 tid=0xb4b89400 nid=0xc5d runnable [0x00000000]
   java.lang.Thread.State: RUNNABLE

EDI=0xb5653740
[CodeBlob (0xb5653648)]
Framesize: 8


Top of Stack: (sp=0xb1e2620c)
0xb1e2620c:   b559504d 874f2da8 000008a6 6e5439b8
0xb1e2621c:   b559504d 00000068 b1e26224 87485ae0
0xb1e2622c:   b1e26268 87487be8 00000000 87485cb0
0xb1e2623c:   b1e26220 b1e26260 b1e2628c b5594f45
0xb1e2624c:   00000000 00000000 00000000 00000068
0xb1e2625c:   000008a5 6e529748 00000022 6e50c500
0xb1e2626c:   b1e2626c 8749b44f b1e262b0 8749d6e0
0xb1e2627c:   00000000 8749b588 b1e26260 b1e262a8 

Instructions: (pc=0xb5653740)
0xb5653730:   0b 68 01 f8 a9 ff 06 90 05 68 00 00 00 00 00 00
0xb5653740:   89 84 24 00 d0 ff ff 55 83 ec 18 81 f9 00 00 01 

Stack: [0xb1c27000,0xb1e28000],  sp=0xb1e2620c,  free space=2044k
Native frames: (J=compiled Java code, j=interpreted, Vv=VM code, C=native code)
J  com.sun.org.apache.xerces.internal.util.XMLChar.isContent(I)Z
j  com.sun.org.apache.xerces.internal.impl.XMLScanner.scanExternalID([Ljava/lang/String;Z)V+183
j  com.sun.org.apache.xerces.internal.impl.XMLDocumentScannerImpl.scanDoctypeDecl(Z)Z+58
j  com.sun.org.apache.xerces.internal.impl.XMLDocumentScannerImpl$PrologDriver.next()I+560
j  com.sun.org.apache.xerces.internal.impl.XMLDocumentScannerImpl.next()I+4
j  com.sun.org.apache.xerces.internal.impl.XMLDocumentFragmentScannerImpl.scanDocument(Z)Z+238
j  com.sun.org.apache.xerces.internal.parsers.XML11Configuration.parse(Z)Z+123
j  com.sun.org.apache.xerces.internal.parsers.XML11Configuration.parse(Lcom/sun/org/apache/xerces/internal/xni/parser/XMLInputSource;)V+29
j  com.sun.org.apache.xerces.internal.parsers.XMLParser.parse(Lcom/sun/org/apache/xerces/internal/xni/parser/XMLInputSource;)V+9
j  com.sun.org.apache.xerces.internal.parsers.AbstractSAXParser.parse(Ljava/lang/String;)V+13
j  com.sun.org.apache.xerces.internal.jaxp.SAXParserImpl$JAXPSAXParser.parse(Ljava/lang/String;)V+43
j  org.openide.filesystems.XMLFileSystem.setXmlUrls([Ljava/net/URL;Z)V+243
j  org.openide.filesystems.XMLFileSystem.setXmlUrls([Ljava/net/URL;)V+11
j  org.netbeans.core.startup.layers.ModuleLayeredFileSystem.appendLayers(Lorg/openide/filesystems/FileSystem;Z[Lorg/openide/filesystems/FileSystem;Lorg/openide/filesystems/FileSystem;Z)[Lorg/openide/filesystems/FileSystem;+370
j  org.netbeans.core.startup.layers.ModuleLayeredFileSystem.<init>(Lorg/openide/filesystems/FileSystem;Z[Lorg/openide/filesystems/FileSystem;Lorg/netbeans/core/startup/layers/LayerCacheManager;Lorg/openide/filesystems/FileSystem;)V+20
j  org.netbeans.core.startup.layers.ModuleLayeredFileSystem.<init>(Lorg/openide/filesystems/FileSystem;Z[Lorg/openide/filesystems/FileSystem;Lorg/netbeans/core/startup/layers/LayerCacheManager;)V+11
j  org.netbeans.core.startup.layers.ModuleLayeredFileSystem.<init>(Lorg/openide/filesystems/FileSystem;Z[Lorg/openide/filesystems/FileSystem;Z)V+9
j  org.netbeans.core.startup.layers.SystemFileSystem.create(Ljava/io/File;Ljava/io/File;[Ljava/io/File;)Lorg/netbeans/core/startup/layers/SystemFileSystem;+222
j  org.netbeans.core.startup.layers.SessionManager.create(Ljava/io/File;Ljava/io/File;[Ljava/io/File;)Lorg/openide/filesystems/FileSystem;+4
j  org.netbeans.core.startup.NbRepository.createDefaultFileSystem()Lorg/openide/filesystems/FileSystem;+337
j  org.netbeans.core.startup.NbRepository.<init>()V+1
v  ~StubRoutines::call_stub
V  [libjvm.so+0x203db2]
V  [libjvm.so+0x302879]
V  [libjvm.so+0x202d4f]
V  [libjvm.so+0x33f164]
V  [libjvm.so+0x33fcaa]
V  [libjvm.so+0x256799]
C  [libjava.so+0x1497b]  Java_sun_reflect_NativeConstructorAccessorImpl_newInstance0+0x2b
j  sun.reflect.NativeConstructorAccessorImpl.newInstance0(Ljava/lang/reflect/Constructor;[Ljava/lang/Object;)Ljava/lang/Object;+0
j  sun.reflect.NativeConstructorAccessorImpl.newInstance([Ljava/lang/Object;)Ljava/lang/Object;+72
j  sun.reflect.DelegatingConstructorAccessorImpl.newInstance([Ljava/lang/Object;)Ljava/lang/Object;+5
j  java.lang.reflect.Constructor.newInstance([Ljava/lang/Object;)Ljava/lang/Object;+92
j  java.lang.Class.newInstance0()Ljava/lang/Object;+118
j  java.lang.Class.newInstance()Ljava/lang/Object;+15
j  org.openide.util.lookup.implspi.SharedClassObjectBridge.newInstance(Ljava/lang/Class;)Ljava/lang/Object;+37
j  org.openide.util.lookup.MetaInfServicesLookup$P.getInstance()Ljava/lang/Object;+150
j  org.openide.util.lookup.AbstractLookup.lookup(Ljava/lang/Class;)Ljava/lang/Object;+22
j  org.openide.util.lookup.ProxyLookup.lookup(Ljava/lang/Class;)Ljava/lang/Object;+49
j  org.openide.filesystems.Repository.initialize()V+32
j  org.openide.filesystems.Repository.getDefault()Lorg/openide/filesystems/Repository;+0
j  org.openide.filesystems.FileUtil.getConfigFile(Ljava/lang/String;)Lorg/openide/filesystems/FileObject;+7
j  org.openide.filesystems.FileUtil.getConfigRoot()Lorg/openide/filesystems/FileObject;+2
j  org.netbeans.core.startup.Main.getModuleSystem()Lorg/netbeans/core/startup/ModuleSystem;+36
j  org.netbeans.core.startup.Main.start([Ljava/lang/String;)V+355
j  org.netbeans.core.startup.TopThreadGroup.run()V+4
j  java.lang.Thread.run()V+11
v  ~StubRoutines::call_stub
V  [libjvm.so+0x203db2]
V  [libjvm.so+0x302879]
V  [libjvm.so+0x202d4f]
V  [libjvm.so+0x2031aa]
V  [libjvm.so+0x203308]
V  [libjvm.so+0x255670]
V  [libjvm.so+0x3b15ec]
V  [libjvm.so+0x3b16b2]
V  [libjvm.so+0x3092a1]
C  [libpthread.so.0+0x5cc9]


---------------  P R O C E S S  ---------------

Java Threads: ( => current thread )
  0x090d0800 JavaThread "AWT-EventQueue-0" [_thread_in_native, id=3174, stack(0xb13fe000,0xb15ff000)]
  0x090d0000 JavaThread "AWT-Shutdown" [_thread_blocked, id=3173, stack(0xb11fd000,0xb13fe000)]
  0xb4bc1400 JavaThread "AWT-XAWT" daemon [_thread_blocked, id=3167, stack(0xb15ff000,0xb1800000)]
  0x0908f000 JavaThread "Java2D Disposer" daemon [_thread_blocked, id=3166, stack(0xb1a26000,0xb1c27000)]
=>0xb4b89400 JavaThread "main" [_thread_in_Java, id=3165, stack(0xb1c27000,0xb1e28000)]
  0xb4b7e000 JavaThread "Inactive RequestProcessor thread [Was:OpenIDE-request-processor-0/org.openide.util.lookup.AbstractLookup$NotifyListeners]" daemon [_thread_blocked, id=3164, stack(0xb1e28000,0xb2029000)]
  0xb4b7d000 JavaThread "CLI Requests Server" daemon [_thread_in_native, id=3163, stack(0xb2029000,0xb222a000)]
  0xb4b51000 JavaThread "Active Reference Queue Daemon" daemon [_thread_blocked, id=3162, stack(0xb4056000,0xb4257000)]
  0xb4b38c00 JavaThread "Timer-0" daemon [_thread_blocked, id=3161, stack(0xb4257000,0xb4458000)]
  0xb4b06c00 JavaThread "Low Memory Detector" daemon [_thread_blocked, id=3159, stack(0xb44fe000,0xb46ff000)]
  0xb4b05000 JavaThread "CompilerThread0" daemon [_thread_blocked, id=3158, stack(0xb4c14000,0xb4c95000)]
  0xb4b03400 JavaThread "Signal Dispatcher" daemon [_thread_blocked, id=3157, stack(0xb46ff000,0xb4900000)]
  0x08ff8400 JavaThread "Finalizer" daemon [_thread_blocked, id=3156, stack(0xb4c95000,0xb4e96000)]
  0x08ff6c00 JavaThread "Reference Handler" daemon [_thread_blocked, id=3155, stack(0xb4e96000,0xb5097000)]
  0x08fc8400 JavaThread "main" [_thread_blocked, id=3153, stack(0xb7592000,0xb7793000)]

Other Threads:
  0x08ff5400 VMThread [stack: 0xb5097000,0xb5118000] [id=3154]
  0xb4b09400 WatcherThread [stack: 0xb447d000,0xb44fe000] [id=3160]

VM state:not at safepoint (normal execution)

VM Mutex/Monitor currently owned by a thread: None

Heap
 def new generation   total 9792K, used 6766K [0x6dfc0000, 0x6ea60000, 0x765c0000)
  eden space 8704K,  65% used [0x6dfc0000, 0x6e54b828, 0x6e840000)
  from space 1088K, 100% used [0x6e950000, 0x6ea60000, 0x6ea60000)
  to   space 1088K,   0% used [0x6e840000, 0x6e840000, 0x6e950000)
 tenured generation   total 21888K, used 656K [0x765c0000, 0x77b20000, 0x871c0000)
   the space 21888K,   2% used [0x765c0000, 0x76664190, 0x76664200, 0x77b20000)
 compacting perm gen  total 32768K, used 3414K [0x871c0000, 0x891c0000, 0x939c0000)
   the space 32768K,  10% used [0x871c0000, 0x87515ab8, 0x87515c00, 0x891c0000)
    ro space 10240K,  73% used [0x939c0000, 0x94116e28, 0x94117000, 0x943c0000)
    rw space 12288K,  60% used [0x943c0000, 0x94aff9f8, 0x94affa00, 0x94fc0000)

Dynamic libraries:
00110000-00112000 r-xp 00000000 08:01 132787     /usr/lib/libXau.so.6.0.0
00112000-00113000 r--p 00001000 08:01 132787     /usr/lib/libXau.so.6.0.0
00113000-00114000 rw-p 00002000 08:01 132787     /usr/lib/libXau.so.6.0.0
00115000-00131000 r-xp 00000000 08:01 407759     /lib/ld-2.12.1.so
00131000-00132000 r--p 0001b000 08:01 407759     /lib/ld-2.12.1.so
00132000-00133000 rw-p 0001c000 08:01 407759     /lib/ld-2.12.1.so
00133000-0028a000 r-xp 00000000 08:01 407764     /lib/libc-2.12.1.so
0028a000-0028c000 r--p 00157000 08:01 407764     /lib/libc-2.12.1.so
0028c000-0028d000 rw-p 00159000 08:01 407764     /lib/libc-2.12.1.so
0028d000-00290000 rw-p 00000000 00:00 0 
00290000-00297000 r-xp 00000000 08:01 407786     /lib/librt-2.12.1.so
00297000-00298000 r--p 00006000 08:01 407786     /lib/librt-2.12.1.so
00298000-00299000 rw-p 00007000 08:01 407786     /lib/librt-2.12.1.so
00299000-002ac000 r-xp 00000000 08:01 407771     /lib/libnsl-2.12.1.so
002ac000-002ad000 r--p 00012000 08:01 407771     /lib/libnsl-2.12.1.so
002ad000-002ae000 rw-p 00013000 08:01 407771     /lib/libnsl-2.12.1.so
002ae000-002b0000 rw-p 00000000 00:00 0 
002b0000-002b9000 r-xp 00000000 08:01 407778     /lib/libnss_nis-2.12.1.so
002b9000-002ba000 r--p 00008000 08:01 407778     /lib/libnss_nis-2.12.1.so
002ba000-002bb000 rw-p 00009000 08:01 407778     /lib/libnss_nis-2.12.1.so
002bf000-002e3000 r-xp 00000000 08:01 407769     /lib/libm-2.12.1.so
002e3000-002e4000 r--p 00023000 08:01 407769     /lib/libm-2.12.1.so
002e4000-002e5000 rw-p 00024000 08:01 407769     /lib/libm-2.12.1.so
002e5000-002eb000 r-xp 00000000 08:01 171577     /usr/lib/jvm/java-6-openjdk/jre/lib/i386/libzip.so
002eb000-002ec000 r--p 00005000 08:01 171577     /usr/lib/jvm/java-6-openjdk/jre/lib/i386/libzip.so
002ec000-002ed000 rw-p 00006000 08:01 171577     /usr/lib/jvm/java-6-openjdk/jre/lib/i386/libzip.so
002ed000-00330000 r-xp 00000000 08:01 171868     /usr/lib/jvm/java-6-openjdk/jre/lib/i386/xawt/libmawt.so
00330000-00331000 r--p 00042000 08:01 171868     /usr/lib/jvm/java-6-openjdk/jre/lib/i386/xawt/libmawt.so
00331000-00333000 rw-p 00043000 08:01 171868     /usr/lib/jvm/java-6-openjdk/jre/lib/i386/xawt/libmawt.so
00333000-00334000 rw-p 00000000 00:00 0 
00334000-0044d000 r-xp 00000000 08:01 132783     /usr/lib/libX11.so.6.3.0
0044d000-0044e000 r--p 00118000 08:01 132783     /usr/lib/libX11.so.6.3.0
0044e000-00450000 rw-p 00119000 08:01 132783     /usr/lib/libX11.so.6.3.0
00450000-00451000 rw-p 00000000 00:00 0 
00451000-00455000 r-xp 00000000 08:01 132828     /usr/lib/libXtst.so.6.1.0
00455000-00456000 r--p 00003000 08:01 132828     /usr/lib/libXtst.so.6.1.0
00456000-00457000 rw-p 00004000 08:01 132828     /usr/lib/libXtst.so.6.1.0
00457000-00463000 r-xp 00000000 08:01 132808     /usr/lib/libXi.so.6.1.0
00463000-00464000 r--p 0000b000 08:01 132808     /usr/lib/libXi.so.6.1.0
00464000-00465000 rw-p 0000c000 08:01 132808     /usr/lib/libXi.so.6.1.0
00465000-0047d000 r-xp 00000000 08:01 133749     /usr/lib/libxcb.so.1.1.0
0047d000-0047e000 r--p 00017000 08:01 133749     /usr/lib/libxcb.so.1.1.0
0047e000-0047f000 rw-p 00018000 08:01 133749     /usr/lib/libxcb.so.1.1.0
0047f000-004c3000 r-xp 00000000 08:01 171553     /usr/lib/jvm/java-6-openjdk/jre/lib/i386/libfontmanager.so
004c3000-004c5000 r--p 00043000 08:01 171553     /usr/lib/jvm/java-6-openjdk/jre/lib/i386/libfontmanager.so
004c5000-004c6000 rw-p 00045000 08:01 171553     /usr/lib/jvm/java-6-openjdk/jre/lib/i386/libfontmanager.so
004c6000-004cb000 rw-p 00000000 00:00 0 
004cb000-004d3000 r-xp 00000000 08:01 171866     /usr/lib/jvm/java-6-openjdk/jre/lib/i386/libsplashscreen.so
004d3000-004d4000 r--p 00007000 08:01 171866     /usr/lib/jvm/java-6-openjdk/jre/lib/i386/libsplashscreen.so
004d4000-004d5000 rw-p 00008000 08:01 171866     /usr/lib/jvm/java-6-openjdk/jre/lib/i386/libsplashscreen.so
004d5000-004d7000 rw-p 00000000 00:00 0 
004d7000-004de000 r-xp 00000000 08:01 154371     /usr/lib/libgif.so.4.1.6
004de000-004df000 r--p 00006000 08:01 154371     /usr/lib/libgif.so.4.1.6
004df000-004e0000 rw-p 00007000 08:01 154371     /usr/lib/libgif.so.4.1.6
004e0000-00502000 r-xp 00000000 08:01 171560     /usr/lib/jvm/java-6-openjdk/jre/lib/i386/libjava.so
00502000-00503000 r--p 00021000 08:01 171560     /usr/lib/jvm/java-6-openjdk/jre/lib/i386/libjava.so
00503000-00505000 rw-p 00022000 08:01 171560     /usr/lib/jvm/java-6-openjdk/jre/lib/i386/libjava.so
00505000-00577000 r-xp 00000000 08:01 129893     /usr/lib/libfreetype.so.6.6.0
00577000-0057b000 r--p 00071000 08:01 129893     /usr/lib/libfreetype.so.6.6.0
0057b000-0057c000 rw-p 00075000 08:01 129893     /usr/lib/libfreetype.so.6.6.0
0057c000-00580000 r-xp 00000000 08:01 132802     /usr/lib/libXfixes.so.3.1.0
00580000-00581000 r--p 00003000 08:01 132802     /usr/lib/libXfixes.so.3.1.0
00581000-00582000 rw-p 00004000 08:01 132802     /usr/lib/libXfixes.so.3.1.0
00586000-00588000 r-xp 00000000 08:01 407768     /lib/libdl-2.12.1.so
00588000-00589000 r--p 00001000 08:01 407768     /lib/libdl-2.12.1.so
00589000-0058a000 rw-p 00002000 08:01 407768     /lib/libdl-2.12.1.so
0058a000-005a4000 r-xp 00000000 08:01 392082     /lib/libgcc_s.so.1
005a4000-005a5000 r--p 00019000 08:01 392082     /lib/libgcc_s.so.1
005a5000-005a6000 rw-p 0001a000 08:01 392082     /lib/libgcc_s.so.1
005a6000-005af000 r-xp 00000000 08:01 171564     /usr/lib/jvm/java-6-openjdk/jre/lib/i386/libjpeg.so
005af000-005b0000 r--p 00008000 08:01 171564     /usr/lib/jvm/java-6-openjdk/jre/lib/i386/libjpeg.so
005b0000-005b1000 rw-p 00009000 08:01 171564     /usr/lib/jvm/java-6-openjdk/jre/lib/i386/libjpeg.so
005d2000-00654000 r-xp 00000000 08:01 171551     /usr/lib/jvm/java-6-openjdk/jre/lib/i386/libawt.so
00654000-00655000 r--p 00081000 08:01 171551     /usr/lib/jvm/java-6-openjdk/jre/lib/i386/libawt.so
00655000-0065b000 rw-p 00082000 08:01 171551     /usr/lib/jvm/java-6-openjdk/jre/lib/i386/libawt.so
0065b000-00680000 rw-p 00000000 00:00 0 
0069d000-006b1000 r-xp 00000000 08:01 171570     /usr/lib/jvm/java-6-openjdk/jre/lib/i386/libnet.so
006b1000-006b2000 r--p 00013000 08:01 171570     /usr/lib/jvm/java-6-openjdk/jre/lib/i386/libnet.so
006b2000-006b3000 rw-p 00014000 08:01 171570     /usr/lib/jvm/java-6-openjdk/jre/lib/i386/libnet.so
006b3000-006e0000 r-xp 00000000 08:01 171567     /usr/lib/jvm/java-6-openjdk/jre/lib/i386/liblcms.so
006e0000-006e1000 r--p 0002c000 08:01 171567     /usr/lib/jvm/java-6-openjdk/jre/lib/i386/liblcms.so
006e1000-006e2000 rw-p 0002d000 08:01 171567     /usr/lib/jvm/java-6-openjdk/jre/lib/i386/liblcms.so
006e2000-006e4000 rw-p 00000000 00:00 0 
00789000-00797000 r-xp 00000000 08:01 132800     /usr/lib/libXext.so.6.4.0
00797000-00798000 r--p 0000d000 08:01 132800     /usr/lib/libXext.so.6.4.0
00798000-00799000 rw-p 0000e000 08:01 132800     /usr/lib/libXext.so.6.4.0
007bc000-007bd000 r-xp 00000000 00:00 0          [vdso]
007df000-007e5000 r-xp 00000000 08:01 407773     /lib/libnss_compat-2.12.1.so
007e5000-007e6000 r--p 00006000 08:01 407773     /lib/libnss_compat-2.12.1.so
007e6000-007e7000 rw-p 00007000 08:01 407773     /lib/libnss_compat-2.12.1.so
00807000-0080a000 r-xp 00000000 08:01 171548     /usr/lib/jvm/java-6-openjdk/jre/lib/i386/jli/libjli.so
0080a000-0080b000 r--p 00002000 08:01 171548     /usr/lib/jvm/java-6-openjdk/jre/lib/i386/jli/libjli.so
0080b000-0080c000 rw-p 00003000 08:01 171548     /usr/lib/jvm/java-6-openjdk/jre/lib/i386/jli/libjli.so
00841000-0084b000 r-xp 00000000 08:01 407775     /lib/libnss_files-2.12.1.so
0084b000-0084c000 r--p 00009000 08:01 407775     /lib/libnss_files-2.12.1.so
0084c000-0084d000 rw-p 0000a000 08:01 407775     /lib/libnss_files-2.12.1.so
0084d000-00870000 r-xp 00000000 08:01 392152     /lib/libpng12.so.0.44.0
00870000-00871000 r--p 00022000 08:01 392152     /lib/libpng12.so.0.44.0
00871000-00872000 rw-p 00023000 08:01 392152     /lib/libpng12.so.0.44.0
0093b000-00941000 r-xp 00000000 08:01 171579     /usr/lib/jvm/java-6-openjdk/jre/lib/i386/native_threads/libhpi.so
00941000-00942000 r--p 00005000 08:01 171579     /usr/lib/jvm/java-6-openjdk/jre/lib/i386/native_threads/libhpi.so
00942000-00943000 rw-p 00006000 08:01 171579     /usr/lib/jvm/java-6-openjdk/jre/lib/i386/native_threads/libhpi.so
0094e000-00952000 r-xp 00000000 08:01 132798     /usr/lib/libXdmcp.so.6.0.0
00952000-00953000 r--p 00003000 08:01 132798     /usr/lib/libXdmcp.so.6.0.0
00953000-00954000 rw-p 00004000 08:01 132798     /usr/lib/libXdmcp.so.6.0.0
009bd000-009c5000 r-xp 00000000 08:01 132822     /usr/lib/libXrender.so.1.3.0
009c5000-009c6000 r--p 00007000 08:01 132822     /usr/lib/libXrender.so.1.3.0
009c6000-009c7000 rw-p 00008000 08:01 132822     /usr/lib/libXrender.so.1.3.0
009d0000-009d7000 r-xp 00000000 08:01 171571     /usr/lib/jvm/java-6-openjdk/jre/lib/i386/libnio.so
009d7000-009d8000 r--p 00006000 08:01 171571     /usr/lib/jvm/java-6-openjdk/jre/lib/i386/libnio.so
009d8000-009d9000 rw-p 00007000 08:01 171571     /usr/lib/jvm/java-6-openjdk/jre/lib/i386/libnio.so
00a10000-00a18000 r-xp 00000000 08:01 132794     /usr/lib/libXcursor.so.1.0.2
00a18000-00a19000 r--p 00007000 08:01 132794     /usr/lib/libXcursor.so.1.0.2
00a19000-00a1a000 rw-p 00008000 08:01 132794     /usr/lib/libXcursor.so.1.0.2
00ace000-00aed000 r-xp 00000000 08:01 133363     /usr/lib/libjpeg.so.62.0.0
00aed000-00aee000 r--p 0001e000 08:01 133363     /usr/lib/libjpeg.so.62.0.0
00aee000-00aef000 rw-p 0001f000 08:01 133363     /usr/lib/libjpeg.so.62.0.0
00b7f000-00b94000 r-xp 00000000 08:01 407784     /lib/libpthread-2.12.1.so
00b94000-00b95000 ---p 00015000 08:01 407784     /lib/libpthread-2.12.1.so
00b95000-00b96000 r--p 00015000 08:01 407784     /lib/libpthread-2.12.1.so
00b96000-00b97000 rw-p 00016000 08:01 407784     /lib/libpthread-2.12.1.so
00b97000-00b99000 rw-p 00000000 00:00 0 
00c70000-00c7b000 r-xp 00000000 08:01 171576     /usr/lib/jvm/java-6-openjdk/jre/lib/i386/libverify.so
00c7b000-00c7c000 ---p 0000b000 08:01 171576     /usr/lib/jvm/java-6-openjdk/jre/lib/i386/libverify.so
00c7c000-00c7d000 r--p 0000b000 08:01 171576     /usr/lib/jvm/java-6-openjdk/jre/lib/i386/libverify.so
00c7d000-00c7e000 rw-p 0000c000 08:01 171576     /usr/lib/jvm/java-6-openjdk/jre/lib/i386/libverify.so
00c9e000-00cb1000 r-xp 00000000 08:01 392197     /lib/libz.so.1.2.3.4
00cb1000-00cb2000 r--p 00012000 08:01 392197     /lib/libz.so.1.2.3.4
00cb2000-00cb3000 rw-p 00013000 08:01 392197     /lib/libz.so.1.2.3.4
00cb3000-010fa000 r-xp 00000000 08:01 171543     /usr/lib/jvm/java-6-openjdk/jre/lib/i386/client/libjvm.so
010fa000-01111000 r--p 00447000 08:01 171543     /usr/lib/jvm/java-6-openjdk/jre/lib/i386/client/libjvm.so
01111000-0111e000 rw-p 0045e000 08:01 171543     /usr/lib/jvm/java-6-openjdk/jre/lib/i386/client/libjvm.so
0111e000-0153a000 rw-p 00000000 00:00 0 
08048000-08051000 r-xp 00000000 08:01 171609     /usr/lib/jvm/java-6-openjdk/jre/bin/java
08051000-08052000 r--p 00008000 08:01 171609     /usr/lib/jvm/java-6-openjdk/jre/bin/java
08052000-08053000 rw-p 00009000 08:01 171609     /usr/lib/jvm/java-6-openjdk/jre/bin/java
08fc0000-090fe000 rw-p 00000000 00:00 0          [heap]
6dfc0000-6ea60000 rw-p 00000000 00:00 0 
6ea60000-765c0000 rw-p 00000000 00:00 0 
765c0000-77b20000 rw-p 00000000 00:00 0 
77b20000-871c0000 rw-p 00000000 00:00 0 
871c0000-891c0000 rw-p 00000000 00:00 0 
891c0000-939c0000 rw-p 00000000 00:00 0 
939c0000-94117000 r--s 00001000 08:01 175415     /usr/lib/jvm/java-6-openjdk/jre/lib/i386/client/classes.jsa
94117000-943c0000 rw-p 00000000 00:00 0 
943c0000-94b00000 rw-p 00758000 08:01 175415     /usr/lib/jvm/java-6-openjdk/jre/lib/i386/client/classes.jsa
94b00000-94fc0000 rw-p 00000000 00:00 0 
94fc0000-950bb000 rw-p 00e98000 08:01 175415     /usr/lib/jvm/java-6-openjdk/jre/lib/i386/client/classes.jsa
950bb000-953c0000 rw-p 00000000 00:00 0 
953c0000-953c8000 r-xs 00f93000 08:01 175415     /usr/lib/jvm/java-6-openjdk/jre/lib/i386/client/classes.jsa
953c8000-957c0000 rw-p 00000000 00:00 0 
b1000000-b1047000 rw-p 00000000 00:00 0 
b1047000-b1100000 ---p 00000000 00:00 0 
b1172000-b11fd000 rw-s 00000000 00:04 360458     /SYSV00000000 (deleted)
b11fd000-b1200000 ---p 00000000 00:00 0 
b1200000-b13fe000 rw-p 00000000 00:00 0 
b13fe000-b1401000 ---p 00000000 00:00 0 
b1401000-b15ff000 rw-p 00000000 00:00 0 
b15ff000-b1602000 ---p 00000000 00:00 0 
b1602000-b1800000 rw-p 00000000 00:00 0 
b1800000-b18e3000 rw-p 00000000 00:00 0 
b18e3000-b1900000 ---p 00000000 00:00 0 
b197f000-b19a5000 rw-s 00000000 00:04 327689     /SYSV00000000 (deleted)
b19a5000-b19a6000 r--p 00000000 00:00 0 
b19a6000-b19ac000 r--s 000fc000 08:01 171066     /usr/lib/jvm/java-6-openjdk/jre/lib/resources.jar
b19ac000-b19ad000 r--s 00000000 08:01 158402     /var/cache/fontconfig/c05880de57d1f5e948fdfacc138775d9-le32d4.cache-3
b19ad000-b19b3000 r--s 00000000 08:01 158399     /var/cache/fontconfig/945677eb7aeaf62f1d50efc3fb3ec7d8-le32d4.cache-3
b19b3000-b19b5000 r--s 00000000 08:01 158400     /var/cache/fontconfig/99e8ed0e538f840c565b6ed5dad60d56-le32d4.cache-3
b19b5000-b19b8000 r--s 00000000 08:01 158409     /var/cache/fontconfig/e383d7ea5fbe662a33d9b44caf393297-le32d4.cache-3
b19b8000-b19bb000 r--s 00000000 08:01 137787     /var/cache/fontconfig/2cd17615ca594fa2959ae173292e504c-le32d4.cache-3
b19bb000-b19bc000 r--s 00000000 08:01 158410     /var/cache/fontconfig/e7071f4a29fa870f4323321c154eba04-le32d4.cache-3
b19bc000-b19bf000 r--s 00000000 08:01 158396     /var/cache/fontconfig/6eb3985aa4124903f6ff08ba781cd364-le32d4.cache-3
b19bf000-b19c0000 r--s 00000000 08:01 158392     /var/cache/fontconfig/4c73fe0c47614734b17d736dbde7580a-le32d4.cache-3
b19c0000-b19c1000 r--s 00000000 08:01 158385     /var/cache/fontconfig/0d8c3b2ac0904cb8a57a757ad11a4a08-le32d4.cache-3
b19c1000-b19c2000 r--s 00000000 08:01 158394     /var/cache/fontconfig/6a53c69dea097a2d716e069445527da8-le32d4.cache-3
b19c2000-b19c6000 r--s 00000000 08:01 158401     /var/cache/fontconfig/a755afe4a08bf5b97852ceb7400b47bc-le32d4.cache-3
b19c6000-b19cd000 r--s 00000000 08:01 175402     /var/cache/fontconfig/6d41288fd70b0be22e8c3a91e032eec0-le32d4.cache-3
b19cd000-b19d8000 r--s 00000000 08:01 158386     /var/cache/fontconfig/0f34bcd4b6ee430af32735b75db7f02b-le32d4.cache-3
b19d8000-b19db000 r--s 00000000 08:01 158406     /var/cache/fontconfig/d60319d88cac85ba9e1a07bd06cfbb8c-le32d4.cache-3
b19db000-b19dc000 r--s 00000000 08:01 137786     /var/cache/fontconfig/4794a0821666d79190d59a36cb4f44b5-le32d4.cache-3
b19dc000-b19e4000 r--s 00000000 08:01 158405     /var/cache/fontconfig/d52a8644073d54c13679302ca1180695-le32d4.cache-3
b19e4000-b19e6000 r--s 00000000 08:01 137784     /var/cache/fontconfig/e13b20fdb08344e0e664864cc2ede53d-le32d4.cache-3
b19e6000-b19e9000 r--s 00000000 08:01 158398     /var/cache/fontconfig/7ef2298fde41cc6eeb7af42e48b7d293-le32d4.cache-3
b19e9000-b19ea000 r--s 00000000 08:01 158402     /var/cache/fontconfig/c05880de57d1f5e948fdfacc138775d9-le32d4.cache-3
b19ea000-b19f0000 r--s 00000000 08:01 158399     /var/cache/fontconfig/945677eb7aeaf62f1d50efc3fb3ec7d8-le32d4.cache-3
b19f0000-b19f2000 r--s 00000000 08:01 158400     /var/cache/fontconfig/99e8ed0e538f840c565b6ed5dad60d56-le32d4.cache-3
b19f2000-b19f5000 r--s 00000000 08:01 158409     /var/cache/fontconfig/e383d7ea5fbe662a33d9b44caf393297-le32d4.cache-3
b19f5000-b19f8000 r--s 00000000 08:01 137787     /var/cache/fontconfig/2cd17615ca594fa2959ae173292e504c-le32d4.cache-3
b19f8000-b19f9000 r--s 00000000 08:01 158410     /var/cache/fontconfig/e7071f4a29fa870f4323321c154eba04-le32d4.cache-3
b19f9000-b19fc000 r--s 00000000 08:01 158396     /var/cache/fontconfig/6eb3985aa4124903f6ff08ba781cd364-le32d4.cache-3
b19fc000-b19fd000 r--s 00000000 08:01 158392     /var/cache/fontconfig/4c73fe0c47614734b17d736dbde7580a-le32d4.cache-3
b19fd000-b19fe000 r--s 00000000 08:01 158385     /var/cache/fontconfig/0d8c3b2ac0904cb8a57a757ad11a4a08-le32d4.cache-3
b19fe000-b19ff000 r--s 00000000 08:01 158394     /var/cache/fontconfig/6a53c69dea097a2d716e069445527da8-le32d4.cache-3
b19ff000-b1a03000 r--s 00000000 08:01 158401     /var/cache/fontconfig/a755afe4a08bf5b97852ceb7400b47bc-le32d4.cache-3
b1a03000-b1a0a000 r--s 00000000 08:01 175402     /var/cache/fontconfig/6d41288fd70b0be22e8c3a91e032eec0-le32d4.cache-3
b1a0a000-b1a15000 r--s 00000000 08:01 158386     /var/cache/fontconfig/0f34bcd4b6ee430af32735b75db7f02b-le32d4.cache-3
b1a15000-b1a18000 r--s 00000000 08:01 158406     /var/cache/fontconfig/d60319d88cac85ba9e1a07bd06cfbb8c-le32d4.cache-3
b1a18000-b1a19000 r--s 00000000 08:01 137786     /var/cache/fontconfig/4794a0821666d79190d59a36cb4f44b5-le32d4.cache-3
b1a19000-b1a21000 r--s 00000000 08:01 158405     /var/cache/fontconfig/d52a8644073d54c13679302ca1180695-le32d4.cache-3
b1a21000-b1a23000 r--s 00000000 08:01 137784     /var/cache/fontconfig/e13b20fdb08344e0e664864cc2ede53d-le32d4.cache-3
b1a23000-b1a26000 r--s 00000000 08:01 158398     /var/cache/fontconfig/7ef2298fde41cc6eeb7af42e48b7d293-le32d4.cache-3
b1a26000-b1a29000 ---p 00000000 00:00 0 
b1a29000-b1c27000 rw-p 00000000 00:00 0 
b1c27000-b1c2a000 ---p 00000000 00:00 0 
b1c2a000-b1e28000 rw-p 00000000 00:00 0 
b1e28000-b1e2b000 ---p 00000000 00:00 0 
b1e2b000-b2029000 rw-p 00000000 00:00 0 
b2029000-b202c000 ---p 00000000 00:00 0 
b202c000-b3fe5000 rw-p 00000000 00:00 0 
b3fe5000-b4044000 r--s 00d86000 08:01 171891     /usr/lib/jvm/java-6-openjdk/lib/tools.jar
b4044000-b404a000 r--s 0001f000 08:01 171895     /usr/lib/jvm/java-6-openjdk/lib/dt.jar
b404a000-b404b000 r--s 00001000 08:01 173191     /usr/share/netbeans/platform12/lib/locale/org-openide-util_zh_CN.jar
b404b000-b404c000 r--s 00001000 08:01 173195     /usr/share/netbeans/platform12/lib/locale/org-openide-util_pt_BR.jar
b404c000-b404d000 r--s 00000000 08:01 173190     /usr/share/netbeans/platform12/lib/locale/org-openide-util-lookup_zh_CN.jar
b404d000-b404e000 r--s 00000000 08:01 173194     /usr/share/netbeans/platform12/lib/locale/org-openide-util-lookup_pt_BR.jar
b404e000-b404f000 r--s 00000000 08:01 173186     /usr/share/netbeans/platform12/lib/locale/org-openide-util-lookup_ja.jar
b404f000-b4050000 r--s 00001000 08:01 173187     /usr/share/netbeans/platform12/lib/locale/org-openide-util_ja.jar
b4050000-b4051000 r--s 00000000 08:01 173189     /usr/share/netbeans/platform12/lib/locale/org-openide-modules_zh_CN.jar
b4051000-b4052000 r--s 00000000 08:01 173193     /usr/share/netbeans/platform12/lib/locale/org-openide-modules_pt_BR.jar
b4052000-b4053000 r--s 00000000 08:01 173185     /usr/share/netbeans/platform12/lib/locale/org-openide-modules_ja.jar
b4053000-b4054000 r--s 00000000 08:01 173188     /usr/share/netbeans/platform12/lib/locale/boot_zh_CN.jar
b4054000-b4055000 r--s 00000000 08:01 173192     /usr/share/netbeans/platform12/lib/locale/boot_pt_BR.jar
b4055000-b4056000 r--s 00000000 08:01 173184     /usr/share/netbeans/platform12/lib/locale/boot_ja.jar
b4056000-b4059000 ---p 00000000 00:00 0 
b4059000-b4257000 rw-p 00000000 00:00 0 
b4257000-b425a000 ---p 00000000 00:00 0 
b425a000-b4458000 rw-p 00000000 00:00 0 
b4458000-b4459000 r--s 00000000 08:01 175285     /usr/share/netbeans/6.9/nb/core/locale/core_nb_pt_BR.jar
b4459000-b445a000 r--s 00000000 08:01 175281     /usr/share/netbeans/6.9/nb/core/locale/core_nb_ja.jar
b445a000-b445b000 r--s 00000000 08:01 175282     /usr/share/netbeans/6.9/nb/core/locale/org-netbeans-upgrader_ja.jar
b445b000-b445c000 r--s 00000000 08:01 175284     /usr/share/netbeans/6.9/nb/core/locale/org-netbeans-upgrader_zh_CN.jar
b445c000-b445d000 r--s 00000000 08:01 175283     /usr/share/netbeans/6.9/nb/core/locale/core_nb_zh_CN.jar
b445d000-b445e000 r--s 00045000 08:01 175280     /usr/share/netbeans/6.9/nb/core/locale/core_nb.jar
b445e000-b445f000 r--s 00000000 08:01 175286     /usr/share/netbeans/6.9/nb/core/locale/org-netbeans-upgrader_pt_BR.jar
b445f000-b4462000 r--s 0003b000 08:01 175287     /usr/share/netbeans/6.9/nb/core/org-netbeans-upgrader.jar
b4462000-b4463000 r--s 00001000 08:01 173175     /usr/share/netbeans/platform12/core/locale/core_pt_BR.jar
b4463000-b4464000 r--s 00001000 08:01 173171     /usr/share/netbeans/platform12/core/locale/core_ja.jar
b4464000-b4465000 r--s 00001000 08:01 173173     /usr/share/netbeans/platform12/core/locale/core_zh_CN.jar
b4465000-b4466000 r--s 00001000 08:01 173174     /usr/share/netbeans/platform12/core/locale/org-openide-filesystems_zh_CN.jar
b4466000-b446b000 r--s 00093000 08:01 173169     /usr/share/netbeans/platform12/core/core.jar
b446b000-b4472000 r--s 00099000 08:01 173168     /usr/share/netbeans/platform12/core/org-openide-filesystems.jar
b4472000-b4475000 r--s 00033000 08:01 173178     /usr/share/netbeans/platform12/lib/org-openide-util-lookup.jar
b4475000-b447b000 r--s 00074000 08:01 173179     /usr/share/netbeans/platform12/lib/org-openide-util.jar
b447b000-b447d000 r--s 00006000 08:01 173180     /usr/share/netbeans/platform12/lib/org-openide-modules.jar
b447d000-b447e000 ---p 00000000 00:00 0 
b447e000-b44fe000 rw-p 00000000 00:00 0 
b44fe000-b4501000 ---p 00000000 00:00 0 
b4501000-b46ff000 rw-p 00000000 00:00 0 
b46ff000-b4702000 ---p 00000000 00:00 0 
b4702000-b4900000 rw-p 00000000 00:00 0 
b4900000-b4b00000 r--p 00000000 08:01 132369     /usr/lib/locale/locale-archive
b4b00000-b4bf1000 rw-p 00000000 00:00 0 
b4bf1000-b4c00000 ---p 00000000 00:00 0 
b4c00000-b4c01000 r--s 00001000 08:01 173176     /usr/share/netbeans/platform12/core/locale/org-openide-filesystems_pt_BR.jar
b4c01000-b4c04000 r--s 0003f000 08:01 173181     /usr/share/netbeans/platform12/lib/boot.jar
b4c04000-b4c0c000 r--s 00053000 08:01 308686     /usr/share/java/log4j-1.2-1.2.15.jar
b4c0c000-b4c14000 r--s 00066000 08:01 304357     /usr/share/java/gnome-java-bridge.jar
b4c14000-b4c17000 ---p 00000000 00:00 0 
b4c17000-b4c95000 rw-p 00000000 00:00 0 
b4c95000-b4c98000 ---p 00000000 00:00 0 
b4c98000-b4e96000 rw-p 00000000 00:00 0 
b4e96000-b4e99000 ---p 00000000 00:00 0 
b4e99000-b5097000 rw-p 00000000 00:00 0 
b5097000-b5098000 ---p 00000000 00:00 0 
b5098000-b5118000 rw-p 00000000 00:00 0 
b5118000-b511a000 r--s 0001d000 08:01 171065     /usr/lib/jvm/java-6-openjdk/jre/lib/plugin.jar
b511a000-b511f000 r--s 00044000 08:01 171064     /usr/lib/jvm/java-6-openjdk/jre/lib/netx.jar
b511f000-b5151000 rw-p 00000000 00:00 0 
b5151000-b52e0000 r--s 038bb000 08:01 171540     /usr/lib/jvm/java-6-openjdk/jre/lib/rt.jar
b52e0000-b52fe000 rw-p 00000000 00:00 0 
b52fe000-b5352000 rw-p 00000000 00:00 0 
b5352000-b535d000 rw-p 00000000 00:00 0 
b535d000-b53d9000 rw-p 00000000 00:00 0 
b53d9000-b53df000 rw-p 00000000 00:00 0 
b53df000-b541c000 rw-p 00000000 00:00 0 
b541c000-b5427000 rw-p 00000000 00:00 0 
b5427000-b54a2000 rw-p 00000000 00:00 0 
b54a2000-b54b2000 rw-p 00000000 00:00 0 
b54b2000-b5506000 rw-p 00000000 00:00 0 
b5506000-b5516000 rw-p 00000000 00:00 0 
b5516000-b5592000 rw-p 00000000 00:00 0 
b5592000-b565a000 rwxp 00000000 00:00 0 
b565a000-b7592000 rw-p 00000000 00:00 0 
b7592000-b7595000 ---p 00000000 00:00 0 
b7595000-b7796000 rw-p 00000000 00:00 0 
b7796000-b7797000 r--s 00001000 08:01 173172     /usr/share/netbeans/platform12/core/locale/org-openide-filesystems_ja.jar
b7797000-b779a000 r--s 0000f000 08:01 171046     /usr/lib/jvm/java-6-openjdk/jre/lib/ext/pulse-java.jar
b779a000-b779b000 r--p 002a1000 08:01 132369     /usr/lib/locale/locale-archive
b779b000-b77a3000 rw-s 00000000 08:01 22030      /tmp/hsperfdata_gxx/3152
b77a3000-b77a4000 rw-p 00000000 00:00 0 
b77a4000-b77a5000 r--p 00000000 00:00 0 
b77a5000-b77a7000 rw-p 00000000 00:00 0 
bf9b2000-bf9d4000 rw-p 00000000 00:00 0          [stack]

VM Arguments:
jvm_args: -Djdk.home=/usr/lib/jvm/java-6-openjdk -Djava.library.path=/usr/lib/jni -Dnetbeans.system_http_proxy=DIRECT -Dnetbeans.system_http_non_proxy_hosts= -Dnetbeans.dirs=/usr/share/netbeans/6.9/nb:/usr/share/netbeans/6.9/bin/../ergonomics:/usr/share/netbeans/6.9/ide:/usr/share/netbeans/6.9/java:/usr/share/netbeans/6.9/bin/../xml:/usr/share/netbeans/6.9/apisupport:/usr/share/netbeans/6.9/bin/../webcommon:/usr/share/netbeans/6.9/bin/../websvccommon:/usr/share/netbeans/6.9/bin/../enterprise:/usr/share/netbeans/6.9/bin/../mobility:/usr/share/netbeans/6.9/bin/../profiler:/usr/share/netbeans/6.9/bin/../ruby:/usr/share/netbeans/6.9/bin/../python:/usr/share/netbeans/6.9/bin/../php:/usr/share/netbeans/6.9/bin/../visualweb:/usr/share/netbeans/6.9/bin/../soa:/usr/share/netbeans/6.9/bin/../identity:/usr/share/netbeans/6.9/bin/../uml:/usr/share/netbeans/6.9/harness:/usr/share/netbeans/6.9/bin/../cnd:/usr/share/netbeans/6.9/bin/../dlight:/usr/share/netbeans/6.9/bin/../groovy:/usr/share/netbeans/6.9/bin/../extra:/usr/share/netbeans/6.9/bin/../javafx:/usr/share/netbeans/6.9/bin/../javacard: -Dnetbeans.home=/usr/share/netbeans/6.9/platform -Dnetbeans.importclass=org.netbeans.upgrade.AutoUpgrade -Xmx402m -Xss2m -Xms32m -XX:PermSize=32m -XX:MaxPermSize=200m -Dapple.laf.useScreenMenuBar=true -Dsun.java2d.noddraw=true -Dsun.java2d.pmoffscreen=false -XX:+HeapDumpOnOutOfMemoryError -XX:HeapDumpPath=/home/gxx/.netbeans/6.9/var/log/heapdump.hprof 
java_command: org.netbeans.Main --userdir /home/gxx/.netbeans/6.9 --branding nb
Launcher Type: SUN_STANDARD

Environment Variables:
PATH=/usr/local/sbin:/usr/local/bin:/usr/sbin:/usr/bin:/sbin:/bin:/usr/games:/var/lib/gems/1.8/bin
USERNAME=gxx
LD_LIBRARY_PATH=/usr/lib/jvm/java-6-openjdk/jre/lib/i386/client:/usr/lib/jvm/java-6-openjdk/jre/lib/i386:/usr/lib/jvm/java-6-openjdk/jre/../lib/i386
SHELL=/bin/bash
DISPLAY=:0.0

Signal Handlers:
SIGSEGV: [libjvm.so+0x3df4f0], sa_mask[0]=0x7ffbfeff, sa_flags=0x10000004
SIGBUS: [libjvm.so+0x3df4f0], sa_mask[0]=0x7ffbfeff, sa_flags=0x10000004
SIGFPE: [libjvm.so+0x3055c0], sa_mask[0]=0x7ffbfeff, sa_flags=0x10000004
SIGPIPE: [libjvm.so+0x3055c0], sa_mask[0]=0x7ffbfeff, sa_flags=0x10000004
SIGXFSZ: [libjvm.so+0x3055c0], sa_mask[0]=0x7ffbfeff, sa_flags=0x10000004
SIGILL: [libjvm.so+0x3055c0], sa_mask[0]=0x7ffbfeff, sa_flags=0x10000004
SIGUSR1: SIG_DFL, sa_mask[0]=0x00000000, sa_flags=0x00000000
SIGUSR2: [libjvm.so+0x304c70], sa_mask[0]=0x00000000, sa_flags=0x10000004
SIGHUP: [libjvm.so+0x3077e0], sa_mask[0]=0x7ffbfeff, sa_flags=0x10000004
SIGINT: SIG_IGN, sa_mask[0]=0x00000000, sa_flags=0x00000000
SIGTERM: [libjvm.so+0x3077e0], sa_mask[0]=0x7ffbfeff, sa_flags=0x10000004
SIGQUIT: [libjvm.so+0x3077e0], sa_mask[0]=0x7ffbfeff, sa_flags=0x10000004


---------------  S Y S T E M  ---------------

OS:Ubuntu 10.10 (maverick)
uname:Linux 2.6.35-25-generic #44-Ubuntu SMP Fri Jan 21 17:40:48 UTC 2011 i686
libc:glibc 2.12.1 NPTL 2.12.1 
rlimit: STACK 8192k, CORE 0k, NPROC infinity, NOFILE 1024, AS infinity
load average:1.38 0.95 0.38

/proc/meminfo:
MemTotal:        2060872 kB
MemFree:         1390404 kB
Buffers:          144172 kB
Cached:           287976 kB
SwapCached:            0 kB
Active:           319448 kB
Inactive:         309916 kB
Active(anon):     198372 kB
Inactive(anon):     3000 kB
Active(file):     121076 kB
Inactive(file):   306916 kB
Unevictable:           0 kB
Mlocked:               0 kB
HighTotal:       1187784 kB
HighFree:         695380 kB
LowTotal:         873088 kB
LowFree:          695024 kB
SwapTotal:        492540 kB
SwapFree:         492540 kB
Dirty:               404 kB
Writeback:             0 kB
AnonPages:        197308 kB
Mapped:            81048 kB
Shmem:              4124 kB
Slab:              25528 kB
SReclaimable:      16352 kB
SUnreclaim:         9176 kB
KernelStack:        2576 kB
PageTables:         5160 kB
NFS_Unstable:          0 kB
Bounce:                0 kB
WritebackTmp:          0 kB
CommitLimit:     1522976 kB
Committed_AS:    1044704 kB
VmallocTotal:     122880 kB
VmallocUsed:        6120 kB
VmallocChunk:     112104 kB
HardwareCorrupted:     0 kB
HugePages_Total:       0
HugePages_Free:        0
HugePages_Rsvd:        0
HugePages_Surp:        0
Hugepagesize:       4096 kB
DirectMap4k:       16376 kB
DirectMap4M:      892928 kB


CPU:total 2 (2 cores per cpu, 1 threads per core) family 6 model 23 stepping 6, cmov, cx8, fxsr, mmx, sse, sse2, sse3, ssse3, sse4.1

Memory: 4k page, physical 2060872k(1390404k free), swap 492540k(492540k free)

vm_info: OpenJDK Client VM (19.0-b09) for linux-x86 JRE (1.6.0_20-b20), built on Jan 27 2011 22:47:50 by "buildd" with gcc 4.4.5

time: Thu Jun 21 15:46:16 2012
elapsed time: 3 seconds

