#
# A fatal error has been detected by the Java Runtime Environment:
#
#  SIGSEGV (0xb) at pc=0xb57c60b0, pid=3430, tid=2985073520
#
# JRE version: 6.0_20-b20
# Java VM: OpenJDK Client VM (19.0-b09 mixed mode, sharing linux-x86 )
# Derivative: IcedTea6 1.9.5
# Distribution: Ubuntu 10.10, package 6b20-1.9.5-0ubuntu1
# Problematic frame:
# J  java.io.ObjectInputStream$BlockDataInputStream.readUTFBody(J)Ljava/lang/String;
#
# If you would like to submit a bug report, please include
# instructions how to reproduce the bug and visit:
#   https://bugs.launchpad.net/ubuntu/+source/openjdk-6/
#

---------------  T H R E A D  ---------------

Current thread (0x089c9800):  JavaThread "main" [_thread_in_Java, id=3444, stack(0xb1cc9000,0xb1eca000)]

siginfo:si_signo=SIGSEGV: si_errno=0, si_code=128 (), si_addr=0x00000000

Registers:
EAX=0x949b7d40, EBX=0x949b7d40, ECX=0x6e1fb618, EDX=0xb56c8f87
ESP=0xb1ec853c, EBP=0xb1ec857c, ESI=0x00000000, EDI=0xb57c60b0
EIP=0xb57c60b0, CR2=0x00000000, EFLAGS=0x00010202

Register to memory mapping:

EAX=0x949b7d40
{method} 
 - klass: {other class}

EBX=0x949b7d40
{method} 
 - klass: {other class}

ECX=0x6e1fb618

[error occurred during error reporting (printing registers, top of stack, instructions near pc), id 0xb]

Stack: [0xb1cc9000,0xb1eca000],  sp=0xb1ec853c,  free space=2045k
Native frames: (J=compiled Java code, j=interpreted, Vv=VM code, C=native code)
J  java.io.ObjectInputStream$BlockDataInputStream.readUTFBody(J)Ljava/lang/String;
j  java.io.ObjectInputStream.readString(Z)Ljava/lang/String;+40
J  java.io.ObjectInputStream.readObject0(Z)Ljava/lang/Object;
j  sun.reflect.DelegatingMethodAccessorImpl.invoke(Ljava/lang/Object;[Ljava/lang/Object;)Ljava/lang/Object;+6
j  java.lang.reflect.Method.invoke(Ljava/lang/Object;[Ljava/lang/Object;)Ljava/lang/Object;+161
j  java.io.ObjectStreamClass.invokeReadObject(Ljava/lang/Object;Ljava/io/ObjectInputStream;)V+20
J  java.io.ObjectInputStream.readSerialData(Ljava/lang/Object;Ljava/io/ObjectStreamClass;)V
j  org.netbeans.core.startup.ModuleList$ReadInitial.run()V+4
j  org.openide.filesystems.EventControl.runAtomicAction(Lorg/openide/filesystems/FileSystem$AtomicAction;)V+7
j  org.openide.filesystems.FileSystem.runAtomicAction(Lorg/openide/filesystems/FileSystem$AtomicAction;)V+5
j  org.netbeans.core.startup.ModuleList.readInitial()Ljava/util/Set;+37
j  org.netbeans.core.startup.ModuleSystem.readList()V+32
j  org.netbeans.core.startup.Main.getModuleSystem()Lorg/netbeans/core/startup/ModuleSystem;+90
j  org.netbeans.core.startup.Main.start([Ljava/lang/String;)V+355
j  org.netbeans.core.startup.TopThreadGroup.run()V+4
j  java.lang.Thread.run()V+11
v  ~StubRoutines::call_stub
V  [libjvm.so+0x203db2]
V  [libjvm.so+0x302879]
V  [libjvm.so+0x202d4f]
V  [libjvm.so+0x2031aa]
V  [libjvm.so+0x203308]
V  [libjvm.so+0x255670]
V  [libjvm.so+0x3b15ec]
V  [libjvm.so+0x3b16b2]
V  [libjvm.so+0x3092a1]
C  [libpthread.so.0+0x5cc9]


---------------  P R O C E S S  ---------------

Java Threads: ( => current thread )
  0xb1937800 JavaThread "AWT-EventQueue-0" [_thread_in_native, id=3453, stack(0xb14fe000,0xb16ff000)]
  0xb1936c00 JavaThread "AWT-Shutdown" [_thread_blocked, id=3452, stack(0xb12fd000,0xb14fe000)]
  0xb190a400 JavaThread "AWT-XAWT" daemon [_thread_blocked, id=3446, stack(0xb16ff000,0xb1900000)]
  0xb4ca1400 JavaThread "Java2D Disposer" daemon [_thread_blocked, id=3445, stack(0xb1ac8000,0xb1cc9000)]
=>0x089c9800 JavaThread "main" [_thread_in_Java, id=3444, stack(0xb1cc9000,0xb1eca000)]
  0x089c7400 JavaThread "Inactive RequestProcessor thread [Was:OpenIDE-request-processor-0/org.openide.util.lookup.AbstractLookup$NotifyListeners]" daemon [_thread_blocked, id=3443, stack(0xb1eca000,0xb20cb000)]
  0x089bbc00 JavaThread "CLI Requests Server" daemon [_thread_in_native, id=3442, stack(0xb20cb000,0xb22cc000)]
  0x0898c800 JavaThread "Active Reference Queue Daemon" daemon [_thread_blocked, id=3441, stack(0xb417b000,0xb437c000)]
  0x08978400 JavaThread "Timer-0" daemon [_thread_blocked, id=3440, stack(0xb437c000,0xb457d000)]
  0xb4c06c00 JavaThread "Low Memory Detector" daemon [_thread_blocked, id=3438, stack(0xb45fe000,0xb47ff000)]
  0xb4c05000 JavaThread "CompilerThread0" daemon [_thread_blocked, id=3437, stack(0xb4d48000,0xb4dc9000)]
  0xb4c03400 JavaThread "Signal Dispatcher" daemon [_thread_blocked, id=3436, stack(0xb47ff000,0xb4a00000)]
  0x08954400 JavaThread "Finalizer" daemon [_thread_blocked, id=3435, stack(0xb4dc9000,0xb4fca000)]
  0x08952c00 JavaThread "Reference Handler" daemon [_thread_blocked, id=3434, stack(0xb4fca000,0xb51cb000)]
  0x08924400 JavaThread "main" [_thread_blocked, id=3432, stack(0xb76c6000,0xb78c7000)]

Other Threads:
  0x08951400 VMThread [stack: 0xb51cb000,0xb524c000] [id=3433]
  0xb4c09800 WatcherThread [stack: 0xb457d000,0xb45fe000] [id=3439]

VM state:not at safepoint (normal execution)

VM Mutex/Monitor currently owned by a thread: None

Heap
 def new generation   total 9792K, used 4591K [0x6dfc0000, 0x6ea60000, 0x765c0000)
  eden space 8704K,  44% used [0x6dfc0000, 0x6e392948, 0x6e840000)
  from space 1088K,  62% used [0x6e840000, 0x6e8e9460, 0x6e950000)
  to   space 1088K,   0% used [0x6e950000, 0x6e950000, 0x6ea60000)
 tenured generation   total 21888K, used 2138K [0x765c0000, 0x77b20000, 0x871c0000)
   the space 21888K,   9% used [0x765c0000, 0x767d6b60, 0x767d6c00, 0x77b20000)
 compacting perm gen  total 32768K, used 3952K [0x871c0000, 0x891c0000, 0x939c0000)
   the space 32768K,  12% used [0x871c0000, 0x8759c2f0, 0x8759c400, 0x891c0000)
    ro space 10240K,  73% used [0x939c0000, 0x94116e28, 0x94117000, 0x943c0000)
    rw space 12288K,  60% used [0x943c0000, 0x94aff9f8, 0x94affa00, 0x94fc0000)

Dynamic libraries:
00110000-00267000 r-xp 00000000 08:01 407764     /lib/libc-2.12.1.so
00267000-00269000 r--p 00157000 08:01 407764     /lib/libc-2.12.1.so
00269000-0026a000 rw-p 00159000 08:01 407764     /lib/libc-2.12.1.so
0026a000-0026d000 rw-p 00000000 00:00 0 
0026d000-00291000 r-xp 00000000 08:01 407769     /lib/libm-2.12.1.so
00291000-00292000 r--p 00023000 08:01 407769     /lib/libm-2.12.1.so
00292000-00293000 rw-p 00024000 08:01 407769     /lib/libm-2.12.1.so
00293000-0029e000 r-xp 00000000 08:01 171576     /usr/lib/jvm/java-6-openjdk/jre/lib/i386/libverify.so
0029e000-0029f000 ---p 0000b000 08:01 171576     /usr/lib/jvm/java-6-openjdk/jre/lib/i386/libverify.so
0029f000-002a0000 r--p 0000b000 08:01 171576     /usr/lib/jvm/java-6-openjdk/jre/lib/i386/libverify.so
002a0000-002a1000 rw-p 0000c000 08:01 171576     /usr/lib/jvm/java-6-openjdk/jre/lib/i386/libverify.so
002a1000-002b4000 r-xp 00000000 08:01 407771     /lib/libnsl-2.12.1.so
002b4000-002b5000 r--p 00012000 08:01 407771     /lib/libnsl-2.12.1.so
002b5000-002b6000 rw-p 00013000 08:01 407771     /lib/libnsl-2.12.1.so
002b6000-002b8000 rw-p 00000000 00:00 0 
002b8000-002be000 r-xp 00000000 08:01 171577     /usr/lib/jvm/java-6-openjdk/jre/lib/i386/libzip.so
002be000-002bf000 r--p 00005000 08:01 171577     /usr/lib/jvm/java-6-openjdk/jre/lib/i386/libzip.so
002bf000-002c0000 rw-p 00006000 08:01 171577     /usr/lib/jvm/java-6-openjdk/jre/lib/i386/libzip.so
002c0000-002c4000 r-xp 00000000 08:01 132828     /usr/lib/libXtst.so.6.1.0
002c4000-002c5000 r--p 00003000 08:01 132828     /usr/lib/libXtst.so.6.1.0
002c5000-002c6000 rw-p 00004000 08:01 132828     /usr/lib/libXtst.so.6.1.0
002c6000-002d2000 r-xp 00000000 08:01 132808     /usr/lib/libXi.so.6.1.0
002d2000-002d3000 r--p 0000b000 08:01 132808     /usr/lib/libXi.so.6.1.0
002d3000-002d4000 rw-p 0000c000 08:01 132808     /usr/lib/libXi.so.6.1.0
002d6000-002dc000 r-xp 00000000 08:01 171579     /usr/lib/jvm/java-6-openjdk/jre/lib/i386/native_threads/libhpi.so
002dc000-002dd000 r--p 00005000 08:01 171579     /usr/lib/jvm/java-6-openjdk/jre/lib/i386/native_threads/libhpi.so
002dd000-002de000 rw-p 00006000 08:01 171579     /usr/lib/jvm/java-6-openjdk/jre/lib/i386/native_threads/libhpi.so
002de000-00321000 r-xp 00000000 08:01 171868     /usr/lib/jvm/java-6-openjdk/jre/lib/i386/xawt/libmawt.so
00321000-00322000 r--p 00042000 08:01 171868     /usr/lib/jvm/java-6-openjdk/jre/lib/i386/xawt/libmawt.so
00322000-00324000 rw-p 00043000 08:01 171868     /usr/lib/jvm/java-6-openjdk/jre/lib/i386/xawt/libmawt.so
00324000-00325000 rw-p 00000000 00:00 0 
00325000-00327000 r-xp 00000000 08:01 132787     /usr/lib/libXau.so.6.0.0
00327000-00328000 r--p 00001000 08:01 132787     /usr/lib/libXau.so.6.0.0
00328000-00329000 rw-p 00002000 08:01 132787     /usr/lib/libXau.so.6.0.0
00329000-00331000 r-xp 00000000 08:01 171866     /usr/lib/jvm/java-6-openjdk/jre/lib/i386/libsplashscreen.so
00331000-00332000 r--p 00007000 08:01 171866     /usr/lib/jvm/java-6-openjdk/jre/lib/i386/libsplashscreen.so
00332000-00333000 rw-p 00008000 08:01 171866     /usr/lib/jvm/java-6-openjdk/jre/lib/i386/libsplashscreen.so
00333000-00335000 rw-p 00000000 00:00 0 
0033a000-0034f000 r-xp 00000000 08:01 407784     /lib/libpthread-2.12.1.so
0034f000-00350000 ---p 00015000 08:01 407784     /lib/libpthread-2.12.1.so
00350000-00351000 r--p 00015000 08:01 407784     /lib/libpthread-2.12.1.so
00351000-00352000 rw-p 00016000 08:01 407784     /lib/libpthread-2.12.1.so
00352000-00354000 rw-p 00000000 00:00 0 
00354000-003d6000 r-xp 00000000 08:01 171551     /usr/lib/jvm/java-6-openjdk/jre/lib/i386/libawt.so
003d6000-003d7000 r--p 00081000 08:01 171551     /usr/lib/jvm/java-6-openjdk/jre/lib/i386/libawt.so
003d7000-003dd000 rw-p 00082000 08:01 171551     /usr/lib/jvm/java-6-openjdk/jre/lib/i386/libawt.so
003dd000-00402000 rw-p 00000000 00:00 0 
00402000-0041c000 r-xp 00000000 08:01 392082     /lib/libgcc_s.so.1
0041c000-0041d000 r--p 00019000 08:01 392082     /lib/libgcc_s.so.1
0041d000-0041e000 rw-p 0001a000 08:01 392082     /lib/libgcc_s.so.1
0041e000-0043d000 r-xp 00000000 08:01 133363     /usr/lib/libjpeg.so.62.0.0
0043d000-0043e000 r--p 0001e000 08:01 133363     /usr/lib/libjpeg.so.62.0.0
0043e000-0043f000 rw-p 0001f000 08:01 133363     /usr/lib/libjpeg.so.62.0.0
00441000-00459000 r-xp 00000000 08:01 133749     /usr/lib/libxcb.so.1.1.0
00459000-0045a000 r--p 00017000 08:01 133749     /usr/lib/libxcb.so.1.1.0
0045a000-0045b000 rw-p 00018000 08:01 133749     /usr/lib/libxcb.so.1.1.0
0045b000-0049f000 r-xp 00000000 08:01 171553     /usr/lib/jvm/java-6-openjdk/jre/lib/i386/libfontmanager.so
0049f000-004a1000 r--p 00043000 08:01 171553     /usr/lib/jvm/java-6-openjdk/jre/lib/i386/libfontmanager.so
004a1000-004a2000 rw-p 00045000 08:01 171553     /usr/lib/jvm/java-6-openjdk/jre/lib/i386/libfontmanager.so
004a2000-004a7000 rw-p 00000000 00:00 0 
004a7000-004b0000 r-xp 00000000 08:01 171564     /usr/lib/jvm/java-6-openjdk/jre/lib/i386/libjpeg.so
004b0000-004b1000 r--p 00008000 08:01 171564     /usr/lib/jvm/java-6-openjdk/jre/lib/i386/libjpeg.so
004b1000-004b2000 rw-p 00009000 08:01 171564     /usr/lib/jvm/java-6-openjdk/jre/lib/i386/libjpeg.so
004b2000-004ba000 r-xp 00000000 08:01 132794     /usr/lib/libXcursor.so.1.0.2
004ba000-004bb000 r--p 00007000 08:01 132794     /usr/lib/libXcursor.so.1.0.2
004bb000-004bc000 rw-p 00008000 08:01 132794     /usr/lib/libXcursor.so.1.0.2
004db000-004fd000 r-xp 00000000 08:01 171560     /usr/lib/jvm/java-6-openjdk/jre/lib/i386/libjava.so
004fd000-004fe000 r--p 00021000 08:01 171560     /usr/lib/jvm/java-6-openjdk/jre/lib/i386/libjava.so
004fe000-00500000 rw-p 00022000 08:01 171560     /usr/lib/jvm/java-6-openjdk/jre/lib/i386/libjava.so
00500000-00572000 r-xp 00000000 08:01 129893     /usr/lib/libfreetype.so.6.6.0
00572000-00576000 r--p 00071000 08:01 129893     /usr/lib/libfreetype.so.6.6.0
00576000-00577000 rw-p 00075000 08:01 129893     /usr/lib/libfreetype.so.6.6.0
00596000-0059d000 r-xp 00000000 08:01 154371     /usr/lib/libgif.so.4.1.6
0059d000-0059e000 r--p 00006000 08:01 154371     /usr/lib/libgif.so.4.1.6
0059e000-0059f000 rw-p 00007000 08:01 154371     /usr/lib/libgif.so.4.1.6
0060f000-00623000 r-xp 00000000 08:01 171570     /usr/lib/jvm/java-6-openjdk/jre/lib/i386/libnet.so
00623000-00624000 r--p 00013000 08:01 171570     /usr/lib/jvm/java-6-openjdk/jre/lib/i386/libnet.so
00624000-00625000 rw-p 00014000 08:01 171570     /usr/lib/jvm/java-6-openjdk/jre/lib/i386/libnet.so
00625000-0073e000 r-xp 00000000 08:01 132783     /usr/lib/libX11.so.6.3.0
0073e000-0073f000 r--p 00118000 08:01 132783     /usr/lib/libX11.so.6.3.0
0073f000-00741000 rw-p 00119000 08:01 132783     /usr/lib/libX11.so.6.3.0
00741000-00742000 rw-p 00000000 00:00 0 
007d2000-007e5000 r-xp 00000000 08:01 392197     /lib/libz.so.1.2.3.4
007e5000-007e6000 r--p 00012000 08:01 392197     /lib/libz.so.1.2.3.4
007e6000-007e7000 rw-p 00013000 08:01 392197     /lib/libz.so.1.2.3.4
007ff000-00803000 r-xp 00000000 08:01 132798     /usr/lib/libXdmcp.so.6.0.0
00803000-00804000 r--p 00003000 08:01 132798     /usr/lib/libXdmcp.so.6.0.0
00804000-00805000 rw-p 00004000 08:01 132798     /usr/lib/libXdmcp.so.6.0.0
00806000-00833000 r-xp 00000000 08:01 171567     /usr/lib/jvm/java-6-openjdk/jre/lib/i386/liblcms.so
00833000-00834000 r--p 0002c000 08:01 171567     /usr/lib/jvm/java-6-openjdk/jre/lib/i386/liblcms.so
00834000-00835000 rw-p 0002d000 08:01 171567     /usr/lib/jvm/java-6-openjdk/jre/lib/i386/liblcms.so
00835000-00837000 rw-p 00000000 00:00 0 
0093a000-00956000 r-xp 00000000 08:01 407759     /lib/ld-2.12.1.so
00956000-00957000 r--p 0001b000 08:01 407759     /lib/ld-2.12.1.so
00957000-00958000 rw-p 0001c000 08:01 407759     /lib/ld-2.12.1.so
0096e000-00970000 r-xp 00000000 08:01 407768     /lib/libdl-2.12.1.so
00970000-00971000 r--p 00001000 08:01 407768     /lib/libdl-2.12.1.so
00971000-00972000 rw-p 00002000 08:01 407768     /lib/libdl-2.12.1.so
00980000-00989000 r-xp 00000000 08:01 407778     /lib/libnss_nis-2.12.1.so
00989000-0098a000 r--p 00008000 08:01 407778     /lib/libnss_nis-2.12.1.so
0098a000-0098b000 rw-p 00009000 08:01 407778     /lib/libnss_nis-2.12.1.so
00a16000-00a1a000 r-xp 00000000 08:01 132802     /usr/lib/libXfixes.so.3.1.0
00a1a000-00a1b000 r--p 00003000 08:01 132802     /usr/lib/libXfixes.so.3.1.0
00a1b000-00a1c000 rw-p 00004000 08:01 132802     /usr/lib/libXfixes.so.3.1.0
00a6e000-00a6f000 r-xp 00000000 00:00 0          [vdso]
00a7d000-00a84000 r-xp 00000000 08:01 407786     /lib/librt-2.12.1.so
00a84000-00a85000 r--p 00006000 08:01 407786     /lib/librt-2.12.1.so
00a85000-00a86000 rw-p 00007000 08:01 407786     /lib/librt-2.12.1.so
00ad4000-00ae2000 r-xp 00000000 08:01 132800     /usr/lib/libXext.so.6.4.0
00ae2000-00ae3000 r--p 0000d000 08:01 132800     /usr/lib/libXext.so.6.4.0
00ae3000-00ae4000 rw-p 0000e000 08:01 132800     /usr/lib/libXext.so.6.4.0
00b3e000-00b45000 r-xp 00000000 08:01 171571     /usr/lib/jvm/java-6-openjdk/jre/lib/i386/libnio.so
00b45000-00b46000 r--p 00006000 08:01 171571     /usr/lib/jvm/java-6-openjdk/jre/lib/i386/libnio.so
00b46000-00b47000 rw-p 00007000 08:01 171571     /usr/lib/jvm/java-6-openjdk/jre/lib/i386/libnio.so
00bcb000-00bd3000 r-xp 00000000 08:01 132822     /usr/lib/libXrender.so.1.3.0
00bd3000-00bd4000 r--p 00007000 08:01 132822     /usr/lib/libXrender.so.1.3.0
00bd4000-00bd5000 rw-p 00008000 08:01 132822     /usr/lib/libXrender.so.1.3.0
00cc7000-00cea000 r-xp 00000000 08:01 392152     /lib/libpng12.so.0.44.0
00cea000-00ceb000 r--p 00022000 08:01 392152     /lib/libpng12.so.0.44.0
00ceb000-00cec000 rw-p 00023000 08:01 392152     /lib/libpng12.so.0.44.0
00d09000-00d0f000 r-xp 00000000 08:01 407773     /lib/libnss_compat-2.12.1.so
00d0f000-00d10000 r--p 00006000 08:01 407773     /lib/libnss_compat-2.12.1.so
00d10000-00d11000 rw-p 00007000 08:01 407773     /lib/libnss_compat-2.12.1.so
00d11000-00d1b000 r-xp 00000000 08:01 407775     /lib/libnss_files-2.12.1.so
00d1b000-00d1c000 r--p 00009000 08:01 407775     /lib/libnss_files-2.12.1.so
00d1c000-00d1d000 rw-p 0000a000 08:01 407775     /lib/libnss_files-2.12.1.so
00d48000-00d4b000 r-xp 00000000 08:01 171548     /usr/lib/jvm/java-6-openjdk/jre/lib/i386/jli/libjli.so
00d4b000-00d4c000 r--p 00002000 08:01 171548     /usr/lib/jvm/java-6-openjdk/jre/lib/i386/jli/libjli.so
00d4c000-00d4d000 rw-p 00003000 08:01 171548     /usr/lib/jvm/java-6-openjdk/jre/lib/i386/jli/libjli.so
00d4d000-01194000 r-xp 00000000 08:01 171543     /usr/lib/jvm/java-6-openjdk/jre/lib/i386/client/libjvm.so
01194000-011ab000 r--p 00447000 08:01 171543     /usr/lib/jvm/java-6-openjdk/jre/lib/i386/client/libjvm.so
011ab000-011b8000 rw-p 0045e000 08:01 171543     /usr/lib/jvm/java-6-openjdk/jre/lib/i386/client/libjvm.so
011b8000-015d4000 rw-p 00000000 00:00 0 
08048000-08051000 r-xp 00000000 08:01 171609     /usr/lib/jvm/java-6-openjdk/jre/bin/java
08051000-08052000 r--p 00008000 08:01 171609     /usr/lib/jvm/java-6-openjdk/jre/bin/java
08052000-08053000 rw-p 00009000 08:01 171609     /usr/lib/jvm/java-6-openjdk/jre/bin/java
0891c000-08aee000 rw-p 00000000 00:00 0          [heap]
6dfc0000-6ea60000 rw-p 00000000 00:00 0 
6ea60000-765c0000 rw-p 00000000 00:00 0 
765c0000-77b20000 rw-p 00000000 00:00 0 
77b20000-871c0000 rw-p 00000000 00:00 0 
871c0000-891c0000 rw-p 00000000 00:00 0 
891c0000-939c0000 rw-p 00000000 00:00 0 
939c0000-94117000 r--s 00001000 08:01 175415     /usr/lib/jvm/java-6-openjdk/jre/lib/i386/client/classes.jsa
94117000-943c0000 rw-p 00000000 00:00 0 
943c0000-94b00000 rw-p 00758000 08:01 175415     /usr/lib/jvm/java-6-openjdk/jre/lib/i386/client/classes.jsa
94b00000-94fc0000 rw-p 00000000 00:00 0 
94fc0000-950bb000 rw-p 00e98000 08:01 175415     /usr/lib/jvm/java-6-openjdk/jre/lib/i386/client/classes.jsa
950bb000-953c0000 rw-p 00000000 00:00 0 
953c0000-953c8000 r-xs 00f93000 08:01 175415     /usr/lib/jvm/java-6-openjdk/jre/lib/i386/client/classes.jsa
953c8000-957c0000 rw-p 00000000 00:00 0 
b1075000-b1100000 rw-s 00000000 00:04 393225     /SYSV00000000 (deleted)
b1100000-b1164000 rw-p 00000000 00:00 0 
b1164000-b1200000 ---p 00000000 00:00 0 
b121c000-b12fd000 r--s 00000000 08:01 175635     /home/gxx/.netbeans/6.9/var/cache/all-layers.dat
b12fd000-b1300000 ---p 00000000 00:00 0 
b1300000-b14fe000 rw-p 00000000 00:00 0 
b14fe000-b1501000 ---p 00000000 00:00 0 
b1501000-b16ff000 rw-p 00000000 00:00 0 
b16ff000-b1702000 ---p 00000000 00:00 0 
b1702000-b1900000 rw-p 00000000 00:00 0 
b1900000-b19c2000 rw-p 00000000 00:00 0 
b19c2000-b1a00000 ---p 00000000 00:00 0 
b1a17000-b1a1b000 rw-s 00000000 00:04 360458     /SYSV00000000 (deleted)
b1a4a000-b1a4b000 r--p 00000000 00:00 0 
b1a4b000-b1a51000 r--s 000fc000 08:01 171066     /usr/lib/jvm/java-6-openjdk/jre/lib/resources.jar
b1a51000-b1a52000 r--s 00000000 08:01 158402     /var/cache/fontconfig/c05880de57d1f5e948fdfacc138775d9-le32d4.cache-3
b1a52000-b1a58000 r--s 00000000 08:01 158399     /var/cache/fontconfig/945677eb7aeaf62f1d50efc3fb3ec7d8-le32d4.cache-3
b1a58000-b1a5a000 r--s 00000000 08:01 158400     /var/cache/fontconfig/99e8ed0e538f840c565b6ed5dad60d56-le32d4.cache-3
b1a5a000-b1a5d000 r--s 00000000 08:01 158409     /var/cache/fontconfig/e383d7ea5fbe662a33d9b44caf393297-le32d4.cache-3
b1a5d000-b1a60000 r--s 00000000 08:01 137787     /var/cache/fontconfig/2cd17615ca594fa2959ae173292e504c-le32d4.cache-3
b1a60000-b1a61000 r--s 00000000 08:01 158410     /var/cache/fontconfig/e7071f4a29fa870f4323321c154eba04-le32d4.cache-3
b1a61000-b1a64000 r--s 00000000 08:01 158396     /var/cache/fontconfig/6eb3985aa4124903f6ff08ba781cd364-le32d4.cache-3
b1a64000-b1a65000 r--s 00000000 08:01 158392     /var/cache/fontconfig/4c73fe0c47614734b17d736dbde7580a-le32d4.cache-3
b1a65000-b1a66000 r--s 00000000 08:01 158385     /var/cache/fontconfig/0d8c3b2ac0904cb8a57a757ad11a4a08-le32d4.cache-3
b1a66000-b1a67000 r--s 00000000 08:01 158394     /var/cache/fontconfig/6a53c69dea097a2d716e069445527da8-le32d4.cache-3
b1a67000-b1a6b000 r--s 00000000 08:01 158401     /var/cache/fontconfig/a755afe4a08bf5b97852ceb7400b47bc-le32d4.cache-3
b1a6b000-b1a72000 r--s 00000000 08:01 175402     /var/cache/fontconfig/6d41288fd70b0be22e8c3a91e032eec0-le32d4.cache-3
b1a72000-b1a7d000 r--s 00000000 08:01 158386     /var/cache/fontconfig/0f34bcd4b6ee430af32735b75db7f02b-le32d4.cache-3
b1a7d000-b1a80000 r--s 00000000 08:01 158406     /var/cache/fontconfig/d60319d88cac85ba9e1a07bd06cfbb8c-le32d4.cache-3
b1a80000-b1a81000 r--s 00000000 08:01 137786     /var/cache/fontconfig/4794a0821666d79190d59a36cb4f44b5-le32d4.cache-3
b1a81000-b1a89000 r--s 00000000 08:01 158405     /var/cache/fontconfig/d52a8644073d54c13679302ca1180695-le32d4.cache-3
b1a89000-b1a8b000 r--s 00000000 08:01 137784     /var/cache/fontconfig/e13b20fdb08344e0e664864cc2ede53d-le32d4.cache-3
b1a8b000-b1a8e000 r--s 00000000 08:01 158398     /var/cache/fontconfig/7ef2298fde41cc6eeb7af42e48b7d293-le32d4.cache-3
b1a8e000-b1a8f000 r--s 00000000 08:01 158402     /var/cache/fontconfig/c05880de57d1f5e948fdfacc138775d9-le32d4.cache-3
b1a8f000-b1a95000 r--s 00000000 08:01 158399     /var/cache/fontconfig/945677eb7aeaf62f1d50efc3fb3ec7d8-le32d4.cache-3
b1a95000-b1a97000 r--s 00000000 08:01 158400     /var/cache/fontconfig/99e8ed0e538f840c565b6ed5dad60d56-le32d4.cache-3
b1a97000-b1a9a000 r--s 00000000 08:01 158409     /var/cache/fontconfig/e383d7ea5fbe662a33d9b44caf393297-le32d4.cache-3
b1a9a000-b1a9d000 r--s 00000000 08:01 137787     /var/cache/fontconfig/2cd17615ca594fa2959ae173292e504c-le32d4.cache-3
b1a9d000-b1a9e000 r--s 00000000 08:01 158410     /var/cache/fontconfig/e7071f4a29fa870f4323321c154eba04-le32d4.cache-3
b1a9e000-b1aa1000 r--s 00000000 08:01 158396     /var/cache/fontconfig/6eb3985aa4124903f6ff08ba781cd364-le32d4.cache-3
b1aa1000-b1aa2000 r--s 00000000 08:01 158392     /var/cache/fontconfig/4c73fe0c47614734b17d736dbde7580a-le32d4.cache-3
b1aa2000-b1aa3000 r--s 00000000 08:01 158385     /var/cache/fontconfig/0d8c3b2ac0904cb8a57a757ad11a4a08-le32d4.cache-3
b1aa3000-b1aa4000 r--s 00000000 08:01 158394     /var/cache/fontconfig/6a53c69dea097a2d716e069445527da8-le32d4.cache-3
b1aa4000-b1aa8000 r--s 00000000 08:01 158401     /var/cache/fontconfig/a755afe4a08bf5b97852ceb7400b47bc-le32d4.cache-3
b1aa8000-b1aaf000 r--s 00000000 08:01 175402     /var/cache/fontconfig/6d41288fd70b0be22e8c3a91e032eec0-le32d4.cache-3
b1aaf000-b1aba000 r--s 00000000 08:01 158386     /var/cache/fontconfig/0f34bcd4b6ee430af32735b75db7f02b-le32d4.cache-3
b1aba000-b1abd000 r--s 00000000 08:01 158406     /var/cache/fontconfig/d60319d88cac85ba9e1a07bd06cfbb8c-le32d4.cache-3
b1abd000-b1abe000 r--s 00000000 08:01 137786     /var/cache/fontconfig/4794a0821666d79190d59a36cb4f44b5-le32d4.cache-3
b1abe000-b1ac6000 r--s 00000000 08:01 158405     /var/cache/fontconfig/d52a8644073d54c13679302ca1180695-le32d4.cache-3
b1ac6000-b1ac8000 r--s 00000000 08:01 137784     /var/cache/fontconfig/e13b20fdb08344e0e664864cc2ede53d-le32d4.cache-3
b1ac8000-b1acb000 ---p 00000000 00:00 0 
b1acb000-b1cc9000 rw-p 00000000 00:00 0 
b1cc9000-b1ccc000 ---p 00000000 00:00 0 
b1ccc000-b1eca000 rw-p 00000000 00:00 0 
b1eca000-b1ecd000 ---p 00000000 00:00 0 
b1ecd000-b20cb000 rw-p 00000000 00:00 0 
b20cb000-b20ce000 ---p 00000000 00:00 0 
b20ce000-b4116000 rw-p 00000000 00:00 0 
b4116000-b4175000 r--s 00d86000 08:01 171891     /usr/lib/jvm/java-6-openjdk/lib/tools.jar
b4175000-b417b000 r--s 0001f000 08:01 171895     /usr/lib/jvm/java-6-openjdk/lib/dt.jar
b417b000-b417e000 ---p 00000000 00:00 0 
b417e000-b437c000 rw-p 00000000 00:00 0 
b437c000-b437f000 ---p 00000000 00:00 0 
b437f000-b457d000 rw-p 00000000 00:00 0 
b457d000-b457e000 ---p 00000000 00:00 0 
b457e000-b45fe000 rw-p 00000000 00:00 0 
b45fe000-b4601000 ---p 00000000 00:00 0 
b4601000-b47ff000 rw-p 00000000 00:00 0 
b47ff000-b4802000 ---p 00000000 00:00 0 
b4802000-b4a00000 rw-p 00000000 00:00 0 
b4a00000-b4c00000 r--p 00000000 08:01 132369     /usr/lib/locale/locale-archive
b4c00000-b4ce2000 rw-p 00000000 00:00 0 
b4ce2000-b4d00000 ---p 00000000 00:00 0 
b4d00000-b4d03000 r--s 00000000 08:01 158398     /var/cache/fontconfig/7ef2298fde41cc6eeb7af42e48b7d293-le32d4.cache-3
b4d03000-b4d04000 r--s 00001000 08:01 173191     /usr/share/netbeans/platform12/lib/locale/org-openide-util_zh_CN.jar
b4d04000-b4d05000 r--s 00001000 08:01 173195     /usr/share/netbeans/platform12/lib/locale/org-openide-util_pt_BR.jar
b4d05000-b4d06000 r--s 00000000 08:01 173190     /usr/share/netbeans/platform12/lib/locale/org-openide-util-lookup_zh_CN.jar
b4d06000-b4d07000 r--s 00000000 08:01 173194     /usr/share/netbeans/platform12/lib/locale/org-openide-util-lookup_pt_BR.jar
b4d07000-b4d08000 r--s 00000000 08:01 173186     /usr/share/netbeans/platform12/lib/locale/org-openide-util-lookup_ja.jar
b4d08000-b4d09000 r--s 00001000 08:01 173187     /usr/share/netbeans/platform12/lib/locale/org-openide-util_ja.jar
b4d09000-b4d0a000 r--s 00000000 08:01 173189     /usr/share/netbeans/platform12/lib/locale/org-openide-modules_zh_CN.jar
b4d0a000-b4d0b000 r--s 00000000 08:01 173193     /usr/share/netbeans/platform12/lib/locale/org-openide-modules_pt_BR.jar
b4d0b000-b4d0c000 r--s 00000000 08:01 173185     /usr/share/netbeans/platform12/lib/locale/org-openide-modules_ja.jar
b4d0c000-b4d0d000 r--s 00000000 08:01 173188     /usr/share/netbeans/platform12/lib/locale/boot_zh_CN.jar
b4d0d000-b4d0e000 r--s 00000000 08:01 173192     /usr/share/netbeans/platform12/lib/locale/boot_pt_BR.jar
b4d0e000-b4d0f000 r--s 00000000 08:01 175285     /usr/share/netbeans/6.9/nb/core/locale/core_nb_pt_BR.jar
b4d0f000-b4d10000 r--s 00000000 08:01 175281     /usr/share/netbeans/6.9/nb/core/locale/core_nb_ja.jar
b4d10000-b4d11000 r--s 00000000 08:01 175282     /usr/share/netbeans/6.9/nb/core/locale/org-netbeans-upgrader_ja.jar
b4d11000-b4d12000 r--s 00000000 08:01 175284     /usr/share/netbeans/6.9/nb/core/locale/org-netbeans-upgrader_zh_CN.jar
b4d12000-b4d13000 r--s 00000000 08:01 175283     /usr/share/netbeans/6.9/nb/core/locale/core_nb_zh_CN.jar
b4d13000-b4d14000 r--s 00045000 08:01 175280     /usr/share/netbeans/6.9/nb/core/locale/core_nb.jar
b4d14000-b4d15000 r--s 00000000 08:01 175286     /usr/share/netbeans/6.9/nb/core/locale/org-netbeans-upgrader_pt_BR.jar
b4d15000-b4d18000 r--s 0003b000 08:01 175287     /usr/share/netbeans/6.9/nb/core/org-netbeans-upgrader.jar
b4d18000-b4d19000 r--s 00001000 08:01 173175     /usr/share/netbeans/platform12/core/locale/core_pt_BR.jar
b4d19000-b4d1a000 r--s 00001000 08:01 173171     /usr/share/netbeans/platform12/core/locale/core_ja.jar
b4d1a000-b4d1b000 r--s 00001000 08:01 173173     /usr/share/netbeans/platform12/core/locale/core_zh_CN.jar
b4d1b000-b4d1c000 r--s 00001000 08:01 173174     /usr/share/netbeans/platform12/core/locale/org-openide-filesystems_zh_CN.jar
b4d1c000-b4d1d000 r--s 00001000 08:01 173176     /usr/share/netbeans/platform12/core/locale/org-openide-filesystems_pt_BR.jar
b4d1d000-b4d1e000 r--s 00001000 08:01 173172     /usr/share/netbeans/platform12/core/locale/org-openide-filesystems_ja.jar
b4d1e000-b4d23000 r--s 00093000 08:01 173169     /usr/share/netbeans/platform12/core/core.jar
b4d23000-b4d2a000 r--s 00099000 08:01 173168     /usr/share/netbeans/platform12/core/org-openide-filesystems.jar
b4d2a000-b4d2d000 r--s 00033000 08:01 173178     /usr/share/netbeans/platform12/lib/org-openide-util-lookup.jar
b4d2d000-b4d33000 r--s 00074000 08:01 173179     /usr/share/netbeans/platform12/lib/org-openide-util.jar
b4d33000-b4d35000 r--s 00006000 08:01 173180     /usr/share/netbeans/platform12/lib/org-openide-modules.jar
b4d35000-b4d38000 r--s 0003f000 08:01 173181     /usr/share/netbeans/platform12/lib/boot.jar
b4d38000-b4d40000 r--s 00053000 08:01 308686     /usr/share/java/log4j-1.2-1.2.15.jar
b4d40000-b4d48000 r--s 00066000 08:01 304357     /usr/share/java/gnome-java-bridge.jar
b4d48000-b4d4b000 ---p 00000000 00:00 0 
b4d4b000-b4dc9000 rw-p 00000000 00:00 0 
b4dc9000-b4dcc000 ---p 00000000 00:00 0 
b4dcc000-b4fca000 rw-p 00000000 00:00 0 
b4fca000-b4fcd000 ---p 00000000 00:00 0 
b4fcd000-b51cb000 rw-p 00000000 00:00 0 
b51cb000-b51cc000 ---p 00000000 00:00 0 
b51cc000-b524c000 rw-p 00000000 00:00 0 
b524c000-b524e000 r--s 0001d000 08:01 171065     /usr/lib/jvm/java-6-openjdk/jre/lib/plugin.jar
b524e000-b5253000 r--s 00044000 08:01 171064     /usr/lib/jvm/java-6-openjdk/jre/lib/netx.jar
b5253000-b5285000 rw-p 00000000 00:00 0 
b5285000-b5414000 r--s 038bb000 08:01 171540     /usr/lib/jvm/java-6-openjdk/jre/lib/rt.jar
b5414000-b5432000 rw-p 00000000 00:00 0 
b5432000-b5486000 rw-p 00000000 00:00 0 
b5486000-b5491000 rw-p 00000000 00:00 0 
b5491000-b550d000 rw-p 00000000 00:00 0 
b550d000-b5513000 rw-p 00000000 00:00 0 
b5513000-b5550000 rw-p 00000000 00:00 0 
b5550000-b555b000 rw-p 00000000 00:00 0 
b555b000-b55d6000 rw-p 00000000 00:00 0 
b55d6000-b55e6000 rw-p 00000000 00:00 0 
b55e6000-b563a000 rw-p 00000000 00:00 0 
b563a000-b564b000 rw-p 00000000 00:00 0 
b564b000-b56c6000 rw-p 00000000 00:00 0 
b56c6000-b57ce000 rwxp 00000000 00:00 0 
b57ce000-b76c6000 rw-p 00000000 00:00 0 
b76c6000-b76c9000 ---p 00000000 00:00 0 
b76c9000-b78ca000 rw-p 00000000 00:00 0 
b78ca000-b78cb000 r--s 00000000 08:01 173184     /usr/share/netbeans/platform12/lib/locale/boot_ja.jar
b78cb000-b78ce000 r--s 0000f000 08:01 171046     /usr/lib/jvm/java-6-openjdk/jre/lib/ext/pulse-java.jar
b78ce000-b78cf000 r--p 002a1000 08:01 132369     /usr/lib/locale/locale-archive
b78cf000-b78d7000 rw-s 00000000 08:01 22052      /tmp/hsperfdata_gxx/3430
b78d7000-b78d8000 rw-p 00000000 00:00 0 
b78d8000-b78d9000 r--p 00000000 00:00 0 
b78d9000-b78db000 rw-p 00000000 00:00 0 
bf9ac000-bf9ce000 rw-p 00000000 00:00 0          [stack]

VM Arguments:
jvm_args: -Djdk.home=/usr/lib/jvm/java-6-openjdk -Djava.library.path=/usr/lib/jni -Dnetbeans.system_http_proxy=DIRECT -Dnetbeans.system_http_non_proxy_hosts= -Dnetbeans.dirs=/usr/share/netbeans/6.9/nb:/usr/share/netbeans/6.9/bin/../ergonomics:/usr/share/netbeans/6.9/ide:/usr/share/netbeans/6.9/java:/usr/share/netbeans/6.9/bin/../xml:/usr/share/netbeans/6.9/apisupport:/usr/share/netbeans/6.9/bin/../webcommon:/usr/share/netbeans/6.9/bin/../websvccommon:/usr/share/netbeans/6.9/bin/../enterprise:/usr/share/netbeans/6.9/bin/../mobility:/usr/share/netbeans/6.9/bin/../profiler:/usr/share/netbeans/6.9/bin/../ruby:/usr/share/netbeans/6.9/bin/../python:/usr/share/netbeans/6.9/bin/../php:/usr/share/netbeans/6.9/bin/../visualweb:/usr/share/netbeans/6.9/bin/../soa:/usr/share/netbeans/6.9/bin/../identity:/usr/share/netbeans/6.9/bin/../uml:/usr/share/netbeans/6.9/harness:/usr/share/netbeans/6.9/bin/../cnd:/usr/share/netbeans/6.9/bin/../dlight:/usr/share/netbeans/6.9/bin/../groovy:/usr/share/netbeans/6.9/bin/../extra:/usr/share/netbeans/6.9/bin/../javafx:/usr/share/netbeans/6.9/bin/../javacard: -Dnetbeans.home=/usr/share/netbeans/6.9/platform -Dnetbeans.importclass=org.netbeans.upgrade.AutoUpgrade -Xmx402m -Xss2m -Xms32m -XX:PermSize=32m -XX:MaxPermSize=200m -Dapple.laf.useScreenMenuBar=true -Dsun.java2d.noddraw=true -Dsun.java2d.pmoffscreen=false -XX:+HeapDumpOnOutOfMemoryError -XX:HeapDumpPath=/home/gxx/.netbeans/6.9/var/log/heapdump.hprof 
java_command: org.netbeans.Main --userdir /home/gxx/.netbeans/6.9 --branding nb
Launcher Type: SUN_STANDARD

Environment Variables:
PATH=/usr/local/sbin:/usr/local/bin:/usr/sbin:/usr/bin:/sbin:/bin:/usr/games:/var/lib/gems/1.8/bin
USERNAME=gxx
LD_LIBRARY_PATH=/usr/lib/jvm/java-6-openjdk/jre/lib/i386/client:/usr/lib/jvm/java-6-openjdk/jre/lib/i386:/usr/lib/jvm/java-6-openjdk/jre/../lib/i386
SHELL=/bin/bash
DISPLAY=:0.0

Signal Handlers:
SIGSEGV: [libjvm.so+0x3df4f0], sa_mask[0]=0x7ffbfeff, sa_flags=0x10000004
SIGBUS: [libjvm.so+0x3df4f0], sa_mask[0]=0x7ffbfeff, sa_flags=0x10000004
SIGFPE: [libjvm.so+0x3055c0], sa_mask[0]=0x7ffbfeff, sa_flags=0x10000004
SIGPIPE: [libjvm.so+0x3055c0], sa_mask[0]=0x7ffbfeff, sa_flags=0x10000004
SIGXFSZ: [libjvm.so+0x3055c0], sa_mask[0]=0x7ffbfeff, sa_flags=0x10000004
SIGILL: [libjvm.so+0x3055c0], sa_mask[0]=0x7ffbfeff, sa_flags=0x10000004
SIGUSR1: SIG_DFL, sa_mask[0]=0x00000000, sa_flags=0x00000000
SIGUSR2: [libjvm.so+0x304c70], sa_mask[0]=0x00000000, sa_flags=0x10000004
SIGHUP: [libjvm.so+0x3077e0], sa_mask[0]=0x7ffbfeff, sa_flags=0x10000004
SIGINT: SIG_IGN, sa_mask[0]=0x00000000, sa_flags=0x00000000
SIGTERM: [libjvm.so+0x3077e0], sa_mask[0]=0x7ffbfeff, sa_flags=0x10000004
SIGQUIT: [libjvm.so+0x3077e0], sa_mask[0]=0x7ffbfeff, sa_flags=0x10000004


---------------  S Y S T E M  ---------------

OS:Ubuntu 10.10 (maverick)
uname:Linux 2.6.35-25-generic #44-Ubuntu SMP Fri Jan 21 17:40:48 UTC 2011 i686
libc:glibc 2.12.1 NPTL 2.12.1 
rlimit: STACK 8192k, CORE 0k, NPROC infinity, NOFILE 1024, AS infinity
load average:0.47 0.36 0.18

/proc/meminfo:
MemTotal:        2060872 kB
MemFree:          836988 kB
Buffers:          232724 kB
Cached:           313000 kB
SwapCached:            0 kB
Active:           768412 kB
Inactive:         367328 kB
Active(anon):     591332 kB
Inactive(anon):     2396 kB
Active(file):     177080 kB
Inactive(file):   364932 kB
Unevictable:          16 kB
Mlocked:              16 kB
HighTotal:       1187784 kB
HighFree:         276632 kB
LowTotal:         873088 kB
LowFree:          560356 kB
SwapTotal:        492540 kB
SwapFree:         492540 kB
Dirty:                44 kB
Writeback:             0 kB
AnonPages:        590156 kB
Mapped:            82456 kB
Shmem:              3516 kB
Slab:              71728 kB
SReclaimable:      62156 kB
SUnreclaim:         9572 kB
KernelStack:        2568 kB
PageTables:         6236 kB
NFS_Unstable:          0 kB
Bounce:                0 kB
WritebackTmp:          0 kB
CommitLimit:     1522976 kB
Committed_AS:    1775232 kB
VmallocTotal:     122880 kB
VmallocUsed:        6120 kB
VmallocChunk:     111388 kB
HardwareCorrupted:     0 kB
HugePages_Total:       0
HugePages_Free:        0
HugePages_Rsvd:        0
HugePages_Surp:        0
Hugepagesize:       4096 kB
DirectMap4k:       20472 kB
DirectMap4M:      888832 kB


CPU:total 2 (2 cores per cpu, 1 threads per core) family 6 model 23 stepping 6, cmov, cx8, fxsr, mmx, sse, sse2, sse3, ssse3, sse4.1

Memory: 4k page, physical 2060872k(836988k free), swap 492540k(492540k free)

vm_info: OpenJDK Client VM (19.0-b09) for linux-x86 JRE (1.6.0_20-b20), built on Jan 27 2011 22:47:50 by "buildd" with gcc 4.4.5

time: Thu Nov 15 09:25:49 2012
elapsed time: 3 seconds

